This file contains any messages produced by compilers while
running configure, to aid debugging if configure makes a mistake.

It was created by configure, which was
generated by GNU Autoconf 2.63.  Invocation command line was

  $ ./configure --prefix=/home/data/pdrezet/workspace/LUCID_MERGE_PATRICKS/INX/comp-lib-support/inx_build_scripts/placeholder/placeholder/../../../target_libs/i486-linux-gnu/build

## --------- ##
## Platform. ##
## --------- ##

hostname = inx-laptop1-linux
uname -m = i686
uname -r = 2.6.24-27-generic
uname -s = Linux
uname -v = #1 SMP Fri Mar 12 01:10:31 UTC 2010

/usr/bin/uname -p = unknown
/bin/uname -X     = unknown

/bin/arch              = unknown
/usr/bin/arch -k       = unknown
/usr/convex/getsysinfo = unknown
/usr/bin/hostinfo      = unknown
/bin/machine           = unknown
/usr/bin/oslevel       = unknown
/bin/universe          = unknown

PATH: /home/data/pdrezet/workspace/LUCID_MERGE_PATRICKS/INX/comp-lib-support/inx_build_scripts/placeholder/placeholder/../../../target_libs/linux_x86/build/bin
PATH: /usr/local/sbin
PATH: /usr/local/bin
PATH: /usr/sbin
PATH: /usr/bin
PATH: /sbin
PATH: /bin
PATH: /usr/games
PATH: /opt/real/RealPlayer


## ----------- ##
## Core tests. ##
## ----------- ##

configure:2213: checking existing, conflicting JACK installs

## ---------------- ##
## Cache variables. ##
## ---------------- ##

ac_cv_env_ALSA_CFLAGS_set=
ac_cv_env_ALSA_CFLAGS_value=
ac_cv_env_ALSA_LIBS_set=
ac_cv_env_ALSA_LIBS_value=
ac_cv_env_CCC_set=
ac_cv_env_CCC_value=
ac_cv_env_CC_set=
ac_cv_env_CC_value=
ac_cv_env_CELT_CFLAGS_set=
ac_cv_env_CELT_CFLAGS_value=
ac_cv_env_CELT_LIBS_set=
ac_cv_env_CELT_LIBS_value=
ac_cv_env_CFLAGS_set=
ac_cv_env_CFLAGS_value=
ac_cv_env_CPPFLAGS_set=
ac_cv_env_CPPFLAGS_value=
ac_cv_env_CPP_set=
ac_cv_env_CPP_value=
ac_cv_env_CXXCPP_set=
ac_cv_env_CXXCPP_value=
ac_cv_env_CXXFLAGS_set=
ac_cv_env_CXXFLAGS_value=
ac_cv_env_CXX_set=
ac_cv_env_CXX_value=
ac_cv_env_F77_set=
ac_cv_env_F77_value=
ac_cv_env_FFLAGS_set=
ac_cv_env_FFLAGS_value=
ac_cv_env_LDFLAGS_set=
ac_cv_env_LDFLAGS_value=
ac_cv_env_LIBFFADO_CFLAGS_set=
ac_cv_env_LIBFFADO_CFLAGS_value=
ac_cv_env_LIBFFADO_LIBS_set=
ac_cv_env_LIBFFADO_LIBS_value=
ac_cv_env_LIBFREEBOB_CFLAGS_set=
ac_cv_env_LIBFREEBOB_CFLAGS_value=
ac_cv_env_LIBFREEBOB_LIBS_set=
ac_cv_env_LIBFREEBOB_LIBS_value=
ac_cv_env_LIBS_set=
ac_cv_env_LIBS_value=
ac_cv_env_PKG_CONFIG_set=
ac_cv_env_PKG_CONFIG_value=
ac_cv_env_SAMPLERATE_CFLAGS_set=
ac_cv_env_SAMPLERATE_CFLAGS_value=
ac_cv_env_SAMPLERATE_LIBS_set=
ac_cv_env_SAMPLERATE_LIBS_value=
ac_cv_env_SNDFILE_CFLAGS_set=
ac_cv_env_SNDFILE_CFLAGS_value=
ac_cv_env_SNDFILE_LIBS_set=
ac_cv_env_SNDFILE_LIBS_value=
ac_cv_env_build_alias_set=
ac_cv_env_build_alias_value=
ac_cv_env_host_alias_set=
ac_cv_env_host_alias_value=
ac_cv_env_target_alias_set=
ac_cv_env_target_alias_value=

## ----------------- ##
## Output variables. ##
## ----------------- ##

ACLOCAL=''
ADDON_DIR=''
ALSA_CFLAGS=''
ALSA_LIBS=''
AMDEPBACKSLASH=''
AMDEP_FALSE=''
AMDEP_TRUE=''
AMTAR=''
AR=''
AUTOCONF=''
AUTOHEADER=''
AUTOMAKE=''
AWK=''
CC=''
CCDEPMODE=''
CELT_CFLAGS=''
CELT_LIBS=''
CFLAGS=''
CPP=''
CPPFLAGS=''
CXX=''
CXXCPP=''
CXXDEPMODE=''
CXXFLAGS=''
CYGPATH_W=''
DEFAULT_TMP_DIR=''
DEFS=''
DEPDIR=''
DSYMUTIL=''
ECHO='echo'
ECHO_C=''
ECHO_N='-n'
ECHO_T=''
EGREP=''
EXEEXT=''
F77=''
FFLAGS=''
GREP=''
HAVE_ALSA_FALSE=''
HAVE_ALSA_MIDI_FALSE=''
HAVE_ALSA_MIDI_TRUE=''
HAVE_ALSA_TRUE=''
HAVE_CAPABILITIES=''
HAVE_CELT_FALSE=''
HAVE_CELT_TRUE=''
HAVE_COREAUDIO_FALSE=''
HAVE_COREAUDIO_TRUE=''
HAVE_DOXYGEN=''
HAVE_DOXYGEN_FALSE=''
HAVE_DOXYGEN_TRUE=''
HAVE_FIREWIRE_FALSE=''
HAVE_FIREWIRE_TRUE=''
HAVE_FREEBOB_FALSE=''
HAVE_FREEBOB_TRUE=''
HAVE_OSS_FALSE=''
HAVE_OSS_TRUE=''
HAVE_PA_FALSE=''
HAVE_PA_TRUE=''
HAVE_PPOLL_FALSE=''
HAVE_PPOLL_TRUE=''
HAVE_READLINE_FALSE=''
HAVE_READLINE_TRUE=''
HAVE_SAMPLERATE_FALSE=''
HAVE_SAMPLERATE_TRUE=''
HAVE_SNDFILE_FALSE=''
HAVE_SNDFILE_TRUE=''
HAVE_SUN_FALSE=''
HAVE_SUN_TRUE=''
HTML_DIR=''
INSTALL_DATA=''
INSTALL_PROGRAM=''
INSTALL_SCRIPT=''
INSTALL_STRIP_PROGRAM=''
JACK_API_MAJOR_VERSION=''
JACK_API_MICRO_VERSION=''
JACK_API_MINOR_VERSION=''
JACK_CFLAGS=''
JACK_CORE_CFLAGS=''
JACK_MAJOR_VERSION=''
JACK_MICRO_VERSION=''
JACK_MINOR_VERSION=''
JACK_PROTOCOL_VERSION=''
JACK_RELEASE=''
JACK_SEMAPHORE_KEY=''
JACK_SO_VERSION=''
JACK_VERSION=''
LDFLAGS=''
LIBFFADO_CFLAGS=''
LIBFFADO_LIBS=''
LIBFREEBOB_CFLAGS=''
LIBFREEBOB_LIBS=''
LIBOBJS=''
LIBS=''
LIBTOOL=''
LN_S=''
LTLIBOBJS=''
MAKEINFO=''
MKDIR_P=''
NETJACK_CFLAGS=''
NETJACK_LIBS=''
NMEDIT=''
OBJEXT=''
OS_LDFLAGS=''
PACKAGE=''
PACKAGE_BUGREPORT=''
PACKAGE_NAME=''
PACKAGE_STRING=''
PACKAGE_TARNAME=''
PACKAGE_VERSION=''
PATH_SEPARATOR=':'
PA_LIBS=''
PKG_CONFIG=''
RANLIB=''
READLINE_DEPS=''
SAMPLERATE_CFLAGS=''
SAMPLERATE_LIBS=''
SED=''
SET_MAKE=''
SHELL='/bin/sh'
SIMD_CFLAGS=''
SNDFILE_CFLAGS=''
SNDFILE_LIBS=''
STRIP=''
STRIPPED_JACKD_FALSE=''
STRIPPED_JACKD_TRUE=''
USE_CAPABILITIES_FALSE=''
USE_CAPABILITIES_TRUE=''
USE_POSIX_SHM_FALSE=''
USE_POSIX_SHM_TRUE=''
VERSION=''
ac_ct_CC=''
ac_ct_CXX=''
ac_ct_F77=''
am__EXEEXT_FALSE=''
am__EXEEXT_TRUE=''
am__fastdepCC_FALSE=''
am__fastdepCC_TRUE=''
am__fastdepCXX_FALSE=''
am__fastdepCXX_TRUE=''
am__include=''
am__isrc=''
am__leading_dot=''
am__quote=''
am__tar=''
am__untar=''
bindir='${exec_prefix}/bin'
build=''
build_alias=''
build_cpu=''
build_os=''
build_vendor=''
datadir='${datarootdir}'
datarootdir='${prefix}/share'
docdir='${datarootdir}/doc/${PACKAGE}'
dvidir='${docdir}'
exec_prefix='NONE'
host=''
host_alias=''
host_cpu=''
host_os=''
host_vendor=''
htmldir='${docdir}'
includedir='${prefix}/include'
infodir='${datarootdir}/info'
install_sh=''
libdir='${exec_prefix}/lib'
libexecdir='${exec_prefix}/libexec'
localedir='${datarootdir}/locale'
localstatedir='${prefix}/var'
mandir='${datarootdir}/man'
mkdir_p=''
oldincludedir='/usr/include'
pdfdir='${docdir}'
prefix='/home/data/pdrezet/workspace/LUCID_MERGE_PATRICKS/INX/comp-lib-support/inx_build_scripts/placeholder/placeholder/../../../target_libs/i486-linux-gnu/build'
program_transform_name='s,x,x,'
psdir='${docdir}'
sbindir='${exec_prefix}/sbin'
sharedstatedir='${prefix}/com'
sysconfdir='${prefix}/etc'
target=''
target_alias=''
target_cpu=''
target_os=''
target_vendor=''

## ----------- ##
## confdefs.h. ##
## ----------- ##

#define PACKAGE_NAME ""
#define PACKAGE_TARNAME ""
#define PACKAGE_VERSION ""
#define PACKAGE_STRING ""
#define PACKAGE_BUGREPORT ""

configure: exit 1
