This file contains any messages produced by compilers while
running configure, to aid debugging if configure makes a mistake.

It was created by libpthread-stubs configure 0.3, which was
generated by GNU Autoconf 2.67.  Invocation command line was

  $ ./configure --prefix=/home/zuhaib/Desktop/inxware/ert-contrib-middleware/inx_build_scripts/../target_libs/arm-linux_x86_64/linux-android-armv7a_x86_64/linux-android-armv7a_android-native/build --host=arm-linux --build=x86_64-linux

## --------- ##
## Platform. ##
## --------- ##

hostname = pc157-2
uname -m = x86_64
uname -r = 5.13.0-52-generic
uname -s = Linux
uname -v = #59~20.04.1-Ubuntu SMP Thu Jun 16 21:21:28 UTC 2022

/usr/bin/uname -p = x86_64
/bin/uname -X     = unknown

/bin/arch              = x86_64
/usr/bin/arch -k       = unknown
/usr/convex/getsysinfo = unknown
/usr/bin/hostinfo      = unknown
/bin/machine           = unknown
/usr/bin/oslevel       = unknown
/bin/universe          = unknown

PATH: /home/zuhaib/Desktop/inxware/ert-contrib-middleware/inx_build_scripts/../../ert-build-support/toolchains/x86_64/x86_64/linux-android-armv7a/bin
PATH: /home/zuhaib/.local/bin
PATH: /usr/local/sbin
PATH: /usr/local/bin
PATH: /usr/sbin
PATH: /usr/bin
PATH: /sbin
PATH: /bin
PATH: /usr/games
PATH: /usr/local/games
PATH: /snap/bin


## ----------- ##
## Core tests. ##
## ----------- ##

configure:2258: checking for a BSD-compatible install
configure:2326: result: /usr/bin/install -c
configure:2337: checking whether build environment is sane
configure:2387: result: yes
configure:2436: checking for arm-linux-strip
configure:2466: result: no
configure:2476: checking for strip
configure:2492: found /usr/bin/strip
configure:2503: result: strip
configure:2515: WARNING: using cross tools not prefixed with host triplet
configure:2528: checking for a thread-safe mkdir -p
configure:2567: result: /usr/bin/mkdir -p
configure:2580: checking for gawk
configure:2610: result: no
configure:2580: checking for mawk
configure:2596: found /usr/bin/mawk
configure:2607: result: mawk
configure:2618: checking whether make sets $(MAKE)
configure:2640: result: yes
configure:2753: checking build system type
configure:2767: result: x86_64-pc-linux-gnu
configure:2787: checking host system type
configure:2800: result: arm-unknown-linux-gnu
configure:2832: checking for style of include used by make
configure:2860: result: GNU
configure:2890: checking for arm-linux-gcc
configure:2917: result: arm-linux-androideabi-gcc
configure:3186: checking for C compiler version
configure:3195: arm-linux-androideabi-gcc --version >&5
./configure: line 3197: arm-linux-androideabi-gcc: command not found
configure:3206: $? = 127
configure:3195: arm-linux-androideabi-gcc -v >&5
./configure: line 3197: arm-linux-androideabi-gcc: command not found
configure:3206: $? = 127
configure:3195: arm-linux-androideabi-gcc -V >&5
./configure: line 3197: arm-linux-androideabi-gcc: command not found
configure:3206: $? = 127
configure:3195: arm-linux-androideabi-gcc -qversion >&5
./configure: line 3197: arm-linux-androideabi-gcc: command not found
configure:3206: $? = 127
configure:3226: checking whether the C compiler works
configure:3248: arm-linux-androideabi-gcc -DANDROID -fPIC  -L/home/zuhaib/Desktop/inxware/ert-contrib-middleware/inx_build_scripts/../target_libs/arm-linux_x86_64/linux-android-armv7a_x86_64/linux-android-armv7a_android-native/build/lib  -L/home/zuhaib/Desktop/inxware/ert-contrib-middleware/inx_build_scripts/../../ert-build-support/support_libs/target_libs/arm-linux-x86_64/linux-android-armv7a/build/lib  -L/home/zuhaib/Desktop/inxware/ert-contrib-middleware/inx_build_scripts/../target_libs/arm-linux_x86_64/linux-android-armv7a_x86_64/linux-android-armv7a_android-native/build/lib/../usr/lib/arm-linux/  conftest.c  >&5
./configure: line 3250: arm-linux-androideabi-gcc: command not found
configure:3252: $? = 127
configure:3290: result: no
configure: failed program was:
| /* confdefs.h */
| #define PACKAGE_NAME "libpthread-stubs"
| #define PACKAGE_TARNAME "libpthread-stubs"
| #define PACKAGE_VERSION "0.3"
| #define PACKAGE_STRING "libpthread-stubs 0.3"
| #define PACKAGE_BUGREPORT "xcb@lists.freedesktop.org"
| #define PACKAGE_URL ""
| #define PACKAGE "libpthread-stubs"
| #define VERSION "0.3"
| /* end confdefs.h.  */
| 
| int
| main ()
| {
| 
|   ;
|   return 0;
| }
configure:3295: error: in `/home/zuhaib/Desktop/inxware/ert-contrib-middleware/contrib/libpthread-stubs/libpthread-stubs-0.3':
configure:3297: error: C compiler cannot create executables
See `config.log' for more details

## ---------------- ##
## Cache variables. ##
## ---------------- ##

ac_cv_build=x86_64-pc-linux-gnu
ac_cv_env_CC_set=set
ac_cv_env_CC_value=arm-linux-androideabi-gcc
ac_cv_env_CFLAGS_set=set
ac_cv_env_CFLAGS_value='-DANDROID -fPIC'
ac_cv_env_CPPFLAGS_set=
ac_cv_env_CPPFLAGS_value=
ac_cv_env_CPP_set=
ac_cv_env_CPP_value=
ac_cv_env_LDFLAGS_set=set
ac_cv_env_LDFLAGS_value='-L/home/zuhaib/Desktop/inxware/ert-contrib-middleware/inx_build_scripts/../target_libs/arm-linux_x86_64/linux-android-armv7a_x86_64/linux-android-armv7a_android-native/build/lib  -L/home/zuhaib/Desktop/inxware/ert-contrib-middleware/inx_build_scripts/../../ert-build-support/support_libs/target_libs/arm-linux-x86_64/linux-android-armv7a/build/lib  -L/home/zuhaib/Desktop/inxware/ert-contrib-middleware/inx_build_scripts/../target_libs/arm-linux_x86_64/linux-android-armv7a_x86_64/linux-android-armv7a_android-native/build/lib/../usr/lib/arm-linux/ '
ac_cv_env_LIBS_set=
ac_cv_env_LIBS_value=
ac_cv_env_build_alias_set=set
ac_cv_env_build_alias_value=x86_64-linux
ac_cv_env_host_alias_set=set
ac_cv_env_host_alias_value=arm-linux
ac_cv_env_target_alias_set=
ac_cv_env_target_alias_value=
ac_cv_host=arm-unknown-linux-gnu
ac_cv_path_install='/usr/bin/install -c'
ac_cv_path_mkdir=/usr/bin/mkdir
ac_cv_prog_AWK=mawk
ac_cv_prog_CC=arm-linux-androideabi-gcc
ac_cv_prog_ac_ct_STRIP=strip
ac_cv_prog_make_make_set=yes

## ----------------- ##
## Output variables. ##
## ----------------- ##

ACLOCAL='${SHELL} /home/zuhaib/Desktop/inxware/ert-contrib-middleware/contrib/libpthread-stubs/libpthread-stubs-0.3/missing --run aclocal-1.11'
AMDEPBACKSLASH='\'
AMDEP_FALSE='#'
AMDEP_TRUE=''
AMTAR='${SHELL} /home/zuhaib/Desktop/inxware/ert-contrib-middleware/contrib/libpthread-stubs/libpthread-stubs-0.3/missing --run tar'
AR='arm-linux-androideabi-ar'
AUTOCONF='${SHELL} /home/zuhaib/Desktop/inxware/ert-contrib-middleware/contrib/libpthread-stubs/libpthread-stubs-0.3/missing --run autoconf'
AUTOHEADER='${SHELL} /home/zuhaib/Desktop/inxware/ert-contrib-middleware/contrib/libpthread-stubs/libpthread-stubs-0.3/missing --run autoheader'
AUTOMAKE='${SHELL} /home/zuhaib/Desktop/inxware/ert-contrib-middleware/contrib/libpthread-stubs/libpthread-stubs-0.3/missing --run automake-1.11'
AWK='mawk'
BUILD_LIB_FALSE=''
BUILD_LIB_TRUE=''
CC='arm-linux-androideabi-gcc'
CCDEPMODE=''
CFLAGS='-DANDROID -fPIC'
CPP=''
CPPFLAGS=''
CYGPATH_W='echo'
DEFS=''
DEPDIR='.deps'
DSYMUTIL=''
DUMPBIN=''
ECHO_C=''
ECHO_N='-n'
ECHO_T=''
EGREP=''
EXEEXT=''
FGREP=''
GREP=''
INSTALL_DATA='${INSTALL} -m 644'
INSTALL_PROGRAM='${INSTALL}'
INSTALL_SCRIPT='${INSTALL}'
INSTALL_STRIP_PROGRAM='$(install_sh) -c -s'
LD='arm-linux-androideabi-ld'
LDFLAGS='-L/home/zuhaib/Desktop/inxware/ert-contrib-middleware/inx_build_scripts/../target_libs/arm-linux_x86_64/linux-android-armv7a_x86_64/linux-android-armv7a_android-native/build/lib  -L/home/zuhaib/Desktop/inxware/ert-contrib-middleware/inx_build_scripts/../../ert-build-support/support_libs/target_libs/arm-linux-x86_64/linux-android-armv7a/build/lib  -L/home/zuhaib/Desktop/inxware/ert-contrib-middleware/inx_build_scripts/../target_libs/arm-linux_x86_64/linux-android-armv7a_x86_64/linux-android-armv7a_android-native/build/lib/../usr/lib/arm-linux/ '
LIBOBJS=''
LIBS=''
LIBTOOL=''
LIPO=''
LN_S=''
LTLIBOBJS=''
MAKEINFO='${SHELL} /home/zuhaib/Desktop/inxware/ert-contrib-middleware/contrib/libpthread-stubs/libpthread-stubs-0.3/missing --run makeinfo'
MKDIR_P='/usr/bin/mkdir -p'
NM='nm'
NMEDIT=''
OBJDUMP=''
OBJEXT=''
OTOOL64=''
OTOOL=''
PACKAGE='libpthread-stubs'
PACKAGE_BUGREPORT='xcb@lists.freedesktop.org'
PACKAGE_NAME='libpthread-stubs'
PACKAGE_STRING='libpthread-stubs 0.3'
PACKAGE_TARNAME='libpthread-stubs'
PACKAGE_URL=''
PACKAGE_VERSION='0.3'
PATH_SEPARATOR=':'
PKG_CONFIG_LIBS=''
RANLIB='arm-linux-androideabi-ranlib'
SED=''
SET_MAKE=''
SHELL='/bin/bash'
STRIP='strip'
VERSION='0.3'
ac_ct_CC=''
ac_ct_DUMPBIN=''
am__EXEEXT_FALSE=''
am__EXEEXT_TRUE=''
am__fastdepCC_FALSE=''
am__fastdepCC_TRUE=''
am__include='include'
am__isrc=''
am__leading_dot='.'
am__quote=''
am__tar='${AMTAR} chof - "$$tardir"'
am__untar='${AMTAR} xf -'
bindir='${exec_prefix}/bin'
build='x86_64-pc-linux-gnu'
build_alias='x86_64-linux'
build_cpu='x86_64'
build_os='linux-gnu'
build_vendor='pc'
datadir='${datarootdir}'
datarootdir='${prefix}/share'
docdir='${datarootdir}/doc/${PACKAGE_TARNAME}'
dvidir='${docdir}'
exec_prefix='NONE'
host='arm-unknown-linux-gnu'
host_alias='arm-linux'
host_cpu='arm'
host_os='linux-gnu'
host_vendor='unknown'
htmldir='${docdir}'
includedir='${prefix}/include'
infodir='${datarootdir}/info'
install_sh='${SHELL} /home/zuhaib/Desktop/inxware/ert-contrib-middleware/contrib/libpthread-stubs/libpthread-stubs-0.3/install-sh'
libdir='${exec_prefix}/lib'
libexecdir='${exec_prefix}/libexec'
localedir='${datarootdir}/locale'
localstatedir='${prefix}/var'
lt_ECHO='echo'
mandir='${datarootdir}/man'
mkdir_p='/usr/bin/mkdir -p'
oldincludedir='/usr/include'
pdfdir='${docdir}'
prefix='/home/zuhaib/Desktop/inxware/ert-contrib-middleware/inx_build_scripts/../target_libs/arm-linux_x86_64/linux-android-armv7a_x86_64/linux-android-armv7a_android-native/build'
program_transform_name='s,x,x,'
psdir='${docdir}'
sbindir='${exec_prefix}/sbin'
sharedstatedir='${prefix}/com'
sysconfdir='${prefix}/etc'
target_alias=''

## ----------- ##
## confdefs.h. ##
## ----------- ##

/* confdefs.h */
#define PACKAGE_NAME "libpthread-stubs"
#define PACKAGE_TARNAME "libpthread-stubs"
#define PACKAGE_VERSION "0.3"
#define PACKAGE_STRING "libpthread-stubs 0.3"
#define PACKAGE_BUGREPORT "xcb@lists.freedesktop.org"
#define PACKAGE_URL ""
#define PACKAGE "libpthread-stubs"
#define VERSION "0.3"

configure: exit 77
