This file contains any messages produced by compilers while
running configure, to aid debugging if configure makes a mistake.

It was created by GStreamer FFMpeg configure 0.10.10, which was
generated by GNU Autoconf 2.65.  Invocation command line was

  $ ./configure --prefix=/home/pdrezet/workspace/inxware2.0-Release/INX/comp-lib-support/inx_build_scripts/../target_libs/i686-linux-gnu-i686-pc-linux-gnu-4.4.6-gtk_gst/build --host=i686-linux-gnu --build=i386-linux

## --------- ##
## Platform. ##
## --------- ##

hostname = pdrezet-HP-Pavilion-dv8-Notebook-PC
uname -m = i686
uname -r = 2.6.35-31-generic-pae
uname -s = Linux
uname -v = #63-Ubuntu SMP Mon Nov 28 20:48:50 UTC 2011

/usr/bin/uname -p = unknown
/bin/uname -X     = unknown

/bin/arch              = unknown
/usr/bin/arch -k       = unknown
/usr/convex/getsysinfo = unknown
/usr/bin/hostinfo      = unknown
/bin/machine           = unknown
/usr/bin/oslevel       = unknown
/bin/universe          = unknown

PATH: /home/pdrezet/workspace/inxware2.0-Release/INX/comp-lib-support/inx_build_scripts/../../EHS-build-support/toolchains/i686-pc-linux-gnu-4.4.6/bin/
PATH: /home/pdrezet/CodeSourcery/Sourcery_G++_Lite/bin
PATH: /usr/local/sbin
PATH: /usr/local/bin
PATH: /usr/sbin
PATH: /usr/bin
PATH: /sbin
PATH: /bin
PATH: /usr/games


## ----------- ##
## Core tests. ##
## ----------- ##

configure:2578: checking for a BSD-compatible install
configure:2646: result: /usr/bin/install -c
configure:2657: checking whether build environment is sane
configure:2707: result: yes
configure:2756: checking for i686-linux-gnu-strip
configure:2786: result: no
configure:2796: checking for strip
configure:2812: found /usr/bin/strip
configure:2823: result: strip
configure:2835: WARNING: using cross tools not prefixed with host triplet
configure:2848: checking for a thread-safe mkdir -p
configure:2887: result: /bin/mkdir -p
configure:2900: checking for gawk
configure:2916: found /usr/bin/gawk
configure:2927: result: gawk
configure:2938: checking whether make sets $(MAKE)
configure:2960: result: yes
configure:3052: checking nano version
configure:3058: result: 0 (release)
configure:3084: checking whether to enable maintainer-specific portions of Makefiles
configure:3093: result: no
configure:3111: checking build system type
configure:3125: result: i386-pc-linux-gnu
configure:3145: checking host system type
configure:3158: result: i686-pc-linux-gnu
configure:3523: checking for style of include used by make
configure:3551: result: GNU
configure:3581: checking for i686-linux-gnu-gcc
configure:3608: result: i686-pc-linux-gnu-gcc
configure:3877: checking for C compiler version
configure:3886: i686-pc-linux-gnu-gcc --version >&5
i686-pc-linux-gnu-gcc (GCC) 4.4.6
Copyright (C) 2010 Free Software Foundation, Inc.
This is free software; see the source for copying conditions.  There is NO
warranty; not even for MERCHANTABILITY or FITNESS FOR A PARTICULAR PURPOSE.

configure:3897: $? = 0
configure:3886: i686-pc-linux-gnu-gcc -v >&5
Using built-in specs.
Target: i686-pc-linux-gnu
Configured with: ../gcc-4.4.6/configure --prefix=/home/pdrezet/workspace/inxware2.0-Release/INX/EHS-build-support/toolchains/inx-build-scripts/../i686-pc-linux-gnu-4.4.6 --with-local-prefix=/home/pdrezet/workspace/inxware2.0-Release/INX/EHS-build-support/toolchains/inx-build-scripts/../i686-pc-linux-gnu-4.4.6 --target=i686-pc-linux-gnu --with-sysroot=/home/pdrezet/workspace/inxware2.0-Release/INX/EHS-build-support/toolchains/inx-build-scripts/../i686-pc-linux-gnu-4.4.6/sysroot --with-build-sysroot=/home/pdrezet/workspace/inxware2.0-Release/INX/EHS-build-support/toolchains/inx-build-scripts/../i686-pc-linux-gnu-4.4.6/sysroot --with-system-zlib --enable-multilib --enable-checking=none --enable-languages=c,c++ --enable-nls --enable-tls --enable-threads=posix --enable-shared --disable-hidden-plt --disable-bootstrap --enable-__cxa_atexit --with-gmp=/home/pdrezet/workspace/inxware2.0-Release/INX/EHS-build-support/toolchains/inx-build-scripts/../i686-pc-linux-gnu-4.4.6 --with-mpfr=/home/pdrezet/workspace/inxware2.0-Release/INX/EHS-build-support/toolchains/inx-build-scripts/../i686-pc-linux-gnu-4.4.6 --with-ppl=/home/pdrezet/workspace/inxware2.0-Release/INX/EHS-build-support/toolchains/inx-build-scripts/../i686-pc-linux-gnu-4.4.6 --with-cloog=/home/pdrezet/workspace/inxware2.0-Release/INX/EHS-build-support/toolchains/inx-build-scripts/../i686-pc-linux-gnu-4.4.6 CFLAGS=-O2
Thread model: posix
gcc version 4.4.6 (GCC) 
configure:3897: $? = 0
configure:3886: i686-pc-linux-gnu-gcc -V >&5
i686-pc-linux-gnu-gcc: '-V' option must have argument
configure:3897: $? = 1
configure:3886: i686-pc-linux-gnu-gcc -qversion >&5
i686-pc-linux-gnu-gcc: unrecognized option '-qversion'
i686-pc-linux-gnu-gcc: no input files
configure:3897: $? = 1
configure:3917: checking whether the C compiler works
configure:3939: i686-pc-linux-gnu-gcc --sysroot=/home/pdrezet/workspace/inxware2.0-Release/INX/comp-lib-support/inx_build_scripts/../../EHS-build-support/toolchains/i686-pc-linux-gnu-4.4.6/sysroot -I/home/pdrezet/workspace/inxware2.0-Release/INX/comp-lib-support/inx_build_scripts/../target_libs/i686-linux-gnu-i686-pc-linux-gnu-4.4.6-gtk_gst/build/include/ -I/home/pdrezet/workspace/inxware2.0-Release/INX/comp-lib-support/inx_build_scripts/../../EHS-build-support/support_libs/target_libs/i686-linux-gnu-i686-pc-linux-gnu-4.4.6/build/include/ -I/home/pdrezet/workspace/inxware2.0-Release/INX/comp-lib-support/inx_build_scripts/../../EHS-build-support/kernel-dependencies/linux/2.6.35.9 -I/home/pdrezet/workspace/inxware2.0-Release/INX/comp-lib-support/inx_build_scripts/../../EHS-build-support/toolchains/i686-pc-linux-gnu-4.4.6/sysroot/usr/include    --sysroot=/home/pdrezet/workspace/inxware2.0-Release/INX/comp-lib-support/inx_build_scripts/../../EHS-build-support/toolchains/i686-pc-linux-gnu-4.4.6/sysroot -L/home/pdrezet/workspace/inxware2.0-Release/INX/comp-lib-support/inx_build_scripts/../target_libs/i686-linux-gnu-i686-pc-linux-gnu-4.4.6-gtk_gst/build/lib/  -L/home/pdrezet/workspace/inxware2.0-Release/INX/comp-lib-support/inx_build_scripts/../../EHS-build-support/support_libs/target_libs/i686-linux-gnu-i686-pc-linux-gnu-4.4.6/build/lib -L/home/pdrezet/workspace/inxware2.0-Release/INX/comp-lib-support/inx_build_scripts/../../EHS-build-support/toolchains/i686-pc-linux-gnu-4.4.6/sysroot/usr/lib -lc_nonshared conftest.c  >&5
configure:3943: $? = 0
configure:3992: result: yes
configure:3995: checking for C compiler default output file name
configure:3997: result: a.out
configure:4003: checking for suffix of executables
configure:4010: i686-pc-linux-gnu-gcc -o conftest --sysroot=/home/pdrezet/workspace/inxware2.0-Release/INX/comp-lib-support/inx_build_scripts/../../EHS-build-support/toolchains/i686-pc-linux-gnu-4.4.6/sysroot -I/home/pdrezet/workspace/inxware2.0-Release/INX/comp-lib-support/inx_build_scripts/../target_libs/i686-linux-gnu-i686-pc-linux-gnu-4.4.6-gtk_gst/build/include/ -I/home/pdrezet/workspace/inxware2.0-Release/INX/comp-lib-support/inx_build_scripts/../../EHS-build-support/support_libs/target_libs/i686-linux-gnu-i686-pc-linux-gnu-4.4.6/build/include/ -I/home/pdrezet/workspace/inxware2.0-Release/INX/comp-lib-support/inx_build_scripts/../../EHS-build-support/kernel-dependencies/linux/2.6.35.9 -I/home/pdrezet/workspace/inxware2.0-Release/INX/comp-lib-support/inx_build_scripts/../../EHS-build-support/toolchains/i686-pc-linux-gnu-4.4.6/sysroot/usr/include    --sysroot=/home/pdrezet/workspace/inxware2.0-Release/INX/comp-lib-support/inx_build_scripts/../../EHS-build-support/toolchains/i686-pc-linux-gnu-4.4.6/sysroot -L/home/pdrezet/workspace/inxware2.0-Release/INX/comp-lib-support/inx_build_scripts/../target_libs/i686-linux-gnu-i686-pc-linux-gnu-4.4.6-gtk_gst/build/lib/  -L/home/pdrezet/workspace/inxware2.0-Release/INX/comp-lib-support/inx_build_scripts/../../EHS-build-support/support_libs/target_libs/i686-linux-gnu-i686-pc-linux-gnu-4.4.6/build/lib -L/home/pdrezet/workspace/inxware2.0-Release/INX/comp-lib-support/inx_build_scripts/../../EHS-build-support/toolchains/i686-pc-linux-gnu-4.4.6/sysroot/usr/lib -lc_nonshared conftest.c  >&5
configure:4014: $? = 0
configure:4036: result: 
configure:4058: checking whether we are cross compiling
configure:4096: result: yes
configure:4101: checking for suffix of object files
configure:4123: i686-pc-linux-gnu-gcc -c --sysroot=/home/pdrezet/workspace/inxware2.0-Release/INX/comp-lib-support/inx_build_scripts/../../EHS-build-support/toolchains/i686-pc-linux-gnu-4.4.6/sysroot -I/home/pdrezet/workspace/inxware2.0-Release/INX/comp-lib-support/inx_build_scripts/../target_libs/i686-linux-gnu-i686-pc-linux-gnu-4.4.6-gtk_gst/build/include/ -I/home/pdrezet/workspace/inxware2.0-Release/INX/comp-lib-support/inx_build_scripts/../../EHS-build-support/support_libs/target_libs/i686-linux-gnu-i686-pc-linux-gnu-4.4.6/build/include/ -I/home/pdrezet/workspace/inxware2.0-Release/INX/comp-lib-support/inx_build_scripts/../../EHS-build-support/kernel-dependencies/linux/2.6.35.9 -I/home/pdrezet/workspace/inxware2.0-Release/INX/comp-lib-support/inx_build_scripts/../../EHS-build-support/toolchains/i686-pc-linux-gnu-4.4.6/sysroot/usr/include   conftest.c >&5
configure:4127: $? = 0
configure:4148: result: o
configure:4152: checking whether we are using the GNU C compiler
configure:4171: i686-pc-linux-gnu-gcc -c --sysroot=/home/pdrezet/workspace/inxware2.0-Release/INX/comp-lib-support/inx_build_scripts/../../EHS-build-support/toolchains/i686-pc-linux-gnu-4.4.6/sysroot -I/home/pdrezet/workspace/inxware2.0-Release/INX/comp-lib-support/inx_build_scripts/../target_libs/i686-linux-gnu-i686-pc-linux-gnu-4.4.6-gtk_gst/build/include/ -I/home/pdrezet/workspace/inxware2.0-Release/INX/comp-lib-support/inx_build_scripts/../../EHS-build-support/support_libs/target_libs/i686-linux-gnu-i686-pc-linux-gnu-4.4.6/build/include/ -I/home/pdrezet/workspace/inxware2.0-Release/INX/comp-lib-support/inx_build_scripts/../../EHS-build-support/kernel-dependencies/linux/2.6.35.9 -I/home/pdrezet/workspace/inxware2.0-Release/INX/comp-lib-support/inx_build_scripts/../../EHS-build-support/toolchains/i686-pc-linux-gnu-4.4.6/sysroot/usr/include   conftest.c >&5
configure:4171: $? = 0
configure:4180: result: yes
configure:4189: checking whether i686-pc-linux-gnu-gcc accepts -g
configure:4209: i686-pc-linux-gnu-gcc -c -g  conftest.c >&5
configure:4209: $? = 0
configure:4250: result: yes
configure:4267: checking for i686-pc-linux-gnu-gcc option to accept ISO C89
configure:4331: i686-pc-linux-gnu-gcc  -c --sysroot=/home/pdrezet/workspace/inxware2.0-Release/INX/comp-lib-support/inx_build_scripts/../../EHS-build-support/toolchains/i686-pc-linux-gnu-4.4.6/sysroot -I/home/pdrezet/workspace/inxware2.0-Release/INX/comp-lib-support/inx_build_scripts/../target_libs/i686-linux-gnu-i686-pc-linux-gnu-4.4.6-gtk_gst/build/include/ -I/home/pdrezet/workspace/inxware2.0-Release/INX/comp-lib-support/inx_build_scripts/../../EHS-build-support/support_libs/target_libs/i686-linux-gnu-i686-pc-linux-gnu-4.4.6/build/include/ -I/home/pdrezet/workspace/inxware2.0-Release/INX/comp-lib-support/inx_build_scripts/../../EHS-build-support/kernel-dependencies/linux/2.6.35.9 -I/home/pdrezet/workspace/inxware2.0-Release/INX/comp-lib-support/inx_build_scripts/../../EHS-build-support/toolchains/i686-pc-linux-gnu-4.4.6/sysroot/usr/include   conftest.c >&5
configure:4331: $? = 0
configure:4344: result: none needed
configure:4366: checking dependency style of i686-pc-linux-gnu-gcc
configure:4476: result: gcc3
configure:4491: checking for a sed that does not truncate output
configure:4555: result: /bin/sed
configure:4573: checking for grep that handles long lines and -e
configure:4631: result: /bin/grep
configure:4636: checking for egrep
configure:4698: result: /bin/grep -E
configure:4703: checking for fgrep
configure:4765: result: /bin/grep -F
configure:4800: checking for ld used by i686-pc-linux-gnu-gcc
configure:4867: result: /home/pdrezet/workspace/inxware2.0-Release/INX/EHS-build-support/toolchains/i686-pc-linux-gnu-4.4.6/i686-pc-linux-gnu/bin/ld
configure:4874: checking if the linker (/home/pdrezet/workspace/inxware2.0-Release/INX/EHS-build-support/toolchains/i686-pc-linux-gnu-4.4.6/i686-pc-linux-gnu/bin/ld) is GNU ld
configure:4889: result: yes
configure:4901: checking for BSD- or MS-compatible name lister (nm)
configure:4950: result: nm
configure:5068: checking the name lister (nm) interface
configure:5075: i686-pc-linux-gnu-gcc -c --sysroot=/home/pdrezet/workspace/inxware2.0-Release/INX/comp-lib-support/inx_build_scripts/../../EHS-build-support/toolchains/i686-pc-linux-gnu-4.4.6/sysroot -I/home/pdrezet/workspace/inxware2.0-Release/INX/comp-lib-support/inx_build_scripts/../target_libs/i686-linux-gnu-i686-pc-linux-gnu-4.4.6-gtk_gst/build/include/ -I/home/pdrezet/workspace/inxware2.0-Release/INX/comp-lib-support/inx_build_scripts/../../EHS-build-support/support_libs/target_libs/i686-linux-gnu-i686-pc-linux-gnu-4.4.6/build/include/ -I/home/pdrezet/workspace/inxware2.0-Release/INX/comp-lib-support/inx_build_scripts/../../EHS-build-support/kernel-dependencies/linux/2.6.35.9 -I/home/pdrezet/workspace/inxware2.0-Release/INX/comp-lib-support/inx_build_scripts/../../EHS-build-support/toolchains/i686-pc-linux-gnu-4.4.6/sysroot/usr/include   conftest.c >&5
configure:5078: nm "conftest.o"
configure:5081: output
00000000 B some_variable
configure:5088: result: BSD nm
configure:5091: checking whether ln -s works
configure:5095: result: yes
configure:5103: checking the maximum length of command line arguments
configure:5223: result: 1572864
configure:5240: checking whether the shell understands some XSI constructs
configure:5250: result: yes
configure:5254: checking whether the shell understands "+="
configure:5260: result: yes
configure:5295: checking for /home/pdrezet/workspace/inxware2.0-Release/INX/EHS-build-support/toolchains/i686-pc-linux-gnu-4.4.6/i686-pc-linux-gnu/bin/ld option to reload object files
configure:5302: result: -r
configure:5331: checking for i686-linux-gnu-objdump
configure:5358: result: objdump
configure:5427: checking how to recognize dependent libraries
configure:5623: result: pass_all
configure:5643: checking for i686-linux-gnu-ar
configure:5670: result: i686-pc-linux-gnu-ar
configure:5748: checking for i686-linux-gnu-strip
configure:5775: result: strip
configure:5847: checking for i686-linux-gnu-ranlib
configure:5874: result: i686-pc-linux-gnu-ranlib
configure:6004: checking command to parse nm output from i686-pc-linux-gnu-gcc object
configure:6122: i686-pc-linux-gnu-gcc -c --sysroot=/home/pdrezet/workspace/inxware2.0-Release/INX/comp-lib-support/inx_build_scripts/../../EHS-build-support/toolchains/i686-pc-linux-gnu-4.4.6/sysroot -I/home/pdrezet/workspace/inxware2.0-Release/INX/comp-lib-support/inx_build_scripts/../target_libs/i686-linux-gnu-i686-pc-linux-gnu-4.4.6-gtk_gst/build/include/ -I/home/pdrezet/workspace/inxware2.0-Release/INX/comp-lib-support/inx_build_scripts/../../EHS-build-support/support_libs/target_libs/i686-linux-gnu-i686-pc-linux-gnu-4.4.6/build/include/ -I/home/pdrezet/workspace/inxware2.0-Release/INX/comp-lib-support/inx_build_scripts/../../EHS-build-support/kernel-dependencies/linux/2.6.35.9 -I/home/pdrezet/workspace/inxware2.0-Release/INX/comp-lib-support/inx_build_scripts/../../EHS-build-support/toolchains/i686-pc-linux-gnu-4.4.6/sysroot/usr/include   conftest.c >&5
configure:6125: $? = 0
configure:6129: nm conftest.o \| sed -n -e 's/^.*[	 ]\([ABCDGIRSTW][ABCDGIRSTW]*\)[	 ][	 ]*\([_A-Za-z][_A-Za-z0-9]*\)$/\1 \2 \2/p' \> conftest.nm
configure:6132: $? = 0
configure:6186: i686-pc-linux-gnu-gcc -o conftest --sysroot=/home/pdrezet/workspace/inxware2.0-Release/INX/comp-lib-support/inx_build_scripts/../../EHS-build-support/toolchains/i686-pc-linux-gnu-4.4.6/sysroot -I/home/pdrezet/workspace/inxware2.0-Release/INX/comp-lib-support/inx_build_scripts/../target_libs/i686-linux-gnu-i686-pc-linux-gnu-4.4.6-gtk_gst/build/include/ -I/home/pdrezet/workspace/inxware2.0-Release/INX/comp-lib-support/inx_build_scripts/../../EHS-build-support/support_libs/target_libs/i686-linux-gnu-i686-pc-linux-gnu-4.4.6/build/include/ -I/home/pdrezet/workspace/inxware2.0-Release/INX/comp-lib-support/inx_build_scripts/../../EHS-build-support/kernel-dependencies/linux/2.6.35.9 -I/home/pdrezet/workspace/inxware2.0-Release/INX/comp-lib-support/inx_build_scripts/../../EHS-build-support/toolchains/i686-pc-linux-gnu-4.4.6/sysroot/usr/include    --sysroot=/home/pdrezet/workspace/inxware2.0-Release/INX/comp-lib-support/inx_build_scripts/../../EHS-build-support/toolchains/i686-pc-linux-gnu-4.4.6/sysroot -L/home/pdrezet/workspace/inxware2.0-Release/INX/comp-lib-support/inx_build_scripts/../target_libs/i686-linux-gnu-i686-pc-linux-gnu-4.4.6-gtk_gst/build/lib/  -L/home/pdrezet/workspace/inxware2.0-Release/INX/comp-lib-support/inx_build_scripts/../../EHS-build-support/support_libs/target_libs/i686-linux-gnu-i686-pc-linux-gnu-4.4.6/build/lib -L/home/pdrezet/workspace/inxware2.0-Release/INX/comp-lib-support/inx_build_scripts/../../EHS-build-support/toolchains/i686-pc-linux-gnu-4.4.6/sysroot/usr/lib -lc_nonshared conftest.c conftstm.o >&5
configure:6189: $? = 0
configure:6227: result: ok
configure:7036: checking how to run the C preprocessor
configure:7067: i686-pc-linux-gnu-gcc -E  conftest.c
configure:7067: $? = 0
configure:7081: i686-pc-linux-gnu-gcc -E  conftest.c
conftest.c:11:28: error: ac_nonexistent.h: No such file or directory
configure:7081: $? = 1
configure: failed program was:
| /* confdefs.h */
| #define PACKAGE_NAME "GStreamer FFMpeg"
| #define PACKAGE_TARNAME "gst-ffmpeg"
| #define PACKAGE_VERSION "0.10.10"
| #define PACKAGE_STRING "GStreamer FFMpeg 0.10.10"
| #define PACKAGE_BUGREPORT "http://bugzilla.gnome.org/enter_bug.cgi?product=GStreamer"
| #define PACKAGE_URL ""
| #define PACKAGE "gst-ffmpeg"
| #define VERSION "0.10.10"
| /* end confdefs.h.  */
| #include <ac_nonexistent.h>
configure:7106: result: i686-pc-linux-gnu-gcc -E
configure:7126: i686-pc-linux-gnu-gcc -E  conftest.c
configure:7126: $? = 0
configure:7140: i686-pc-linux-gnu-gcc -E  conftest.c
conftest.c:11:28: error: ac_nonexistent.h: No such file or directory
configure:7140: $? = 1
configure: failed program was:
| /* confdefs.h */
| #define PACKAGE_NAME "GStreamer FFMpeg"
| #define PACKAGE_TARNAME "gst-ffmpeg"
| #define PACKAGE_VERSION "0.10.10"
| #define PACKAGE_STRING "GStreamer FFMpeg 0.10.10"
| #define PACKAGE_BUGREPORT "http://bugzilla.gnome.org/enter_bug.cgi?product=GStreamer"
| #define PACKAGE_URL ""
| #define PACKAGE "gst-ffmpeg"
| #define VERSION "0.10.10"
| /* end confdefs.h.  */
| #include <ac_nonexistent.h>
configure:7169: checking for ANSI C header files
configure:7189: i686-pc-linux-gnu-gcc -c --sysroot=/home/pdrezet/workspace/inxware2.0-Release/INX/comp-lib-support/inx_build_scripts/../../EHS-build-support/toolchains/i686-pc-linux-gnu-4.4.6/sysroot -I/home/pdrezet/workspace/inxware2.0-Release/INX/comp-lib-support/inx_build_scripts/../target_libs/i686-linux-gnu-i686-pc-linux-gnu-4.4.6-gtk_gst/build/include/ -I/home/pdrezet/workspace/inxware2.0-Release/INX/comp-lib-support/inx_build_scripts/../../EHS-build-support/support_libs/target_libs/i686-linux-gnu-i686-pc-linux-gnu-4.4.6/build/include/ -I/home/pdrezet/workspace/inxware2.0-Release/INX/comp-lib-support/inx_build_scripts/../../EHS-build-support/kernel-dependencies/linux/2.6.35.9 -I/home/pdrezet/workspace/inxware2.0-Release/INX/comp-lib-support/inx_build_scripts/../../EHS-build-support/toolchains/i686-pc-linux-gnu-4.4.6/sysroot/usr/include   conftest.c >&5
configure:7189: $? = 0
configure:7273: result: yes
configure:7286: checking for sys/types.h
configure:7286: i686-pc-linux-gnu-gcc -c --sysroot=/home/pdrezet/workspace/inxware2.0-Release/INX/comp-lib-support/inx_build_scripts/../../EHS-build-support/toolchains/i686-pc-linux-gnu-4.4.6/sysroot -I/home/pdrezet/workspace/inxware2.0-Release/INX/comp-lib-support/inx_build_scripts/../target_libs/i686-linux-gnu-i686-pc-linux-gnu-4.4.6-gtk_gst/build/include/ -I/home/pdrezet/workspace/inxware2.0-Release/INX/comp-lib-support/inx_build_scripts/../../EHS-build-support/support_libs/target_libs/i686-linux-gnu-i686-pc-linux-gnu-4.4.6/build/include/ -I/home/pdrezet/workspace/inxware2.0-Release/INX/comp-lib-support/inx_build_scripts/../../EHS-build-support/kernel-dependencies/linux/2.6.35.9 -I/home/pdrezet/workspace/inxware2.0-Release/INX/comp-lib-support/inx_build_scripts/../../EHS-build-support/toolchains/i686-pc-linux-gnu-4.4.6/sysroot/usr/include   conftest.c >&5
configure:7286: $? = 0
configure:7286: result: yes
configure:7286: checking for sys/stat.h
configure:7286: i686-pc-linux-gnu-gcc -c --sysroot=/home/pdrezet/workspace/inxware2.0-Release/INX/comp-lib-support/inx_build_scripts/../../EHS-build-support/toolchains/i686-pc-linux-gnu-4.4.6/sysroot -I/home/pdrezet/workspace/inxware2.0-Release/INX/comp-lib-support/inx_build_scripts/../target_libs/i686-linux-gnu-i686-pc-linux-gnu-4.4.6-gtk_gst/build/include/ -I/home/pdrezet/workspace/inxware2.0-Release/INX/comp-lib-support/inx_build_scripts/../../EHS-build-support/support_libs/target_libs/i686-linux-gnu-i686-pc-linux-gnu-4.4.6/build/include/ -I/home/pdrezet/workspace/inxware2.0-Release/INX/comp-lib-support/inx_build_scripts/../../EHS-build-support/kernel-dependencies/linux/2.6.35.9 -I/home/pdrezet/workspace/inxware2.0-Release/INX/comp-lib-support/inx_build_scripts/../../EHS-build-support/toolchains/i686-pc-linux-gnu-4.4.6/sysroot/usr/include   conftest.c >&5
configure:7286: $? = 0
configure:7286: result: yes
configure:7286: checking for stdlib.h
configure:7286: i686-pc-linux-gnu-gcc -c --sysroot=/home/pdrezet/workspace/inxware2.0-Release/INX/comp-lib-support/inx_build_scripts/../../EHS-build-support/toolchains/i686-pc-linux-gnu-4.4.6/sysroot -I/home/pdrezet/workspace/inxware2.0-Release/INX/comp-lib-support/inx_build_scripts/../target_libs/i686-linux-gnu-i686-pc-linux-gnu-4.4.6-gtk_gst/build/include/ -I/home/pdrezet/workspace/inxware2.0-Release/INX/comp-lib-support/inx_build_scripts/../../EHS-build-support/support_libs/target_libs/i686-linux-gnu-i686-pc-linux-gnu-4.4.6/build/include/ -I/home/pdrezet/workspace/inxware2.0-Release/INX/comp-lib-support/inx_build_scripts/../../EHS-build-support/kernel-dependencies/linux/2.6.35.9 -I/home/pdrezet/workspace/inxware2.0-Release/INX/comp-lib-support/inx_build_scripts/../../EHS-build-support/toolchains/i686-pc-linux-gnu-4.4.6/sysroot/usr/include   conftest.c >&5
configure:7286: $? = 0
configure:7286: result: yes
configure:7286: checking for string.h
configure:7286: i686-pc-linux-gnu-gcc -c --sysroot=/home/pdrezet/workspace/inxware2.0-Release/INX/comp-lib-support/inx_build_scripts/../../EHS-build-support/toolchains/i686-pc-linux-gnu-4.4.6/sysroot -I/home/pdrezet/workspace/inxware2.0-Release/INX/comp-lib-support/inx_build_scripts/../target_libs/i686-linux-gnu-i686-pc-linux-gnu-4.4.6-gtk_gst/build/include/ -I/home/pdrezet/workspace/inxware2.0-Release/INX/comp-lib-support/inx_build_scripts/../../EHS-build-support/support_libs/target_libs/i686-linux-gnu-i686-pc-linux-gnu-4.4.6/build/include/ -I/home/pdrezet/workspace/inxware2.0-Release/INX/comp-lib-support/inx_build_scripts/../../EHS-build-support/kernel-dependencies/linux/2.6.35.9 -I/home/pdrezet/workspace/inxware2.0-Release/INX/comp-lib-support/inx_build_scripts/../../EHS-build-support/toolchains/i686-pc-linux-gnu-4.4.6/sysroot/usr/include   conftest.c >&5
configure:7286: $? = 0
configure:7286: result: yes
configure:7286: checking for memory.h
configure:7286: i686-pc-linux-gnu-gcc -c --sysroot=/home/pdrezet/workspace/inxware2.0-Release/INX/comp-lib-support/inx_build_scripts/../../EHS-build-support/toolchains/i686-pc-linux-gnu-4.4.6/sysroot -I/home/pdrezet/workspace/inxware2.0-Release/INX/comp-lib-support/inx_build_scripts/../target_libs/i686-linux-gnu-i686-pc-linux-gnu-4.4.6-gtk_gst/build/include/ -I/home/pdrezet/workspace/inxware2.0-Release/INX/comp-lib-support/inx_build_scripts/../../EHS-build-support/support_libs/target_libs/i686-linux-gnu-i686-pc-linux-gnu-4.4.6/build/include/ -I/home/pdrezet/workspace/inxware2.0-Release/INX/comp-lib-support/inx_build_scripts/../../EHS-build-support/kernel-dependencies/linux/2.6.35.9 -I/home/pdrezet/workspace/inxware2.0-Release/INX/comp-lib-support/inx_build_scripts/../../EHS-build-support/toolchains/i686-pc-linux-gnu-4.4.6/sysroot/usr/include   conftest.c >&5
configure:7286: $? = 0
configure:7286: result: yes
configure:7286: checking for strings.h
configure:7286: i686-pc-linux-gnu-gcc -c --sysroot=/home/pdrezet/workspace/inxware2.0-Release/INX/comp-lib-support/inx_build_scripts/../../EHS-build-support/toolchains/i686-pc-linux-gnu-4.4.6/sysroot -I/home/pdrezet/workspace/inxware2.0-Release/INX/comp-lib-support/inx_build_scripts/../target_libs/i686-linux-gnu-i686-pc-linux-gnu-4.4.6-gtk_gst/build/include/ -I/home/pdrezet/workspace/inxware2.0-Release/INX/comp-lib-support/inx_build_scripts/../../EHS-build-support/support_libs/target_libs/i686-linux-gnu-i686-pc-linux-gnu-4.4.6/build/include/ -I/home/pdrezet/workspace/inxware2.0-Release/INX/comp-lib-support/inx_build_scripts/../../EHS-build-support/kernel-dependencies/linux/2.6.35.9 -I/home/pdrezet/workspace/inxware2.0-Release/INX/comp-lib-support/inx_build_scripts/../../EHS-build-support/toolchains/i686-pc-linux-gnu-4.4.6/sysroot/usr/include   conftest.c >&5
configure:7286: $? = 0
configure:7286: result: yes
configure:7286: checking for inttypes.h
configure:7286: i686-pc-linux-gnu-gcc -c --sysroot=/home/pdrezet/workspace/inxware2.0-Release/INX/comp-lib-support/inx_build_scripts/../../EHS-build-support/toolchains/i686-pc-linux-gnu-4.4.6/sysroot -I/home/pdrezet/workspace/inxware2.0-Release/INX/comp-lib-support/inx_build_scripts/../target_libs/i686-linux-gnu-i686-pc-linux-gnu-4.4.6-gtk_gst/build/include/ -I/home/pdrezet/workspace/inxware2.0-Release/INX/comp-lib-support/inx_build_scripts/../../EHS-build-support/support_libs/target_libs/i686-linux-gnu-i686-pc-linux-gnu-4.4.6/build/include/ -I/home/pdrezet/workspace/inxware2.0-Release/INX/comp-lib-support/inx_build_scripts/../../EHS-build-support/kernel-dependencies/linux/2.6.35.9 -I/home/pdrezet/workspace/inxware2.0-Release/INX/comp-lib-support/inx_build_scripts/../../EHS-build-support/toolchains/i686-pc-linux-gnu-4.4.6/sysroot/usr/include   conftest.c >&5
configure:7286: $? = 0
configure:7286: result: yes
configure:7286: checking for stdint.h
configure:7286: i686-pc-linux-gnu-gcc -c --sysroot=/home/pdrezet/workspace/inxware2.0-Release/INX/comp-lib-support/inx_build_scripts/../../EHS-build-support/toolchains/i686-pc-linux-gnu-4.4.6/sysroot -I/home/pdrezet/workspace/inxware2.0-Release/INX/comp-lib-support/inx_build_scripts/../target_libs/i686-linux-gnu-i686-pc-linux-gnu-4.4.6-gtk_gst/build/include/ -I/home/pdrezet/workspace/inxware2.0-Release/INX/comp-lib-support/inx_build_scripts/../../EHS-build-support/support_libs/target_libs/i686-linux-gnu-i686-pc-linux-gnu-4.4.6/build/include/ -I/home/pdrezet/workspace/inxware2.0-Release/INX/comp-lib-support/inx_build_scripts/../../EHS-build-support/kernel-dependencies/linux/2.6.35.9 -I/home/pdrezet/workspace/inxware2.0-Release/INX/comp-lib-support/inx_build_scripts/../../EHS-build-support/toolchains/i686-pc-linux-gnu-4.4.6/sysroot/usr/include   conftest.c >&5
configure:7286: $? = 0
configure:7286: result: yes
configure:7286: checking for unistd.h
configure:7286: i686-pc-linux-gnu-gcc -c --sysroot=/home/pdrezet/workspace/inxware2.0-Release/INX/comp-lib-support/inx_build_scripts/../../EHS-build-support/toolchains/i686-pc-linux-gnu-4.4.6/sysroot -I/home/pdrezet/workspace/inxware2.0-Release/INX/comp-lib-support/inx_build_scripts/../target_libs/i686-linux-gnu-i686-pc-linux-gnu-4.4.6-gtk_gst/build/include/ -I/home/pdrezet/workspace/inxware2.0-Release/INX/comp-lib-support/inx_build_scripts/../../EHS-build-support/support_libs/target_libs/i686-linux-gnu-i686-pc-linux-gnu-4.4.6/build/include/ -I/home/pdrezet/workspace/inxware2.0-Release/INX/comp-lib-support/inx_build_scripts/../../EHS-build-support/kernel-dependencies/linux/2.6.35.9 -I/home/pdrezet/workspace/inxware2.0-Release/INX/comp-lib-support/inx_build_scripts/../../EHS-build-support/toolchains/i686-pc-linux-gnu-4.4.6/sysroot/usr/include   conftest.c >&5
configure:7286: $? = 0
configure:7286: result: yes
configure:7301: checking for dlfcn.h
configure:7301: i686-pc-linux-gnu-gcc -c --sysroot=/home/pdrezet/workspace/inxware2.0-Release/INX/comp-lib-support/inx_build_scripts/../../EHS-build-support/toolchains/i686-pc-linux-gnu-4.4.6/sysroot -I/home/pdrezet/workspace/inxware2.0-Release/INX/comp-lib-support/inx_build_scripts/../target_libs/i686-linux-gnu-i686-pc-linux-gnu-4.4.6-gtk_gst/build/include/ -I/home/pdrezet/workspace/inxware2.0-Release/INX/comp-lib-support/inx_build_scripts/../../EHS-build-support/support_libs/target_libs/i686-linux-gnu-i686-pc-linux-gnu-4.4.6/build/include/ -I/home/pdrezet/workspace/inxware2.0-Release/INX/comp-lib-support/inx_build_scripts/../../EHS-build-support/kernel-dependencies/linux/2.6.35.9 -I/home/pdrezet/workspace/inxware2.0-Release/INX/comp-lib-support/inx_build_scripts/../../EHS-build-support/toolchains/i686-pc-linux-gnu-4.4.6/sysroot/usr/include   conftest.c >&5
configure:7301: $? = 0
configure:7301: result: yes
configure:7483: checking for objdir
configure:7498: result: .libs
configure:7794: checking if i686-pc-linux-gnu-gcc supports -fno-rtti -fno-exceptions
configure:7812: i686-pc-linux-gnu-gcc -c --sysroot=/home/pdrezet/workspace/inxware2.0-Release/INX/comp-lib-support/inx_build_scripts/../../EHS-build-support/toolchains/i686-pc-linux-gnu-4.4.6/sysroot -I/home/pdrezet/workspace/inxware2.0-Release/INX/comp-lib-support/inx_build_scripts/../target_libs/i686-linux-gnu-i686-pc-linux-gnu-4.4.6-gtk_gst/build/include/ -I/home/pdrezet/workspace/inxware2.0-Release/INX/comp-lib-support/inx_build_scripts/../../EHS-build-support/support_libs/target_libs/i686-linux-gnu-i686-pc-linux-gnu-4.4.6/build/include/ -I/home/pdrezet/workspace/inxware2.0-Release/INX/comp-lib-support/inx_build_scripts/../../EHS-build-support/kernel-dependencies/linux/2.6.35.9 -I/home/pdrezet/workspace/inxware2.0-Release/INX/comp-lib-support/inx_build_scripts/../../EHS-build-support/toolchains/i686-pc-linux-gnu-4.4.6/sysroot/usr/include   -fno-rtti -fno-exceptions conftest.c >&5
cc1: warning: command line option "-fno-rtti" is valid for C++/ObjC++ but not for C
configure:7816: $? = 0
configure:7829: result: no
configure:7849: checking for i686-pc-linux-gnu-gcc option to produce PIC
configure:8121: result: -fPIC -DPIC
configure:8133: checking if i686-pc-linux-gnu-gcc PIC flag -fPIC -DPIC works
configure:8151: i686-pc-linux-gnu-gcc -c --sysroot=/home/pdrezet/workspace/inxware2.0-Release/INX/comp-lib-support/inx_build_scripts/../../EHS-build-support/toolchains/i686-pc-linux-gnu-4.4.6/sysroot -I/home/pdrezet/workspace/inxware2.0-Release/INX/comp-lib-support/inx_build_scripts/../target_libs/i686-linux-gnu-i686-pc-linux-gnu-4.4.6-gtk_gst/build/include/ -I/home/pdrezet/workspace/inxware2.0-Release/INX/comp-lib-support/inx_build_scripts/../../EHS-build-support/support_libs/target_libs/i686-linux-gnu-i686-pc-linux-gnu-4.4.6/build/include/ -I/home/pdrezet/workspace/inxware2.0-Release/INX/comp-lib-support/inx_build_scripts/../../EHS-build-support/kernel-dependencies/linux/2.6.35.9 -I/home/pdrezet/workspace/inxware2.0-Release/INX/comp-lib-support/inx_build_scripts/../../EHS-build-support/toolchains/i686-pc-linux-gnu-4.4.6/sysroot/usr/include   -fPIC -DPIC -DPIC conftest.c >&5
configure:8155: $? = 0
configure:8168: result: yes
configure:8192: checking if i686-pc-linux-gnu-gcc static flag -static works
configure:8220: result: no
configure:8235: checking if i686-pc-linux-gnu-gcc supports -c -o file.o
configure:8256: i686-pc-linux-gnu-gcc -c --sysroot=/home/pdrezet/workspace/inxware2.0-Release/INX/comp-lib-support/inx_build_scripts/../../EHS-build-support/toolchains/i686-pc-linux-gnu-4.4.6/sysroot -I/home/pdrezet/workspace/inxware2.0-Release/INX/comp-lib-support/inx_build_scripts/../target_libs/i686-linux-gnu-i686-pc-linux-gnu-4.4.6-gtk_gst/build/include/ -I/home/pdrezet/workspace/inxware2.0-Release/INX/comp-lib-support/inx_build_scripts/../../EHS-build-support/support_libs/target_libs/i686-linux-gnu-i686-pc-linux-gnu-4.4.6/build/include/ -I/home/pdrezet/workspace/inxware2.0-Release/INX/comp-lib-support/inx_build_scripts/../../EHS-build-support/kernel-dependencies/linux/2.6.35.9 -I/home/pdrezet/workspace/inxware2.0-Release/INX/comp-lib-support/inx_build_scripts/../../EHS-build-support/toolchains/i686-pc-linux-gnu-4.4.6/sysroot/usr/include   -o out/conftest2.o conftest.c >&5
configure:8260: $? = 0
configure:8282: result: yes
configure:8290: checking if i686-pc-linux-gnu-gcc supports -c -o file.o
configure:8337: result: yes
configure:8370: checking whether the i686-pc-linux-gnu-gcc linker (/home/pdrezet/workspace/inxware2.0-Release/INX/EHS-build-support/toolchains/i686-pc-linux-gnu-4.4.6/i686-pc-linux-gnu/bin/ld) supports shared libraries
configure:9356: result: yes
configure:9393: checking whether -lc should be explicitly linked in
configure:9398: i686-pc-linux-gnu-gcc -c --sysroot=/home/pdrezet/workspace/inxware2.0-Release/INX/comp-lib-support/inx_build_scripts/../../EHS-build-support/toolchains/i686-pc-linux-gnu-4.4.6/sysroot -I/home/pdrezet/workspace/inxware2.0-Release/INX/comp-lib-support/inx_build_scripts/../target_libs/i686-linux-gnu-i686-pc-linux-gnu-4.4.6-gtk_gst/build/include/ -I/home/pdrezet/workspace/inxware2.0-Release/INX/comp-lib-support/inx_build_scripts/../../EHS-build-support/support_libs/target_libs/i686-linux-gnu-i686-pc-linux-gnu-4.4.6/build/include/ -I/home/pdrezet/workspace/inxware2.0-Release/INX/comp-lib-support/inx_build_scripts/../../EHS-build-support/kernel-dependencies/linux/2.6.35.9 -I/home/pdrezet/workspace/inxware2.0-Release/INX/comp-lib-support/inx_build_scripts/../../EHS-build-support/toolchains/i686-pc-linux-gnu-4.4.6/sysroot/usr/include   conftest.c >&5
configure:9401: $? = 0
configure:9416: i686-pc-linux-gnu-gcc -shared conftest.o  -v -Wl,-soname -Wl,conftest -o conftest 2\>\&1 \| /bin/grep  -lc  \>/dev/null 2\>\&1
configure:9419: $? = 0
configure:9431: result: no
configure:9595: checking dynamic linker characteristics
configure:10041: i686-pc-linux-gnu-gcc -o conftest --sysroot=/home/pdrezet/workspace/inxware2.0-Release/INX/comp-lib-support/inx_build_scripts/../../EHS-build-support/toolchains/i686-pc-linux-gnu-4.4.6/sysroot -I/home/pdrezet/workspace/inxware2.0-Release/INX/comp-lib-support/inx_build_scripts/../target_libs/i686-linux-gnu-i686-pc-linux-gnu-4.4.6-gtk_gst/build/include/ -I/home/pdrezet/workspace/inxware2.0-Release/INX/comp-lib-support/inx_build_scripts/../../EHS-build-support/support_libs/target_libs/i686-linux-gnu-i686-pc-linux-gnu-4.4.6/build/include/ -I/home/pdrezet/workspace/inxware2.0-Release/INX/comp-lib-support/inx_build_scripts/../../EHS-build-support/kernel-dependencies/linux/2.6.35.9 -I/home/pdrezet/workspace/inxware2.0-Release/INX/comp-lib-support/inx_build_scripts/../../EHS-build-support/toolchains/i686-pc-linux-gnu-4.4.6/sysroot/usr/include    --sysroot=/home/pdrezet/workspace/inxware2.0-Release/INX/comp-lib-support/inx_build_scripts/../../EHS-build-support/toolchains/i686-pc-linux-gnu-4.4.6/sysroot -L/home/pdrezet/workspace/inxware2.0-Release/INX/comp-lib-support/inx_build_scripts/../target_libs/i686-linux-gnu-i686-pc-linux-gnu-4.4.6-gtk_gst/build/lib/  -L/home/pdrezet/workspace/inxware2.0-Release/INX/comp-lib-support/inx_build_scripts/../../EHS-build-support/support_libs/target_libs/i686-linux-gnu-i686-pc-linux-gnu-4.4.6/build/lib -L/home/pdrezet/workspace/inxware2.0-Release/INX/comp-lib-support/inx_build_scripts/../../EHS-build-support/toolchains/i686-pc-linux-gnu-4.4.6/sysroot/usr/lib -lc_nonshared -Wl,-rpath -Wl,/foo conftest.c  >&5
configure:10041: $? = 0
configure:10259: result: GNU/Linux ld.so
configure:10361: checking how to hardcode library paths into programs
configure:10386: result: immediate
configure:10906: checking whether stripping libraries is possible
configure:10911: result: yes
configure:10946: checking if libtool supports shared libraries
configure:10948: result: yes
configure:10951: checking whether to build shared libraries
configure:10972: result: yes
configure:10975: checking whether to build static libraries
configure:10979: result: yes
configure:11128: Using GStreamer FFMpeg source release as package name
configure:11152: Using Unknown package origin as package origin
configure:11167: checking for i686-linux-gnu-pkg-config
configure:11200: result: no
configure:11210: checking for pkg-config
configure:11228: found /usr/bin/pkg-config
configure:11240: result: /usr/bin/pkg-config
configure:11265: checking pkg-config is at least version 0.9.0
configure:11268: result: yes
configure:11466: checking whether byte ordering is bigendian
configure:11481: i686-pc-linux-gnu-gcc -c --sysroot=/home/pdrezet/workspace/inxware2.0-Release/INX/comp-lib-support/inx_build_scripts/../../EHS-build-support/toolchains/i686-pc-linux-gnu-4.4.6/sysroot -I/home/pdrezet/workspace/inxware2.0-Release/INX/comp-lib-support/inx_build_scripts/../target_libs/i686-linux-gnu-i686-pc-linux-gnu-4.4.6-gtk_gst/build/include/ -I/home/pdrezet/workspace/inxware2.0-Release/INX/comp-lib-support/inx_build_scripts/../../EHS-build-support/support_libs/target_libs/i686-linux-gnu-i686-pc-linux-gnu-4.4.6/build/include/ -I/home/pdrezet/workspace/inxware2.0-Release/INX/comp-lib-support/inx_build_scripts/../../EHS-build-support/kernel-dependencies/linux/2.6.35.9 -I/home/pdrezet/workspace/inxware2.0-Release/INX/comp-lib-support/inx_build_scripts/../../EHS-build-support/toolchains/i686-pc-linux-gnu-4.4.6/sysroot/usr/include   conftest.c >&5
conftest.c:28: error: expected '=', ',', ';', 'asm' or '__attribute__' before 'a'
configure:11481: $? = 1
configure: failed program was:
| /* confdefs.h */
| #define PACKAGE_NAME "GStreamer FFMpeg"
| #define PACKAGE_TARNAME "gst-ffmpeg"
| #define PACKAGE_VERSION "0.10.10"
| #define PACKAGE_STRING "GStreamer FFMpeg 0.10.10"
| #define PACKAGE_BUGREPORT "http://bugzilla.gnome.org/enter_bug.cgi?product=GStreamer"
| #define PACKAGE_URL ""
| #define PACKAGE "gst-ffmpeg"
| #define VERSION "0.10.10"
| #define STDC_HEADERS 1
| #define HAVE_SYS_TYPES_H 1
| #define HAVE_SYS_STAT_H 1
| #define HAVE_STDLIB_H 1
| #define HAVE_STRING_H 1
| #define HAVE_MEMORY_H 1
| #define HAVE_STRINGS_H 1
| #define HAVE_INTTYPES_H 1
| #define HAVE_STDINT_H 1
| #define HAVE_UNISTD_H 1
| #define HAVE_DLFCN_H 1
| #define LT_OBJDIR ".libs/"
| #define GST_PACKAGE_NAME "GStreamer FFMpeg source release"
| #define GST_PACKAGE_ORIGIN "Unknown package origin"
| #define HAVE_CPU_I386 1
| #define HAVE_RDTSC 1
| /* end confdefs.h.  */
| #ifndef __APPLE_CC__
| 	       not a universal capable compiler
| 	     #endif
| 	     typedef int dummy;
| 
configure:11526: i686-pc-linux-gnu-gcc -c --sysroot=/home/pdrezet/workspace/inxware2.0-Release/INX/comp-lib-support/inx_build_scripts/../../EHS-build-support/toolchains/i686-pc-linux-gnu-4.4.6/sysroot -I/home/pdrezet/workspace/inxware2.0-Release/INX/comp-lib-support/inx_build_scripts/../target_libs/i686-linux-gnu-i686-pc-linux-gnu-4.4.6-gtk_gst/build/include/ -I/home/pdrezet/workspace/inxware2.0-Release/INX/comp-lib-support/inx_build_scripts/../../EHS-build-support/support_libs/target_libs/i686-linux-gnu-i686-pc-linux-gnu-4.4.6/build/include/ -I/home/pdrezet/workspace/inxware2.0-Release/INX/comp-lib-support/inx_build_scripts/../../EHS-build-support/kernel-dependencies/linux/2.6.35.9 -I/home/pdrezet/workspace/inxware2.0-Release/INX/comp-lib-support/inx_build_scripts/../../EHS-build-support/toolchains/i686-pc-linux-gnu-4.4.6/sysroot/usr/include   conftest.c >&5
configure:11526: $? = 0
configure:11544: i686-pc-linux-gnu-gcc -c --sysroot=/home/pdrezet/workspace/inxware2.0-Release/INX/comp-lib-support/inx_build_scripts/../../EHS-build-support/toolchains/i686-pc-linux-gnu-4.4.6/sysroot -I/home/pdrezet/workspace/inxware2.0-Release/INX/comp-lib-support/inx_build_scripts/../target_libs/i686-linux-gnu-i686-pc-linux-gnu-4.4.6-gtk_gst/build/include/ -I/home/pdrezet/workspace/inxware2.0-Release/INX/comp-lib-support/inx_build_scripts/../../EHS-build-support/support_libs/target_libs/i686-linux-gnu-i686-pc-linux-gnu-4.4.6/build/include/ -I/home/pdrezet/workspace/inxware2.0-Release/INX/comp-lib-support/inx_build_scripts/../../EHS-build-support/kernel-dependencies/linux/2.6.35.9 -I/home/pdrezet/workspace/inxware2.0-Release/INX/comp-lib-support/inx_build_scripts/../../EHS-build-support/toolchains/i686-pc-linux-gnu-4.4.6/sysroot/usr/include   conftest.c >&5
conftest.c: In function 'main':
conftest.c:34: error: 'not' undeclared (first use in this function)
conftest.c:34: error: (Each undeclared identifier is reported only once
conftest.c:34: error: for each function it appears in.)
conftest.c:34: error: expected ';' before 'big'
configure:11544: $? = 1
configure: failed program was:
| /* confdefs.h */
| #define PACKAGE_NAME "GStreamer FFMpeg"
| #define PACKAGE_TARNAME "gst-ffmpeg"
| #define PACKAGE_VERSION "0.10.10"
| #define PACKAGE_STRING "GStreamer FFMpeg 0.10.10"
| #define PACKAGE_BUGREPORT "http://bugzilla.gnome.org/enter_bug.cgi?product=GStreamer"
| #define PACKAGE_URL ""
| #define PACKAGE "gst-ffmpeg"
| #define VERSION "0.10.10"
| #define STDC_HEADERS 1
| #define HAVE_SYS_TYPES_H 1
| #define HAVE_SYS_STAT_H 1
| #define HAVE_STDLIB_H 1
| #define HAVE_STRING_H 1
| #define HAVE_MEMORY_H 1
| #define HAVE_STRINGS_H 1
| #define HAVE_INTTYPES_H 1
| #define HAVE_STDINT_H 1
| #define HAVE_UNISTD_H 1
| #define HAVE_DLFCN_H 1
| #define LT_OBJDIR ".libs/"
| #define GST_PACKAGE_NAME "GStreamer FFMpeg source release"
| #define GST_PACKAGE_ORIGIN "Unknown package origin"
| #define HAVE_CPU_I386 1
| #define HAVE_RDTSC 1
| /* end confdefs.h.  */
| #include <sys/types.h>
| 		#include <sys/param.h>
| 
| int
| main ()
| {
| #if BYTE_ORDER != BIG_ENDIAN
| 		 not big endian
| 		#endif
| 
|   ;
|   return 0;
| }
configure:11672: result: no
configure:11820: checking for i686-linux-gnu-gcc
configure:11847: result: i686-pc-linux-gnu-gcc
configure:12116: checking for C compiler version
configure:12125: i686-pc-linux-gnu-gcc --version >&5
i686-pc-linux-gnu-gcc (GCC) 4.4.6
Copyright (C) 2010 Free Software Foundation, Inc.
This is free software; see the source for copying conditions.  There is NO
warranty; not even for MERCHANTABILITY or FITNESS FOR A PARTICULAR PURPOSE.

configure:12136: $? = 0
configure:12125: i686-pc-linux-gnu-gcc -v >&5
Using built-in specs.
Target: i686-pc-linux-gnu
Configured with: ../gcc-4.4.6/configure --prefix=/home/pdrezet/workspace/inxware2.0-Release/INX/EHS-build-support/toolchains/inx-build-scripts/../i686-pc-linux-gnu-4.4.6 --with-local-prefix=/home/pdrezet/workspace/inxware2.0-Release/INX/EHS-build-support/toolchains/inx-build-scripts/../i686-pc-linux-gnu-4.4.6 --target=i686-pc-linux-gnu --with-sysroot=/home/pdrezet/workspace/inxware2.0-Release/INX/EHS-build-support/toolchains/inx-build-scripts/../i686-pc-linux-gnu-4.4.6/sysroot --with-build-sysroot=/home/pdrezet/workspace/inxware2.0-Release/INX/EHS-build-support/toolchains/inx-build-scripts/../i686-pc-linux-gnu-4.4.6/sysroot --with-system-zlib --enable-multilib --enable-checking=none --enable-languages=c,c++ --enable-nls --enable-tls --enable-threads=posix --enable-shared --disable-hidden-plt --disable-bootstrap --enable-__cxa_atexit --with-gmp=/home/pdrezet/workspace/inxware2.0-Release/INX/EHS-build-support/toolchains/inx-build-scripts/../i686-pc-linux-gnu-4.4.6 --with-mpfr=/home/pdrezet/workspace/inxware2.0-Release/INX/EHS-build-support/toolchains/inx-build-scripts/../i686-pc-linux-gnu-4.4.6 --with-ppl=/home/pdrezet/workspace/inxware2.0-Release/INX/EHS-build-support/toolchains/inx-build-scripts/../i686-pc-linux-gnu-4.4.6 --with-cloog=/home/pdrezet/workspace/inxware2.0-Release/INX/EHS-build-support/toolchains/inx-build-scripts/../i686-pc-linux-gnu-4.4.6 CFLAGS=-O2
Thread model: posix
gcc version 4.4.6 (GCC) 
configure:12136: $? = 0
configure:12125: i686-pc-linux-gnu-gcc -V >&5
i686-pc-linux-gnu-gcc: '-V' option must have argument
configure:12136: $? = 1
configure:12125: i686-pc-linux-gnu-gcc -qversion >&5
i686-pc-linux-gnu-gcc: unrecognized option '-qversion'
i686-pc-linux-gnu-gcc: no input files
configure:12136: $? = 1
configure:12140: checking whether we are using the GNU C compiler
configure:12168: result: yes
configure:12177: checking whether i686-pc-linux-gnu-gcc accepts -g
configure:12238: result: yes
configure:12255: checking for i686-pc-linux-gnu-gcc option to accept ISO C89
configure:12332: result: none needed
configure:12354: checking dependency style of i686-pc-linux-gnu-gcc
configure:12464: result: gcc3
configure:12489: checking for i686-linux-gnu-gcc
configure:12516: result: i686-pc-linux-gnu-gcc
configure:12785: checking for C compiler version
configure:12794: i686-pc-linux-gnu-gcc --version >&5
i686-pc-linux-gnu-gcc (GCC) 4.4.6
Copyright (C) 2010 Free Software Foundation, Inc.
This is free software; see the source for copying conditions.  There is NO
warranty; not even for MERCHANTABILITY or FITNESS FOR A PARTICULAR PURPOSE.

configure:12805: $? = 0
configure:12794: i686-pc-linux-gnu-gcc -v >&5
Using built-in specs.
Target: i686-pc-linux-gnu
Configured with: ../gcc-4.4.6/configure --prefix=/home/pdrezet/workspace/inxware2.0-Release/INX/EHS-build-support/toolchains/inx-build-scripts/../i686-pc-linux-gnu-4.4.6 --with-local-prefix=/home/pdrezet/workspace/inxware2.0-Release/INX/EHS-build-support/toolchains/inx-build-scripts/../i686-pc-linux-gnu-4.4.6 --target=i686-pc-linux-gnu --with-sysroot=/home/pdrezet/workspace/inxware2.0-Release/INX/EHS-build-support/toolchains/inx-build-scripts/../i686-pc-linux-gnu-4.4.6/sysroot --with-build-sysroot=/home/pdrezet/workspace/inxware2.0-Release/INX/EHS-build-support/toolchains/inx-build-scripts/../i686-pc-linux-gnu-4.4.6/sysroot --with-system-zlib --enable-multilib --enable-checking=none --enable-languages=c,c++ --enable-nls --enable-tls --enable-threads=posix --enable-shared --disable-hidden-plt --disable-bootstrap --enable-__cxa_atexit --with-gmp=/home/pdrezet/workspace/inxware2.0-Release/INX/EHS-build-support/toolchains/inx-build-scripts/../i686-pc-linux-gnu-4.4.6 --with-mpfr=/home/pdrezet/workspace/inxware2.0-Release/INX/EHS-build-support/toolchains/inx-build-scripts/../i686-pc-linux-gnu-4.4.6 --with-ppl=/home/pdrezet/workspace/inxware2.0-Release/INX/EHS-build-support/toolchains/inx-build-scripts/../i686-pc-linux-gnu-4.4.6 --with-cloog=/home/pdrezet/workspace/inxware2.0-Release/INX/EHS-build-support/toolchains/inx-build-scripts/../i686-pc-linux-gnu-4.4.6 CFLAGS=-O2
Thread model: posix
gcc version 4.4.6 (GCC) 
configure:12805: $? = 0
configure:12794: i686-pc-linux-gnu-gcc -V >&5
i686-pc-linux-gnu-gcc: '-V' option must have argument
configure:12805: $? = 1
configure:12794: i686-pc-linux-gnu-gcc -qversion >&5
i686-pc-linux-gnu-gcc: unrecognized option '-qversion'
i686-pc-linux-gnu-gcc: no input files
configure:12805: $? = 1
configure:12809: checking whether we are using the GNU C compiler
configure:12837: result: yes
configure:12846: checking whether i686-pc-linux-gnu-gcc accepts -g
configure:12907: result: yes
configure:12924: checking for i686-pc-linux-gnu-gcc option to accept ISO C89
configure:13001: result: none needed
configure:13023: checking dependency style of i686-pc-linux-gnu-gcc
configure:13133: result: gcc3
configure:13154: checking whether i686-pc-linux-gnu-gcc and cc understand -c and -o together
configure:13185: i686-pc-linux-gnu-gcc -c conftest.c -o conftest2.o >&5
configure:13189: $? = 0
configure:13195: i686-pc-linux-gnu-gcc -c conftest.c -o conftest2.o >&5
configure:13199: $? = 0
configure:13210: cc -c conftest.c >&5
configure:13214: $? = 0
configure:13222: cc -c conftest.c -o conftest2.o >&5
configure:13226: $? = 0
configure:13232: cc -c conftest.c -o conftest2.o >&5
configure:13236: $? = 0
configure:13254: result: yes
configure:13282: checking for valgrind
configure:13313: result: no
configure:14070: checking whether to build gtk-doc documentation
configure:14072: result: no
configure:14079: checking for gtkdoc-check
configure:14112: result: no
configure:14143: Looking for Python version >= 2.1
configure:14161: checking for python
configure:14179: found /usr/bin/python
configure:14191: result: /usr/bin/python
configure:14203: checking "/usr/bin/python":
configure:14205: result: okay
configure:14221: checking local Python configuration
configure:14258: result: looks good
configure:14266: checking whether to build plugin documentation
configure:14273: result: no (gtk-doc disabled or not available)
configure:14376: checking for cos in -lm
configure:14401: i686-pc-linux-gnu-gcc -o conftest --sysroot=/home/pdrezet/workspace/inxware2.0-Release/INX/comp-lib-support/inx_build_scripts/../../EHS-build-support/toolchains/i686-pc-linux-gnu-4.4.6/sysroot -I/home/pdrezet/workspace/inxware2.0-Release/INX/comp-lib-support/inx_build_scripts/../target_libs/i686-linux-gnu-i686-pc-linux-gnu-4.4.6-gtk_gst/build/include/ -I/home/pdrezet/workspace/inxware2.0-Release/INX/comp-lib-support/inx_build_scripts/../../EHS-build-support/support_libs/target_libs/i686-linux-gnu-i686-pc-linux-gnu-4.4.6/build/include/ -I/home/pdrezet/workspace/inxware2.0-Release/INX/comp-lib-support/inx_build_scripts/../../EHS-build-support/kernel-dependencies/linux/2.6.35.9 -I/home/pdrezet/workspace/inxware2.0-Release/INX/comp-lib-support/inx_build_scripts/../../EHS-build-support/toolchains/i686-pc-linux-gnu-4.4.6/sysroot/usr/include    --sysroot=/home/pdrezet/workspace/inxware2.0-Release/INX/comp-lib-support/inx_build_scripts/../../EHS-build-support/toolchains/i686-pc-linux-gnu-4.4.6/sysroot -L/home/pdrezet/workspace/inxware2.0-Release/INX/comp-lib-support/inx_build_scripts/../target_libs/i686-linux-gnu-i686-pc-linux-gnu-4.4.6-gtk_gst/build/lib/  -L/home/pdrezet/workspace/inxware2.0-Release/INX/comp-lib-support/inx_build_scripts/../../EHS-build-support/support_libs/target_libs/i686-linux-gnu-i686-pc-linux-gnu-4.4.6/build/lib -L/home/pdrezet/workspace/inxware2.0-Release/INX/comp-lib-support/inx_build_scripts/../../EHS-build-support/toolchains/i686-pc-linux-gnu-4.4.6/sysroot/usr/lib -lc_nonshared conftest.c -lm   >&5
conftest.c:35: warning: conflicting types for built-in function 'cos'
configure:14401: $? = 0
configure:14410: result: yes
configure:14423: checking for ANSI C header files
configure:14527: result: yes
configure:14549: checking for GST
configure:14557: $PKG_CONFIG --exists --print-errors "$module >= $minver"
configure:14560: $? = 0
configure:14575: $PKG_CONFIG --exists --print-errors "$module >= $minver"
configure:14578: $? = 0
configure:14638: result: yes
configure:14652: using GStreamer tools in /home/pdrezet/workspace/inxware2.0-Release/INX/comp-lib-support/inx_build_scripts/../target_libs/i686-linux-gnu-i686-pc-linux-gnu-4.4.6-gtk_gst/build/bin
configure:14662: using GStreamer plug-ins in /home/pdrezet/workspace/inxware2.0-Release/INX/comp-lib-support/inx_build_scripts/../target_libs/i686-linux-gnu-i686-pc-linux-gnu-4.4.6-gtk_gst/build/lib/gstreamer-0.10
configure:14674: checking for GST_BASE
configure:14682: $PKG_CONFIG --exists --print-errors "$module >= $minver"
configure:14685: $? = 0
configure:14700: $PKG_CONFIG --exists --print-errors "$module >= $minver"
configure:14703: $? = 0
configure:14763: result: yes
configure:14780: checking for GST_PLUGINS_BASE
configure:14788: $PKG_CONFIG --exists --print-errors "$module >= $minver"
configure:14791: $? = 0
configure:14806: $PKG_CONFIG --exists --print-errors "$module >= $minver"
configure:14809: $? = 0
configure:14869: result: yes
configure:14884: using GStreamer Base Plug-ins in /home/pdrezet/workspace/inxware2.0-Release/INX/comp-lib-support/inx_build_scripts/../target_libs/i686-linux-gnu-i686-pc-linux-gnu-4.4.6-gtk_gst/build/lib/gstreamer-0.10
configure:14896: checking for GST_CHECK
configure:14904: $PKG_CONFIG --exists --print-errors "$module >= $minver"
configure:14907: $? = 0
configure:14922: $PKG_CONFIG --exists --print-errors "$module >= $minver"
configure:14925: $? = 0
configure:14985: result: yes
configure:15003: Using GStreamer Core Plugins in /home/pdrezet/workspace/inxware2.0-Release/INX/comp-lib-support/inx_build_scripts/../target_libs/i686-linux-gnu-i686-pc-linux-gnu-4.4.6-gtk_gst/build/lib/gstreamer-0.10
configure:15005: Using GStreamer Base Plugins in /home/pdrezet/workspace/inxware2.0-Release/INX/comp-lib-support/inx_build_scripts/../target_libs/i686-linux-gnu-i686-pc-linux-gnu-4.4.6-gtk_gst/build/lib/gstreamer-0.10
configure:15010: checking for LIBOIL
configure:15018: $PKG_CONFIG --exists --print-errors "liboil-$LIBOIL_MAJORMINOR >= $LIBOIL_REQ"
configure:15021: $? = 0
configure:15036: $PKG_CONFIG --exists --print-errors "liboil-$LIBOIL_MAJORMINOR >= $LIBOIL_REQ"
configure:15039: $? = 0
configure:15075: result: yes
configure:15123: Using /home/pdrezet/workspace/inxware2.0-Release/INX/comp-lib-support/inx_build_scripts/../target_libs/i686-linux-gnu-i686-pc-linux-gnu-4.4.6-gtk_gst/build/lib/gstreamer-0.10 as the plugin install location
configure:15131: checking to see if compiler understands 
configure:15148: i686-pc-linux-gnu-gcc -c --sysroot=/home/pdrezet/workspace/inxware2.0-Release/INX/comp-lib-support/inx_build_scripts/../../EHS-build-support/toolchains/i686-pc-linux-gnu-4.4.6/sysroot -I/home/pdrezet/workspace/inxware2.0-Release/INX/comp-lib-support/inx_build_scripts/../target_libs/i686-linux-gnu-i686-pc-linux-gnu-4.4.6-gtk_gst/build/include/ -I/home/pdrezet/workspace/inxware2.0-Release/INX/comp-lib-support/inx_build_scripts/../../EHS-build-support/support_libs/target_libs/i686-linux-gnu-i686-pc-linux-gnu-4.4.6/build/include/ -I/home/pdrezet/workspace/inxware2.0-Release/INX/comp-lib-support/inx_build_scripts/../../EHS-build-support/kernel-dependencies/linux/2.6.35.9 -I/home/pdrezet/workspace/inxware2.0-Release/INX/comp-lib-support/inx_build_scripts/../../EHS-build-support/toolchains/i686-pc-linux-gnu-4.4.6/sysroot/usr/include    conftest.c >&5
configure:15148: $? = 0
configure:15163: result: yes
configure:15172: checking to see if compiler understands -Wall
configure:15189: i686-pc-linux-gnu-gcc -c --sysroot=/home/pdrezet/workspace/inxware2.0-Release/INX/comp-lib-support/inx_build_scripts/../../EHS-build-support/toolchains/i686-pc-linux-gnu-4.4.6/sysroot -I/home/pdrezet/workspace/inxware2.0-Release/INX/comp-lib-support/inx_build_scripts/../target_libs/i686-linux-gnu-i686-pc-linux-gnu-4.4.6-gtk_gst/build/include/ -I/home/pdrezet/workspace/inxware2.0-Release/INX/comp-lib-support/inx_build_scripts/../../EHS-build-support/support_libs/target_libs/i686-linux-gnu-i686-pc-linux-gnu-4.4.6/build/include/ -I/home/pdrezet/workspace/inxware2.0-Release/INX/comp-lib-support/inx_build_scripts/../../EHS-build-support/kernel-dependencies/linux/2.6.35.9 -I/home/pdrezet/workspace/inxware2.0-Release/INX/comp-lib-support/inx_build_scripts/../../EHS-build-support/toolchains/i686-pc-linux-gnu-4.4.6/sysroot/usr/include  -Wall  conftest.c >&5
configure:15189: $? = 0
configure:15204: result: yes
configure:15209: checking to see if compiler understands -Wdeclaration-after-statement
configure:15226: i686-pc-linux-gnu-gcc -c --sysroot=/home/pdrezet/workspace/inxware2.0-Release/INX/comp-lib-support/inx_build_scripts/../../EHS-build-support/toolchains/i686-pc-linux-gnu-4.4.6/sysroot -I/home/pdrezet/workspace/inxware2.0-Release/INX/comp-lib-support/inx_build_scripts/../target_libs/i686-linux-gnu-i686-pc-linux-gnu-4.4.6-gtk_gst/build/include/ -I/home/pdrezet/workspace/inxware2.0-Release/INX/comp-lib-support/inx_build_scripts/../../EHS-build-support/support_libs/target_libs/i686-linux-gnu-i686-pc-linux-gnu-4.4.6/build/include/ -I/home/pdrezet/workspace/inxware2.0-Release/INX/comp-lib-support/inx_build_scripts/../../EHS-build-support/kernel-dependencies/linux/2.6.35.9 -I/home/pdrezet/workspace/inxware2.0-Release/INX/comp-lib-support/inx_build_scripts/../../EHS-build-support/toolchains/i686-pc-linux-gnu-4.4.6/sysroot/usr/include  -Wdeclaration-after-statement  conftest.c >&5
configure:15226: $? = 0
configure:15241: result: yes
configure:15246: checking to see if compiler understands -Wvla
configure:15263: i686-pc-linux-gnu-gcc -c --sysroot=/home/pdrezet/workspace/inxware2.0-Release/INX/comp-lib-support/inx_build_scripts/../../EHS-build-support/toolchains/i686-pc-linux-gnu-4.4.6/sysroot -I/home/pdrezet/workspace/inxware2.0-Release/INX/comp-lib-support/inx_build_scripts/../target_libs/i686-linux-gnu-i686-pc-linux-gnu-4.4.6-gtk_gst/build/include/ -I/home/pdrezet/workspace/inxware2.0-Release/INX/comp-lib-support/inx_build_scripts/../../EHS-build-support/support_libs/target_libs/i686-linux-gnu-i686-pc-linux-gnu-4.4.6/build/include/ -I/home/pdrezet/workspace/inxware2.0-Release/INX/comp-lib-support/inx_build_scripts/../../EHS-build-support/kernel-dependencies/linux/2.6.35.9 -I/home/pdrezet/workspace/inxware2.0-Release/INX/comp-lib-support/inx_build_scripts/../../EHS-build-support/toolchains/i686-pc-linux-gnu-4.4.6/sysroot/usr/include  -Wvla  conftest.c >&5
configure:15263: $? = 0
configure:15278: result: yes
configure:15283: checking to see if compiler understands -Wpointer-arith
configure:15300: i686-pc-linux-gnu-gcc -c --sysroot=/home/pdrezet/workspace/inxware2.0-Release/INX/comp-lib-support/inx_build_scripts/../../EHS-build-support/toolchains/i686-pc-linux-gnu-4.4.6/sysroot -I/home/pdrezet/workspace/inxware2.0-Release/INX/comp-lib-support/inx_build_scripts/../target_libs/i686-linux-gnu-i686-pc-linux-gnu-4.4.6-gtk_gst/build/include/ -I/home/pdrezet/workspace/inxware2.0-Release/INX/comp-lib-support/inx_build_scripts/../../EHS-build-support/support_libs/target_libs/i686-linux-gnu-i686-pc-linux-gnu-4.4.6/build/include/ -I/home/pdrezet/workspace/inxware2.0-Release/INX/comp-lib-support/inx_build_scripts/../../EHS-build-support/kernel-dependencies/linux/2.6.35.9 -I/home/pdrezet/workspace/inxware2.0-Release/INX/comp-lib-support/inx_build_scripts/../../EHS-build-support/toolchains/i686-pc-linux-gnu-4.4.6/sysroot/usr/include  -Wpointer-arith  conftest.c >&5
configure:15300: $? = 0
configure:15315: result: yes
configure:15493: set ERROR_CFLAGS to -Wall -Wdeclaration-after-statement -Wvla -Wpointer-arith
configure:15551: checking for BZ2_bzlibVersion in -lbz2
configure:15576: i686-pc-linux-gnu-gcc -o conftest --sysroot=/home/pdrezet/workspace/inxware2.0-Release/INX/comp-lib-support/inx_build_scripts/../../EHS-build-support/toolchains/i686-pc-linux-gnu-4.4.6/sysroot -I/home/pdrezet/workspace/inxware2.0-Release/INX/comp-lib-support/inx_build_scripts/../target_libs/i686-linux-gnu-i686-pc-linux-gnu-4.4.6-gtk_gst/build/include/ -I/home/pdrezet/workspace/inxware2.0-Release/INX/comp-lib-support/inx_build_scripts/../../EHS-build-support/support_libs/target_libs/i686-linux-gnu-i686-pc-linux-gnu-4.4.6/build/include/ -I/home/pdrezet/workspace/inxware2.0-Release/INX/comp-lib-support/inx_build_scripts/../../EHS-build-support/kernel-dependencies/linux/2.6.35.9 -I/home/pdrezet/workspace/inxware2.0-Release/INX/comp-lib-support/inx_build_scripts/../../EHS-build-support/toolchains/i686-pc-linux-gnu-4.4.6/sysroot/usr/include    --sysroot=/home/pdrezet/workspace/inxware2.0-Release/INX/comp-lib-support/inx_build_scripts/../../EHS-build-support/toolchains/i686-pc-linux-gnu-4.4.6/sysroot -L/home/pdrezet/workspace/inxware2.0-Release/INX/comp-lib-support/inx_build_scripts/../target_libs/i686-linux-gnu-i686-pc-linux-gnu-4.4.6-gtk_gst/build/lib/  -L/home/pdrezet/workspace/inxware2.0-Release/INX/comp-lib-support/inx_build_scripts/../../EHS-build-support/support_libs/target_libs/i686-linux-gnu-i686-pc-linux-gnu-4.4.6/build/lib -L/home/pdrezet/workspace/inxware2.0-Release/INX/comp-lib-support/inx_build_scripts/../../EHS-build-support/toolchains/i686-pc-linux-gnu-4.4.6/sysroot/usr/lib -lc_nonshared conftest.c -lbz2   >&5
/home/pdrezet/workspace/inxware2.0-Release/INX/EHS-build-support/toolchains/i686-pc-linux-gnu-4.4.6/bin/../lib/gcc/i686-pc-linux-gnu/4.4.6/../../../../i686-pc-linux-gnu/bin/ld: cannot find -lbz2
collect2: ld returned 1 exit status
configure:15576: $? = 1
configure: failed program was:
| /* confdefs.h */
| #define PACKAGE_NAME "GStreamer FFMpeg"
| #define PACKAGE_TARNAME "gst-ffmpeg"
| #define PACKAGE_VERSION "0.10.10"
| #define PACKAGE_STRING "GStreamer FFMpeg 0.10.10"
| #define PACKAGE_BUGREPORT "http://bugzilla.gnome.org/enter_bug.cgi?product=GStreamer"
| #define PACKAGE_URL ""
| #define PACKAGE "gst-ffmpeg"
| #define VERSION "0.10.10"
| #define STDC_HEADERS 1
| #define HAVE_SYS_TYPES_H 1
| #define HAVE_SYS_STAT_H 1
| #define HAVE_STDLIB_H 1
| #define HAVE_STRING_H 1
| #define HAVE_MEMORY_H 1
| #define HAVE_STRINGS_H 1
| #define HAVE_INTTYPES_H 1
| #define HAVE_STDINT_H 1
| #define HAVE_UNISTD_H 1
| #define HAVE_DLFCN_H 1
| #define LT_OBJDIR ".libs/"
| #define GST_PACKAGE_NAME "GStreamer FFMpeg source release"
| #define GST_PACKAGE_ORIGIN "Unknown package origin"
| #define HAVE_CPU_I386 1
| #define HAVE_RDTSC 1
| #define HOST_CPU "i686"
| #define STDC_HEADERS 1
| #define PLUGINDIR "/home/pdrezet/workspace/inxware2.0-Release/INX/comp-lib-support/inx_build_scripts/../target_libs/i686-linux-gnu-i686-pc-linux-gnu-4.4.6-gtk_gst/build/lib/gstreamer-0.10"
| #define GST_LEVEL_DEFAULT GST_LEVEL_NONE
| /* end confdefs.h.  */
| 
| /* Override any GCC internal prototype to avoid an error.
|    Use char because int might match the return type of a GCC
|    builtin and then its argument prototype would still apply.  */
| #ifdef __cplusplus
| extern "C"
| #endif
| char BZ2_bzlibVersion ();
| int
| main ()
| {
| return BZ2_bzlibVersion ();
|   ;
|   return 0;
| }
configure:15585: result: no
configure:15622: WARNING: libbz2 not found, matroska demuxer will not be able to read bz2 tracks
configure:15990: Using ffmpeg revision 21874
configure:16092: Using included FFMpeg code
configure:16142: checking for sed
configure:16170: result: /bin/sed
configure:16441: creating ./config.status

## ---------------------- ##
## Running config.status. ##
## ---------------------- ##

This file was extended by GStreamer FFMpeg config.status 0.10.10, which was
generated by GNU Autoconf 2.65.  Invocation command line was

  CONFIG_FILES    = 
  CONFIG_HEADERS  = 
  CONFIG_LINKS    = 
  CONFIG_COMMANDS = 
  $ ./config.status 

on pdrezet-HP-Pavilion-dv8-Notebook-PC

config.status:1275: creating Makefile
config.status:1275: creating common/Makefile
config.status:1275: creating common/m4/Makefile
config.status:1275: creating common/shave
config.status:1275: creating common/shave-libtool
config.status:1275: creating gst-ffmpeg.spec
config.status:1275: creating ext/Makefile
config.status:1275: creating ext/ffmpeg/Makefile
config.status:1275: creating ext/libpostproc/Makefile
config.status:1275: creating ext/libswscale/Makefile
config.status:1275: creating gst-libs/Makefile
config.status:1275: creating gst-libs/ext/Makefile
config.status:1275: creating docs/Makefile
config.status:1275: creating docs/version.entities
config.status:1275: creating tests/Makefile
config.status:1275: creating tests/check/Makefile
config.status:1275: creating tests/files/Makefile
config.status:1275: creating config.h
config.status:1447: config.h is unchanged
config.status:1495: executing depfiles commands
config.status:1495: executing libtool commands
config.status:1495: executing configure-embedded-ffmpeg commands

## ---------------- ##
## Cache variables. ##
## ---------------- ##

ac_cv_build=i386-pc-linux-gnu
ac_cv_c_bigendian=no
ac_cv_c_compiler_gnu=yes
ac_cv_env_CC_set=set
ac_cv_env_CC_value=i686-pc-linux-gnu-gcc
ac_cv_env_CFLAGS_set=set
ac_cv_env_CFLAGS_value='--sysroot=/home/pdrezet/workspace/inxware2.0-Release/INX/comp-lib-support/inx_build_scripts/../../EHS-build-support/toolchains/i686-pc-linux-gnu-4.4.6/sysroot -I/home/pdrezet/workspace/inxware2.0-Release/INX/comp-lib-support/inx_build_scripts/../target_libs/i686-linux-gnu-i686-pc-linux-gnu-4.4.6-gtk_gst/build/include/ -I/home/pdrezet/workspace/inxware2.0-Release/INX/comp-lib-support/inx_build_scripts/../../EHS-build-support/support_libs/target_libs/i686-linux-gnu-i686-pc-linux-gnu-4.4.6/build/include/ -I/home/pdrezet/workspace/inxware2.0-Release/INX/comp-lib-support/inx_build_scripts/../../EHS-build-support/kernel-dependencies/linux/2.6.35.9 -I/home/pdrezet/workspace/inxware2.0-Release/INX/comp-lib-support/inx_build_scripts/../../EHS-build-support/toolchains/i686-pc-linux-gnu-4.4.6/sysroot/usr/include '
ac_cv_env_CPPFLAGS_set=
ac_cv_env_CPPFLAGS_value=
ac_cv_env_CPP_set=
ac_cv_env_CPP_value=
ac_cv_env_FFMPEG_CFLAGS_set=
ac_cv_env_FFMPEG_CFLAGS_value=
ac_cv_env_FFMPEG_LIBS_set=
ac_cv_env_FFMPEG_LIBS_value=
ac_cv_env_GST_BASE_CFLAGS_set=
ac_cv_env_GST_BASE_CFLAGS_value=
ac_cv_env_GST_BASE_LIBS_set=
ac_cv_env_GST_BASE_LIBS_value=
ac_cv_env_GST_CFLAGS_set=
ac_cv_env_GST_CFLAGS_value=
ac_cv_env_GST_CHECK_CFLAGS_set=
ac_cv_env_GST_CHECK_CFLAGS_value=
ac_cv_env_GST_CHECK_LIBS_set=
ac_cv_env_GST_CHECK_LIBS_value=
ac_cv_env_GST_LIBS_set=
ac_cv_env_GST_LIBS_value=
ac_cv_env_GST_PLUGINS_BASE_CFLAGS_set=
ac_cv_env_GST_PLUGINS_BASE_CFLAGS_value=
ac_cv_env_GST_PLUGINS_BASE_LIBS_set=
ac_cv_env_GST_PLUGINS_BASE_LIBS_value=
ac_cv_env_LDFLAGS_set=set
ac_cv_env_LDFLAGS_value=' --sysroot=/home/pdrezet/workspace/inxware2.0-Release/INX/comp-lib-support/inx_build_scripts/../../EHS-build-support/toolchains/i686-pc-linux-gnu-4.4.6/sysroot -L/home/pdrezet/workspace/inxware2.0-Release/INX/comp-lib-support/inx_build_scripts/../target_libs/i686-linux-gnu-i686-pc-linux-gnu-4.4.6-gtk_gst/build/lib/  -L/home/pdrezet/workspace/inxware2.0-Release/INX/comp-lib-support/inx_build_scripts/../../EHS-build-support/support_libs/target_libs/i686-linux-gnu-i686-pc-linux-gnu-4.4.6/build/lib -L/home/pdrezet/workspace/inxware2.0-Release/INX/comp-lib-support/inx_build_scripts/../../EHS-build-support/toolchains/i686-pc-linux-gnu-4.4.6/sysroot/usr/lib -lc_nonshared'
ac_cv_env_LIBOIL_CFLAGS_set=
ac_cv_env_LIBOIL_CFLAGS_value=
ac_cv_env_LIBOIL_LIBS_set=
ac_cv_env_LIBOIL_LIBS_value=
ac_cv_env_LIBS_set=
ac_cv_env_LIBS_value=
ac_cv_env_PKG_CONFIG_set=
ac_cv_env_PKG_CONFIG_value=
ac_cv_env_POSTPROC_CFLAGS_set=
ac_cv_env_POSTPROC_CFLAGS_value=
ac_cv_env_POSTPROC_LIBS_set=
ac_cv_env_POSTPROC_LIBS_value=
ac_cv_env_SWSCALE_CFLAGS_set=
ac_cv_env_SWSCALE_CFLAGS_value=
ac_cv_env_SWSCALE_LIBS_set=
ac_cv_env_SWSCALE_LIBS_value=
ac_cv_env_VALGRIND_CFLAGS_set=
ac_cv_env_VALGRIND_CFLAGS_value=
ac_cv_env_VALGRIND_LIBS_set=
ac_cv_env_VALGRIND_LIBS_value=
ac_cv_env_build_alias_set=set
ac_cv_env_build_alias_value=i386-linux
ac_cv_env_host_alias_set=set
ac_cv_env_host_alias_value=i686-linux-gnu
ac_cv_env_target_alias_set=
ac_cv_env_target_alias_value=
ac_cv_header_dlfcn_h=yes
ac_cv_header_inttypes_h=yes
ac_cv_header_memory_h=yes
ac_cv_header_stdc=yes
ac_cv_header_stdint_h=yes
ac_cv_header_stdlib_h=yes
ac_cv_header_string_h=yes
ac_cv_header_strings_h=yes
ac_cv_header_sys_stat_h=yes
ac_cv_header_sys_types_h=yes
ac_cv_header_unistd_h=yes
ac_cv_host=i686-pc-linux-gnu
ac_cv_lib_bz2_BZ2_bzlibVersion=no
ac_cv_lib_m_cos=yes
ac_cv_objext=o
ac_cv_path_EGREP='/bin/grep -E'
ac_cv_path_FGREP='/bin/grep -F'
ac_cv_path_GREP=/bin/grep
ac_cv_path_PYTHON=/usr/bin/python
ac_cv_path_SED=/bin/sed
ac_cv_path_VALGRIND_PATH=no
ac_cv_path_ac_pt_PKG_CONFIG=/usr/bin/pkg-config
ac_cv_path_install='/usr/bin/install -c'
ac_cv_path_mkdir=/bin/mkdir
ac_cv_prog_AR=i686-pc-linux-gnu-ar
ac_cv_prog_AWK=gawk
ac_cv_prog_CC=i686-pc-linux-gnu-gcc
ac_cv_prog_CPP='i686-pc-linux-gnu-gcc -E'
ac_cv_prog_OBJDUMP=objdump
ac_cv_prog_RANLIB=i686-pc-linux-gnu-ranlib
ac_cv_prog_SED=/bin/sed
ac_cv_prog_STRIP=strip
ac_cv_prog_ac_ct_STRIP=strip
ac_cv_prog_cc_c89=
ac_cv_prog_cc_g=yes
ac_cv_prog_cc_i686_pc_linux_gnu_gcc_c_o=yes
ac_cv_prog_make_make_set=yes
am_cv_CC_dependencies_compiler_type=gcc3
am_cv_prog_cc_stdc=
lt_cv_deplibs_check_method=pass_all
lt_cv_file_magic_cmd='$MAGIC_CMD'
lt_cv_file_magic_test_file=
lt_cv_ld_reload_flag=-r
lt_cv_nm_interface='BSD nm'
lt_cv_objdir=.libs
lt_cv_path_LD=/home/pdrezet/workspace/inxware2.0-Release/INX/EHS-build-support/toolchains/i686-pc-linux-gnu-4.4.6/i686-pc-linux-gnu/bin/ld
lt_cv_path_NM=nm
lt_cv_prog_compiler_c_o=yes
lt_cv_prog_compiler_pic_works=yes
lt_cv_prog_compiler_rtti_exceptions=no
lt_cv_prog_compiler_static_works=no
lt_cv_prog_gnu_ld=yes
lt_cv_sys_global_symbol_pipe='sed -n -e '\''s/^.*[	 ]\([ABCDGIRSTW][ABCDGIRSTW]*\)[	 ][	 ]*\([_A-Za-z][_A-Za-z0-9]*\)$/\1 \2 \2/p'\'''
lt_cv_sys_global_symbol_to_c_name_address='sed -n -e '\''s/^: \([^ ]*\) $/  {\"\1\", (void *) 0},/p'\'' -e '\''s/^[ABCDGIRSTW]* \([^ ]*\) \([^ ]*\)$/  {"\2", (void *) \&\2},/p'\'''
lt_cv_sys_global_symbol_to_c_name_address_lib_prefix='sed -n -e '\''s/^: \([^ ]*\) $/  {\"\1\", (void *) 0},/p'\'' -e '\''s/^[ABCDGIRSTW]* \([^ ]*\) \(lib[^ ]*\)$/  {"\2", (void *) \&\2},/p'\'' -e '\''s/^[ABCDGIRSTW]* \([^ ]*\) \([^ ]*\)$/  {"lib\2", (void *) \&\2},/p'\'''
lt_cv_sys_global_symbol_to_cdecl='sed -n -e '\''s/^T .* \(.*\)$/extern int \1();/p'\'' -e '\''s/^[ABCDGIRSTW]* .* \(.*\)$/extern char \1;/p'\'''
lt_cv_sys_max_cmd_len=1572864
pkg_cv_GST_BASE_CFLAGS='-pthread -I/home/pdrezet/workspace/inxware2.0-Release/INX/comp-lib-support/inx_build_scripts/../target_libs/i686-linux-gnu-i686-pc-linux-gnu-4.4.6-gtk_gst/build/include/gstreamer-0.10 -I/home/pdrezet/workspace/inxware2.0-Release/INX/comp-lib-support/inx_build_scripts/../target_libs/i686-linux-gnu-i686-pc-linux-gnu-4.4.6-gtk_gst/build/include/glib-2.0 -I/home/pdrezet/workspace/inxware2.0-Release/INX/comp-lib-support/inx_build_scripts/../target_libs/i686-linux-gnu-i686-pc-linux-gnu-4.4.6-gtk_gst/build/lib/glib-2.0/include  '
pkg_cv_GST_BASE_LIBS='-pthread -L/home/pdrezet/workspace/inxware2.0-Release/INX/comp-lib-support/inx_build_scripts/../target_libs/i686-linux-gnu-i686-pc-linux-gnu-4.4.6-gtk_gst/build/lib -lgstbase-0.10 -lgstreamer-0.10 -lgobject-2.0 -lgmodule-2.0 -lgthread-2.0 -lrt -lglib-2.0  '
pkg_cv_GST_CFLAGS='-pthread -I/home/pdrezet/workspace/inxware2.0-Release/INX/comp-lib-support/inx_build_scripts/../target_libs/i686-linux-gnu-i686-pc-linux-gnu-4.4.6-gtk_gst/build/include/gstreamer-0.10 -I/home/pdrezet/workspace/inxware2.0-Release/INX/comp-lib-support/inx_build_scripts/../target_libs/i686-linux-gnu-i686-pc-linux-gnu-4.4.6-gtk_gst/build/include/glib-2.0 -I/home/pdrezet/workspace/inxware2.0-Release/INX/comp-lib-support/inx_build_scripts/../target_libs/i686-linux-gnu-i686-pc-linux-gnu-4.4.6-gtk_gst/build/lib/glib-2.0/include  '
pkg_cv_GST_CHECK_CFLAGS='-pthread -I/home/pdrezet/workspace/inxware2.0-Release/INX/comp-lib-support/inx_build_scripts/../target_libs/i686-linux-gnu-i686-pc-linux-gnu-4.4.6-gtk_gst/build/include/gstreamer-0.10 -I/home/pdrezet/workspace/inxware2.0-Release/INX/comp-lib-support/inx_build_scripts/../target_libs/i686-linux-gnu-i686-pc-linux-gnu-4.4.6-gtk_gst/build/include/glib-2.0 -I/home/pdrezet/workspace/inxware2.0-Release/INX/comp-lib-support/inx_build_scripts/../target_libs/i686-linux-gnu-i686-pc-linux-gnu-4.4.6-gtk_gst/build/lib/glib-2.0/include  '
pkg_cv_GST_CHECK_LIBS='-pthread -L/home/pdrezet/workspace/inxware2.0-Release/INX/comp-lib-support/inx_build_scripts/../target_libs/i686-linux-gnu-i686-pc-linux-gnu-4.4.6-gtk_gst/build/lib -lgstcheck-0.10 -lm -lgstreamer-0.10 -lgobject-2.0 -lgmodule-2.0 -lgthread-2.0 -lrt -lglib-2.0  '
pkg_cv_GST_LIBS='-pthread -L/home/pdrezet/workspace/inxware2.0-Release/INX/comp-lib-support/inx_build_scripts/../target_libs/i686-linux-gnu-i686-pc-linux-gnu-4.4.6-gtk_gst/build/lib -lgstreamer-0.10 -lgobject-2.0 -lgmodule-2.0 -lgthread-2.0 -lrt -lglib-2.0  '
pkg_cv_GST_PLUGINS_BASE_CFLAGS='-pthread -I/home/pdrezet/workspace/inxware2.0-Release/INX/comp-lib-support/inx_build_scripts/../target_libs/i686-linux-gnu-i686-pc-linux-gnu-4.4.6-gtk_gst/build/include/gstreamer-0.10 -I/home/pdrezet/workspace/inxware2.0-Release/INX/comp-lib-support/inx_build_scripts/../target_libs/i686-linux-gnu-i686-pc-linux-gnu-4.4.6-gtk_gst/build/include/glib-2.0 -I/home/pdrezet/workspace/inxware2.0-Release/INX/comp-lib-support/inx_build_scripts/../target_libs/i686-linux-gnu-i686-pc-linux-gnu-4.4.6-gtk_gst/build/lib/glib-2.0/include  '
pkg_cv_GST_PLUGINS_BASE_LIBS='-pthread -L/home/pdrezet/workspace/inxware2.0-Release/INX/comp-lib-support/inx_build_scripts/../target_libs/i686-linux-gnu-i686-pc-linux-gnu-4.4.6-gtk_gst/build/lib -lgstreamer-0.10 -lgobject-2.0 -lgmodule-2.0 -lgthread-2.0 -lrt -lglib-2.0  '
pkg_cv_LIBOIL_CFLAGS='-I/home/pdrezet/workspace/inxware2.0-Release/INX/comp-lib-support/inx_build_scripts/../target_libs/i686-linux-gnu-i686-pc-linux-gnu-4.4.6-gtk_gst/build/include/liboil-0.3  '
pkg_cv_LIBOIL_LIBS='-L/home/pdrezet/workspace/inxware2.0-Release/INX/comp-lib-support/inx_build_scripts/../target_libs/i686-linux-gnu-i686-pc-linux-gnu-4.4.6-gtk_gst/build/lib -loil-0.3 -lm -lrt  '

## ----------------- ##
## Output variables. ##
## ----------------- ##

ACLOCAL='${SHELL} /home/pdrezet/workspace/inxware2.0-Release/INX/comp-lib-support/contrib/gst-ffmpeg/gst-ffmpeg-0.10.10/missing --run aclocal-1.11'
ACLOCAL_AMFLAGS='-I m4 -I common/m4'
AMDEPBACKSLASH='\'
AMDEP_FALSE='#'
AMDEP_TRUE=''
AMTAR='${SHELL} /home/pdrezet/workspace/inxware2.0-Release/INX/comp-lib-support/contrib/gst-ffmpeg/gst-ffmpeg-0.10.10/missing --run tar'
AM_MAKEFLAGS='`test -z $V && echo -s`'
AR='i686-pc-linux-gnu-ar'
AS='i686-pc-linux-gnu-gcc'
AUTOCONF='${SHELL} /home/pdrezet/workspace/inxware2.0-Release/INX/comp-lib-support/contrib/gst-ffmpeg/gst-ffmpeg-0.10.10/missing --run autoconf'
AUTOHEADER='${SHELL} /home/pdrezet/workspace/inxware2.0-Release/INX/comp-lib-support/contrib/gst-ffmpeg/gst-ffmpeg-0.10.10/missing --run autoheader'
AUTOMAKE='${SHELL} /home/pdrezet/workspace/inxware2.0-Release/INX/comp-lib-support/contrib/gst-ffmpeg/gst-ffmpeg-0.10.10/missing --run automake-1.11'
AWK='gawk'
CAT_ENTRY_END=''
CAT_ENTRY_START=''
CC='/bin/sh /home/pdrezet/workspace/inxware2.0-Release/INX/comp-lib-support/contrib/gst-ffmpeg/gst-ffmpeg-0.10.10/common/shave cc i686-pc-linux-gnu-gcc'
CCDEPMODE='depmode=gcc3'
CFLAGS='--sysroot=/home/pdrezet/workspace/inxware2.0-Release/INX/comp-lib-support/inx_build_scripts/../../EHS-build-support/toolchains/i686-pc-linux-gnu-4.4.6/sysroot -I/home/pdrezet/workspace/inxware2.0-Release/INX/comp-lib-support/inx_build_scripts/../target_libs/i686-linux-gnu-i686-pc-linux-gnu-4.4.6-gtk_gst/build/include/ -I/home/pdrezet/workspace/inxware2.0-Release/INX/comp-lib-support/inx_build_scripts/../../EHS-build-support/support_libs/target_libs/i686-linux-gnu-i686-pc-linux-gnu-4.4.6/build/include/ -I/home/pdrezet/workspace/inxware2.0-Release/INX/comp-lib-support/inx_build_scripts/../../EHS-build-support/kernel-dependencies/linux/2.6.35.9 -I/home/pdrezet/workspace/inxware2.0-Release/INX/comp-lib-support/inx_build_scripts/../../EHS-build-support/toolchains/i686-pc-linux-gnu-4.4.6/sysroot/usr/include '
CPP='i686-pc-linux-gnu-gcc -E'
CPPFLAGS=''
CXX='/bin/sh /home/pdrezet/workspace/inxware2.0-Release/INX/comp-lib-support/contrib/gst-ffmpeg/gst-ffmpeg-0.10.10/common/shave cxx i686-pc-linux-gnu-g++'
CYGPATH_W='echo'
DARWIN_LDFLAGS=''
DEFS='-DHAVE_CONFIG_H'
DEPDIR='.deps'
DEPRECATED_CFLAGS=''
DLLTOOL='dlltool'
DOCBOOK_ROOT=''
DOC_HTML_FALSE=''
DOC_HTML_TRUE='#'
DOC_PDF_FALSE=''
DOC_PDF_TRUE='#'
DOC_PS_FALSE=''
DOC_PS_TRUE='#'
DSYMUTIL=''
DUMPBIN=''
ECHO_C=''
ECHO_N='-n'
ECHO_T=''
EGREP='/bin/grep -E'
ENABLE_DOCBOOK_FALSE=''
ENABLE_DOCBOOK_TRUE='#'
ENABLE_GTK_DOC_FALSE=''
ENABLE_GTK_DOC_TRUE='#'
ENABLE_PLUGIN_DOCS_FALSE=''
ENABLE_PLUGIN_DOCS_TRUE='#'
ERROR_CFLAGS='-Wall -Wdeclaration-after-statement -Wvla -Wpointer-arith'
EXEEXT=''
F77='/bin/sh /home/pdrezet/workspace/inxware2.0-Release/INX/comp-lib-support/contrib/gst-ffmpeg/gst-ffmpeg-0.10.10/common/shave f77 '
FC='/bin/sh /home/pdrezet/workspace/inxware2.0-Release/INX/comp-lib-support/contrib/gst-ffmpeg/gst-ffmpeg-0.10.10/common/shave fc '
FFMPEG_CFLAGS='-I $(top_srcdir)/gst-libs/ext/ffmpeg/libavformat                  -I $(top_srcdir)/gst-libs/ext/ffmpeg/libavutil                  -I $(top_srcdir)/gst-libs/ext/ffmpeg/libavcodec 		 -I $(top_srcdir)/gst-libs/ext/ffmpeg 		 -I $(top_builddir)/gst-libs/ext/ffmpeg                  -Wno-deprecated-declarations'
FFMPEG_CO_DIR='gst-libs/ext/ffmpeg'
FFMPEG_EXTERNALS_REVISION='30520'
FFMPEG_LIBS='$(top_builddir)/gst-libs/ext/ffmpeg/libavformat/libavformat.a                $(top_builddir)/gst-libs/ext/ffmpeg/libavcodec/libavcodec.a                $(top_builddir)/gst-libs/ext/ffmpeg/libavutil/libavutil.a'
FFMPEG_REVISION='21874'
FFMPEG_SUBDIRS='gst-libs'
FFMPEG_SVN='svn://svn.ffmpeg.org/ffmpeg/trunk'
FGREP='/bin/grep -F'
GREP='/bin/grep'
GSTPB_PLUGINS_DIR='/home/pdrezet/workspace/inxware2.0-Release/INX/comp-lib-support/inx_build_scripts/../target_libs/i686-linux-gnu-i686-pc-linux-gnu-4.4.6-gtk_gst/build/lib/gstreamer-0.10'
GST_ALL_LDFLAGS='-no-undefined'
GST_BASE_CFLAGS='-pthread -I/home/pdrezet/workspace/inxware2.0-Release/INX/comp-lib-support/inx_build_scripts/../target_libs/i686-linux-gnu-i686-pc-linux-gnu-4.4.6-gtk_gst/build/include/gstreamer-0.10 -I/home/pdrezet/workspace/inxware2.0-Release/INX/comp-lib-support/inx_build_scripts/../target_libs/i686-linux-gnu-i686-pc-linux-gnu-4.4.6-gtk_gst/build/include/glib-2.0 -I/home/pdrezet/workspace/inxware2.0-Release/INX/comp-lib-support/inx_build_scripts/../target_libs/i686-linux-gnu-i686-pc-linux-gnu-4.4.6-gtk_gst/build/lib/glib-2.0/include  '
GST_BASE_LIBS='-pthread -L/home/pdrezet/workspace/inxware2.0-Release/INX/comp-lib-support/inx_build_scripts/../target_libs/i686-linux-gnu-i686-pc-linux-gnu-4.4.6-gtk_gst/build/lib -lgstbase-0.10 -lgstreamer-0.10 -lgobject-2.0 -lgmodule-2.0 -lgthread-2.0 -lrt -lglib-2.0  '
GST_CFLAGS='-I$(top_srcdir)/gst-libs -I$(top_builddir)/gst-libs -pthread -I/home/pdrezet/workspace/inxware2.0-Release/INX/comp-lib-support/inx_build_scripts/../target_libs/i686-linux-gnu-i686-pc-linux-gnu-4.4.6-gtk_gst/build/include/gstreamer-0.10 -I/home/pdrezet/workspace/inxware2.0-Release/INX/comp-lib-support/inx_build_scripts/../target_libs/i686-linux-gnu-i686-pc-linux-gnu-4.4.6-gtk_gst/build/include/glib-2.0 -I/home/pdrezet/workspace/inxware2.0-Release/INX/comp-lib-support/inx_build_scripts/../target_libs/i686-linux-gnu-i686-pc-linux-gnu-4.4.6-gtk_gst/build/lib/glib-2.0/include   $(GST_OPTION_CFLAGS)'
GST_CHECK_CFLAGS='-pthread -I/home/pdrezet/workspace/inxware2.0-Release/INX/comp-lib-support/inx_build_scripts/../target_libs/i686-linux-gnu-i686-pc-linux-gnu-4.4.6-gtk_gst/build/include/gstreamer-0.10 -I/home/pdrezet/workspace/inxware2.0-Release/INX/comp-lib-support/inx_build_scripts/../target_libs/i686-linux-gnu-i686-pc-linux-gnu-4.4.6-gtk_gst/build/include/glib-2.0 -I/home/pdrezet/workspace/inxware2.0-Release/INX/comp-lib-support/inx_build_scripts/../target_libs/i686-linux-gnu-i686-pc-linux-gnu-4.4.6-gtk_gst/build/lib/glib-2.0/include  '
GST_CHECK_LIBS='-pthread -L/home/pdrezet/workspace/inxware2.0-Release/INX/comp-lib-support/inx_build_scripts/../target_libs/i686-linux-gnu-i686-pc-linux-gnu-4.4.6-gtk_gst/build/lib -lgstcheck-0.10 -lm -lgstreamer-0.10 -lgobject-2.0 -lgmodule-2.0 -lgthread-2.0 -lrt -lglib-2.0  '
GST_LEVEL_DEFAULT='GST_LEVEL_NONE'
GST_LIBS='-pthread -L/home/pdrezet/workspace/inxware2.0-Release/INX/comp-lib-support/inx_build_scripts/../target_libs/i686-linux-gnu-i686-pc-linux-gnu-4.4.6-gtk_gst/build/lib -lgstreamer-0.10 -lgobject-2.0 -lgmodule-2.0 -lgthread-2.0 -lrt -lglib-2.0  '
GST_MAJORMINOR='0.10'
GST_OPTION_CFLAGS='$(ERROR_CFLAGS) $(DEBUG_CFLAGS) $(PROFILE_CFLAGS) $(GCOV_CFLAGS) $(OPT_CFLAGS) $(DEPRECATED_CFLAGS)'
GST_PACKAGE_NAME='GStreamer FFMpeg source release'
GST_PACKAGE_ORIGIN='Unknown package origin'
GST_PLUGINS_BASE_CFLAGS='-pthread -I/home/pdrezet/workspace/inxware2.0-Release/INX/comp-lib-support/inx_build_scripts/../target_libs/i686-linux-gnu-i686-pc-linux-gnu-4.4.6-gtk_gst/build/include/gstreamer-0.10 -I/home/pdrezet/workspace/inxware2.0-Release/INX/comp-lib-support/inx_build_scripts/../target_libs/i686-linux-gnu-i686-pc-linux-gnu-4.4.6-gtk_gst/build/include/glib-2.0 -I/home/pdrezet/workspace/inxware2.0-Release/INX/comp-lib-support/inx_build_scripts/../target_libs/i686-linux-gnu-i686-pc-linux-gnu-4.4.6-gtk_gst/build/lib/glib-2.0/include  '
GST_PLUGINS_BASE_LIBS='-pthread -L/home/pdrezet/workspace/inxware2.0-Release/INX/comp-lib-support/inx_build_scripts/../target_libs/i686-linux-gnu-i686-pc-linux-gnu-4.4.6-gtk_gst/build/lib -lgstreamer-0.10 -lgobject-2.0 -lgmodule-2.0 -lgthread-2.0 -lrt -lglib-2.0  '
GST_PLUGINS_DIR='/home/pdrezet/workspace/inxware2.0-Release/INX/comp-lib-support/inx_build_scripts/../target_libs/i686-linux-gnu-i686-pc-linux-gnu-4.4.6-gtk_gst/build/lib/gstreamer-0.10'
GST_PLUGIN_LDFLAGS='-module -avoid-version -export-symbols-regex '\''^_*gst_plugin_desc$$'\'' -no-undefined'
GST_TOOLS_DIR='/home/pdrezet/workspace/inxware2.0-Release/INX/comp-lib-support/inx_build_scripts/../target_libs/i686-linux-gnu-i686-pc-linux-gnu-4.4.6-gtk_gst/build/bin'
GTKDOC_CHECK=''
GTK_DOC_USE_LIBTOOL_FALSE='#'
GTK_DOC_USE_LIBTOOL_TRUE=''
HAVE_BZ2='no'
HAVE_BZ2_FALSE=''
HAVE_BZ2_TRUE='#'
HAVE_CPU_ALPHA_FALSE=''
HAVE_CPU_ALPHA_TRUE='#'
HAVE_CPU_ARM_FALSE=''
HAVE_CPU_ARM_TRUE='#'
HAVE_CPU_CRISV32_FALSE=''
HAVE_CPU_CRISV32_TRUE='#'
HAVE_CPU_CRIS_FALSE=''
HAVE_CPU_CRIS_TRUE='#'
HAVE_CPU_HPPA_FALSE=''
HAVE_CPU_HPPA_TRUE='#'
HAVE_CPU_I386_FALSE='#'
HAVE_CPU_I386_TRUE=''
HAVE_CPU_IA64_FALSE=''
HAVE_CPU_IA64_TRUE='#'
HAVE_CPU_M68K_FALSE=''
HAVE_CPU_M68K_TRUE='#'
HAVE_CPU_MIPS_FALSE=''
HAVE_CPU_MIPS_TRUE='#'
HAVE_CPU_PPC64_FALSE=''
HAVE_CPU_PPC64_TRUE='#'
HAVE_CPU_PPC_FALSE=''
HAVE_CPU_PPC_TRUE='#'
HAVE_CPU_S390_FALSE=''
HAVE_CPU_S390_TRUE='#'
HAVE_CPU_SPARC_FALSE=''
HAVE_CPU_SPARC_TRUE='#'
HAVE_CPU_X86_64_FALSE=''
HAVE_CPU_X86_64_TRUE='#'
HAVE_DOCBOOK2HTML=''
HAVE_DOCBOOK2PS=''
HAVE_DVIPS=''
HAVE_EPSTOPDF=''
HAVE_FFMPEG_UNINSTALLED_FALSE='#'
HAVE_FFMPEG_UNINSTALLED_TRUE=''
HAVE_FIG2DEV=''
HAVE_GST_CHECK_FALSE='#'
HAVE_GST_CHECK_TRUE=''
HAVE_JADETEX=''
HAVE_PNGTOPNM=''
HAVE_PNMTOPS=''
HAVE_PS2PDF=''
HAVE_VALGRIND_FALSE=''
HAVE_VALGRIND_TRUE='#'
HAVE_XMLLINT=''
HTML_DIR='${datadir}/gtk-doc/html'
INSTALL_DATA='${INSTALL} -m 644'
INSTALL_PROGRAM='${INSTALL}'
INSTALL_SCRIPT='${INSTALL}'
INSTALL_STRIP_PROGRAM='$(install_sh) -c -s'
LD='/home/pdrezet/workspace/inxware2.0-Release/INX/EHS-build-support/toolchains/i686-pc-linux-gnu-4.4.6/i686-pc-linux-gnu/bin/ld'
LDFLAGS=' --sysroot=/home/pdrezet/workspace/inxware2.0-Release/INX/comp-lib-support/inx_build_scripts/../../EHS-build-support/toolchains/i686-pc-linux-gnu-4.4.6/sysroot -L/home/pdrezet/workspace/inxware2.0-Release/INX/comp-lib-support/inx_build_scripts/../target_libs/i686-linux-gnu-i686-pc-linux-gnu-4.4.6-gtk_gst/build/lib/  -L/home/pdrezet/workspace/inxware2.0-Release/INX/comp-lib-support/inx_build_scripts/../../EHS-build-support/support_libs/target_libs/i686-linux-gnu-i686-pc-linux-gnu-4.4.6/build/lib -L/home/pdrezet/workspace/inxware2.0-Release/INX/comp-lib-support/inx_build_scripts/../../EHS-build-support/toolchains/i686-pc-linux-gnu-4.4.6/sysroot/usr/lib -lc_nonshared'
LIBM='-lm'
LIBOBJS=''
LIBOIL_CFLAGS='-I/home/pdrezet/workspace/inxware2.0-Release/INX/comp-lib-support/inx_build_scripts/../target_libs/i686-linux-gnu-i686-pc-linux-gnu-4.4.6-gtk_gst/build/include/liboil-0.3  '
LIBOIL_LIBS='-L/home/pdrezet/workspace/inxware2.0-Release/INX/comp-lib-support/inx_build_scripts/../target_libs/i686-linux-gnu-i686-pc-linux-gnu-4.4.6-gtk_gst/build/lib -loil-0.3 -lm -lrt  '
LIBS=''
LIBTOOL='/bin/sh /home/pdrezet/workspace/inxware2.0-Release/INX/comp-lib-support/contrib/gst-ffmpeg/gst-ffmpeg-0.10.10/common/shave-libtool '\''$(SHELL) $(top_builddir)/libtool'\'''
LIPO=''
LN_S='ln -s'
LTLIBOBJS=''
MAINT='#'
MAINTAINER_MODE_FALSE=''
MAINTAINER_MODE_TRUE='#'
MAKEFLAGS='-s'
MAKEINFO='${SHELL} /home/pdrezet/workspace/inxware2.0-Release/INX/comp-lib-support/contrib/gst-ffmpeg/gst-ffmpeg-0.10.10/missing --run makeinfo'
MKDIR_P='/bin/mkdir -p'
NM='nm'
NMEDIT=''
OBJC='/bin/sh /home/pdrezet/workspace/inxware2.0-Release/INX/comp-lib-support/contrib/gst-ffmpeg/gst-ffmpeg-0.10.10/common/shave objc '
OBJDUMP='objdump'
OBJEXT='o'
OTOOL64=''
OTOOL=''
PACKAGE='gst-ffmpeg'
PACKAGE_BUGREPORT='http://bugzilla.gnome.org/enter_bug.cgi?product=GStreamer'
PACKAGE_NAME='GStreamer FFMpeg'
PACKAGE_STRING='GStreamer FFMpeg 0.10.10'
PACKAGE_TARNAME='gst-ffmpeg'
PACKAGE_URL=''
PACKAGE_VERSION='0.10.10'
PACKAGE_VERSION_MAJOR='0'
PACKAGE_VERSION_MICRO='10'
PACKAGE_VERSION_MINOR='10'
PACKAGE_VERSION_NANO='0'
PACKAGE_VERSION_RELEASE='1'
PATH_SEPARATOR=':'
PKG_CONFIG='/usr/bin/pkg-config'
PLUGINDIR='/home/pdrezet/workspace/inxware2.0-Release/INX/comp-lib-support/inx_build_scripts/../target_libs/i686-linux-gnu-i686-pc-linux-gnu-4.4.6-gtk_gst/build/lib/gstreamer-0.10'
POSTPROC_CFLAGS='-I $(top_srcdir)/gst-libs/ext/ffmpeg/libpostproc	                   -I $(top_srcdir)/gst-libs/ext/ffmpeg/libavutil 	                   -I $(top_srcdir)/gst-libs/ext/ffmpeg/libavcodec 	                   -I $(top_srcdir)/gst-libs/ext/ffmpeg 			   -I $(top_builddir)/gst-libs/ext/ffmpeg                    -Wno-deprecated-declarations'
POSTPROC_LIBS='$(top_builddir)/gst-libs/ext/ffmpeg/libpostproc/libpostproc.a   		 $(top_builddir)/gst-libs/ext/ffmpeg/libavutil/libavutil.a'
PROFILE_CFLAGS=''
PYTHON='/usr/bin/python'
PYTHON_EXEC_PREFIX='${exec_prefix}'
PYTHON_PLATFORM='linux2'
PYTHON_PREFIX='${prefix}'
PYTHON_VERSION='2.6'
Q='$(V:1=)'
RANLIB='i686-pc-linux-gnu-ranlib'
SED='/bin/sed'
SET_MAKE=''
SHELL='/bin/sh'
STRIP='strip'
SWSCALE_CFLAGS='-I $(top_srcdir)/gst-libs/ext/ffmpeg/libswscale	                  -I $(top_srcdir)/gst-libs/ext/ffmpeg/libavutil 	                  -I $(top_srcdir)/gst-libs/ext/ffmpeg 			   -I $(top_builddir)/gst-libs/ext/ffmpeg                   -Wno-deprecated-declarations'
SWSCALE_LIBS='$(top_builddir)/gst-libs/ext/ffmpeg/libswscale/libswscale.a                 $(top_builddir)/gst-libs/ext/ffmpeg/libavutil/libavutil.a'
V='@'
VALGRIND_CFLAGS=''
VALGRIND_LIBS=''
VALGRIND_PATH='no'
VERSION='0.10.10'
WIN32_LIBS=''
XML_CATALOG=''
XSLTPROC=''
XSLTPROC_FLAGS=''
ac_ct_CC=''
ac_ct_DUMPBIN=''
am__EXEEXT_FALSE=''
am__EXEEXT_TRUE='#'
am__fastdepCC_FALSE='#'
am__fastdepCC_TRUE=''
am__include='include'
am__isrc=''
am__leading_dot='.'
am__quote=''
am__tar='${AMTAR} chof - "$$tardir"'
am__untar='${AMTAR} xf -'
bindir='${exec_prefix}/bin'
build='i386-pc-linux-gnu'
build_alias='i386-linux'
build_cpu='i386'
build_os='linux-gnu'
build_vendor='pc'
datadir='${datarootdir}'
datarootdir='${prefix}/share'
docdir='$(datadir)/doc/gst-ffmpeg-0.10'
dvidir='${docdir}'
exec_prefix='${prefix}'
host='i686-pc-linux-gnu'
host_alias='i686-linux-gnu'
host_cpu='i686'
host_os='linux-gnu'
host_vendor='pc'
htmldir='${docdir}'
includedir='${prefix}/include'
infodir='${datarootdir}/info'
install_sh='${SHELL} /home/pdrezet/workspace/inxware2.0-Release/INX/comp-lib-support/contrib/gst-ffmpeg/gst-ffmpeg-0.10.10/install-sh'
libdir='${exec_prefix}/lib'
libexecdir='${exec_prefix}/libexec'
localedir='${datarootdir}/locale'
localstatedir='${prefix}/var'
lt_ECHO='echo'
mandir='${datarootdir}/man'
mkdir_p='/bin/mkdir -p'
oldincludedir='/usr/include'
pdfdir='${docdir}'
pkgpyexecdir='${pyexecdir}/gst-ffmpeg'
pkgpythondir='${pythondir}/gst-ffmpeg'
plugindir='$(libdir)/gstreamer-0.10'
prefix='/home/pdrezet/workspace/inxware2.0-Release/INX/comp-lib-support/inx_build_scripts/../target_libs/i686-linux-gnu-i686-pc-linux-gnu-4.4.6-gtk_gst/build'
program_transform_name='s,x,x,'
psdir='${docdir}'
pyexecdir='${exec_prefix}/lib/python2.6/site-packages'
pythondir='${prefix}/lib/python2.6/site-packages'
sbindir='${exec_prefix}/sbin'
sharedstatedir='${prefix}/com'
shavedir='/home/pdrezet/workspace/inxware2.0-Release/INX/comp-lib-support/contrib/gst-ffmpeg/gst-ffmpeg-0.10.10/common'
sysconfdir='${prefix}/etc'
target_alias=''

## ----------- ##
## confdefs.h. ##
## ----------- ##

/* confdefs.h */
#define PACKAGE_NAME "GStreamer FFMpeg"
#define PACKAGE_TARNAME "gst-ffmpeg"
#define PACKAGE_VERSION "0.10.10"
#define PACKAGE_STRING "GStreamer FFMpeg 0.10.10"
#define PACKAGE_BUGREPORT "http://bugzilla.gnome.org/enter_bug.cgi?product=GStreamer"
#define PACKAGE_URL ""
#define PACKAGE "gst-ffmpeg"
#define VERSION "0.10.10"
#define STDC_HEADERS 1
#define HAVE_SYS_TYPES_H 1
#define HAVE_SYS_STAT_H 1
#define HAVE_STDLIB_H 1
#define HAVE_STRING_H 1
#define HAVE_MEMORY_H 1
#define HAVE_STRINGS_H 1
#define HAVE_INTTYPES_H 1
#define HAVE_STDINT_H 1
#define HAVE_UNISTD_H 1
#define HAVE_DLFCN_H 1
#define LT_OBJDIR ".libs/"
#define GST_PACKAGE_NAME "GStreamer FFMpeg source release"
#define GST_PACKAGE_ORIGIN "Unknown package origin"
#define HAVE_CPU_I386 1
#define HAVE_RDTSC 1
#define HOST_CPU "i686"
#define STDC_HEADERS 1
#define PLUGINDIR "/home/pdrezet/workspace/inxware2.0-Release/INX/comp-lib-support/inx_build_scripts/../target_libs/i686-linux-gnu-i686-pc-linux-gnu-4.4.6-gtk_gst/build/lib/gstreamer-0.10"
#define GST_LEVEL_DEFAULT GST_LEVEL_NONE
#define HAVE_AVI_H 1
#define FFMPEG_SOURCE "local snapshot"
#define HAVE_FFMPEG_UNINSTALLED /**/

configure: exit 0
