This file contains any messages produced by compilers while
running configure, to aid debugging if configure makes a mistake.

It was created by GStreamer FFMpeg configure 0.10.11, which was
generated by GNU Autoconf 2.65.  Invocation command line was

  $ ./configure --with-system-ffmpeg --prefix=/home/pierre/workspace/INX/comp-lib-support/inx_build_scripts/../target_libs/i486-pc-linux-gnu_i686-pc-linux-gnu-4.2.4_i686-pc-linux-gnu-4.2.4_gtk_gst/build --host=i486-pc-linux-gnu --build=i386-linux

## --------- ##
## Platform. ##
## --------- ##

hostname = pierre-Lenovo-Y50-70
uname -m = x86_64
uname -r = 3.13.0-24-generic
uname -s = Linux
uname -v = #46-Ubuntu SMP Thu Apr 10 19:11:08 UTC 2014

/usr/bin/uname -p = unknown
/bin/uname -X     = unknown

/bin/arch              = unknown
/usr/bin/arch -k       = unknown
/usr/convex/getsysinfo = unknown
/usr/bin/hostinfo      = unknown
/bin/machine           = unknown
/usr/bin/oslevel       = unknown
/bin/universe          = unknown

PATH: /home/pierre/workspace/INX/comp-lib-support/inx_build_scripts/../../EHS-build-support/toolchains/x86_64/i686-pc-linux-gnu-4.2.4/bin
PATH: /home/pierre/bin
PATH: /usr/local/sbin
PATH: /usr/local/bin
PATH: /usr/sbin
PATH: /usr/bin
PATH: /sbin
PATH: /bin
PATH: /usr/games
PATH: /usr/local/games
PATH: ~/Tools/adt-bundle-linux-x86_64-20140702/sdk/platform-tools/


## ----------- ##
## Core tests. ##
## ----------- ##

configure:2476: checking for a BSD-compatible install
configure:2544: result: /usr/bin/install -c
configure:2555: checking whether build environment is sane
configure:2605: result: yes
configure:2654: checking for i486-pc-linux-gnu-strip
configure:2684: result: no
configure:2694: checking for strip
configure:2710: found /usr/bin/strip
configure:2721: result: strip
configure:2733: WARNING: using cross tools not prefixed with host triplet
configure:2746: checking for a thread-safe mkdir -p
configure:2785: result: /bin/mkdir -p
configure:2798: checking for gawk
configure:2814: found /usr/bin/gawk
configure:2825: result: gawk
configure:2836: checking whether make sets $(MAKE)
configure:2858: result: yes
configure:2950: checking nano version
configure:2956: result: 0 (release)
configure:2982: checking whether to enable maintainer-specific portions of Makefiles
configure:2991: result: no
configure:3009: checking build system type
configure:3023: result: i386-pc-linux-gnu
configure:3043: checking host system type
configure:3056: result: i486-pc-linux-gnu
configure:3443: checking how to print strings
configure:3470: result: printf
configure:3503: checking for style of include used by make
configure:3531: result: GNU
configure:3561: checking for i486-pc-linux-gnu-gcc
configure:3588: result: i686-pc-linux-gnu-gcc
configure:3857: checking for C compiler version
configure:3866: i686-pc-linux-gnu-gcc --version >&5
i686-pc-linux-gnu-gcc (GCC) 4.2.4
Copyright (C) 2007 Free Software Foundation, Inc.
This is free software; see the source for copying conditions.  There is NO
warranty; not even for MERCHANTABILITY or FITNESS FOR A PARTICULAR PURPOSE.

configure:3877: $? = 0
configure:3866: i686-pc-linux-gnu-gcc -v >&5
Using built-in specs.
Target: i686-pc-linux-gnu
Configured with: /home/pierre/workspace/INX/EHS-build-support/toolchains/inx-build-scripts/../contrib/gcc-4.2.4/configure --srcdir=/home/pierre/workspace/INX/EHS-build-support/toolchains/inx-build-scripts/../contrib/gcc-4.2.4 --build=x86_64-pc-linux-gnu --host=x86_64-pc-linux-gnu --target=i686-pc-linux-gnu --with-sysroot=/home/pierre/workspace/INX/EHS-build-support/toolchains/inx-build-scripts/../x86_64/i686-pc-linux-gnu-4.2.4/sysroot --prefix=/home/pierre/workspace/INX/EHS-build-support/toolchains/inx-build-scripts/../x86_64/i686-pc-linux-gnu-4.2.4 --with-gmp=/home/pierre/workspace/INX/EHS-build-support/toolchains/inx-build-scripts/../x86_64/i686-pc-linux-gnu-4.2.4 --with-mpfr=/home/pierre/workspace/INX/EHS-build-support/toolchains/inx-build-scripts/../x86_64/i686-pc-linux-gnu-4.2.4 --enable-multilib --disable-hidden-plt --disable-cloog --disable-ppl --disable-shared --disable-libmudflap --disable-libssp --enable-languages=c,c++ --disable-nls --with-system-zlib --disable-threads --disable-bootstrap --disable-doc
Thread model: single
gcc version 4.2.4
configure:3877: $? = 0
configure:3866: i686-pc-linux-gnu-gcc -V >&5
i686-pc-linux-gnu-gcc: '-V' option must have argument
configure:3877: $? = 1
configure:3866: i686-pc-linux-gnu-gcc -qversion >&5
i686-pc-linux-gnu-gcc: unrecognized option '-qversion'
i686-pc-linux-gnu-gcc: no input files
configure:3877: $? = 1
configure:3897: checking whether the C compiler works
configure:3919: i686-pc-linux-gnu-gcc  --sysroot=/home/pierre/workspace/INX/comp-lib-support/inx_build_scripts/../../EHS-build-support/toolchains/x86_64/i686-pc-linux-gnu-4.2.4/sysroot -I/home/pierre/workspace/INX/comp-lib-support/inx_build_scripts/../target_libs/i486-pc-linux-gnu_i686-pc-linux-gnu-4.2.4_i686-pc-linux-gnu-4.2.4_gtk_gst/build/include -I/home/pierre/workspace/INX/comp-lib-support/inx_build_scripts/../../EHS-build-support/support_libs/target_libs/i486-pc-linux-gnu-i686-pc-linux-gnu-4.2.4/build/include/ -I/home/pierre/workspace/INX/comp-lib-support/inx_build_scripts/../../EHS-build-support/kernel-dependencies/linux/2.6.21.7    --sysroot=/home/pierre/workspace/INX/comp-lib-support/inx_build_scripts/../../EHS-build-support/toolchains/x86_64/i686-pc-linux-gnu-4.2.4/sysroot -L/home/pierre/workspace/INX/comp-lib-support/inx_build_scripts/../target_libs/i486-pc-linux-gnu_i686-pc-linux-gnu-4.2.4_i686-pc-linux-gnu-4.2.4_gtk_gst/build/lib  -L/home/pierre/workspace/INX/comp-lib-support/inx_build_scripts/../../EHS-build-support/support_libs/target_libs/i486-pc-linux-gnu-i686-pc-linux-gnu-4.2.4/build/lib -L/home/pierre/workspace/INX/comp-lib-support/inx_build_scripts/../../EHS-build-support/toolchains/x86_64/i686-pc-linux-gnu-4.2.4/sysroot/usr/lib   conftest.c  >&5
/home/pierre/workspace/INX/EHS-build-support/toolchains/x86_64/i686-pc-linux-gnu-4.2.4/bin/../lib/gcc/i686-pc-linux-gnu/4.2.4/../../../../i686-pc-linux-gnu/bin/ld: crt1.o: No such file: No such file or directory
collect2: ld returned 1 exit status
configure:3923: $? = 1
configure:3961: result: no
configure: failed program was:
| /* confdefs.h */
| #define PACKAGE_NAME "GStreamer FFMpeg"
| #define PACKAGE_TARNAME "gst-ffmpeg"
| #define PACKAGE_VERSION "0.10.11"
| #define PACKAGE_STRING "GStreamer FFMpeg 0.10.11"
| #define PACKAGE_BUGREPORT "http://bugzilla.gnome.org/enter_bug.cgi?product=GStreamer"
| #define PACKAGE_URL ""
| #define PACKAGE "gst-ffmpeg"
| #define VERSION "0.10.11"
| /* end confdefs.h.  */
| 
| int
| main ()
| {
| 
|   ;
|   return 0;
| }
configure:3966: error: in `/home/pierre/workspace/INX/comp-lib-support/contrib/gst-ffmpeg/gst-ffmpeg-0.10.11':
configure:3970: error: C compiler cannot create executables
See `config.log' for more details.

## ---------------- ##
## Cache variables. ##
## ---------------- ##

ac_cv_build=i386-pc-linux-gnu
ac_cv_env_CC_set=set
ac_cv_env_CC_value=i686-pc-linux-gnu-gcc
ac_cv_env_CFLAGS_set=set
ac_cv_env_CFLAGS_value=' --sysroot=/home/pierre/workspace/INX/comp-lib-support/inx_build_scripts/../../EHS-build-support/toolchains/x86_64/i686-pc-linux-gnu-4.2.4/sysroot -I/home/pierre/workspace/INX/comp-lib-support/inx_build_scripts/../target_libs/i486-pc-linux-gnu_i686-pc-linux-gnu-4.2.4_i686-pc-linux-gnu-4.2.4_gtk_gst/build/include -I/home/pierre/workspace/INX/comp-lib-support/inx_build_scripts/../../EHS-build-support/support_libs/target_libs/i486-pc-linux-gnu-i686-pc-linux-gnu-4.2.4/build/include/ -I/home/pierre/workspace/INX/comp-lib-support/inx_build_scripts/../../EHS-build-support/kernel-dependencies/linux/2.6.21.7 '
ac_cv_env_CPPFLAGS_set=
ac_cv_env_CPPFLAGS_value=
ac_cv_env_CPP_set=
ac_cv_env_CPP_value=
ac_cv_env_FFMPEG_CFLAGS_set=
ac_cv_env_FFMPEG_CFLAGS_value=
ac_cv_env_FFMPEG_LIBS_set=
ac_cv_env_FFMPEG_LIBS_value=
ac_cv_env_GST_BASE_CFLAGS_set=
ac_cv_env_GST_BASE_CFLAGS_value=
ac_cv_env_GST_BASE_LIBS_set=
ac_cv_env_GST_BASE_LIBS_value=
ac_cv_env_GST_CFLAGS_set=
ac_cv_env_GST_CFLAGS_value=
ac_cv_env_GST_CHECK_CFLAGS_set=
ac_cv_env_GST_CHECK_CFLAGS_value=
ac_cv_env_GST_CHECK_LIBS_set=
ac_cv_env_GST_CHECK_LIBS_value=
ac_cv_env_GST_LIBS_set=
ac_cv_env_GST_LIBS_value=
ac_cv_env_GST_PLUGINS_BASE_CFLAGS_set=
ac_cv_env_GST_PLUGINS_BASE_CFLAGS_value=
ac_cv_env_GST_PLUGINS_BASE_LIBS_set=
ac_cv_env_GST_PLUGINS_BASE_LIBS_value=
ac_cv_env_LDFLAGS_set=set
ac_cv_env_LDFLAGS_value=' --sysroot=/home/pierre/workspace/INX/comp-lib-support/inx_build_scripts/../../EHS-build-support/toolchains/x86_64/i686-pc-linux-gnu-4.2.4/sysroot -L/home/pierre/workspace/INX/comp-lib-support/inx_build_scripts/../target_libs/i486-pc-linux-gnu_i686-pc-linux-gnu-4.2.4_i686-pc-linux-gnu-4.2.4_gtk_gst/build/lib  -L/home/pierre/workspace/INX/comp-lib-support/inx_build_scripts/../../EHS-build-support/support_libs/target_libs/i486-pc-linux-gnu-i686-pc-linux-gnu-4.2.4/build/lib -L/home/pierre/workspace/INX/comp-lib-support/inx_build_scripts/../../EHS-build-support/toolchains/x86_64/i686-pc-linux-gnu-4.2.4/sysroot/usr/lib  '
ac_cv_env_LIBS_set=
ac_cv_env_LIBS_value=
ac_cv_env_ORC_CFLAGS_set=
ac_cv_env_ORC_CFLAGS_value=
ac_cv_env_ORC_LIBS_set=
ac_cv_env_ORC_LIBS_value=
ac_cv_env_PKG_CONFIG_set=
ac_cv_env_PKG_CONFIG_value=
ac_cv_env_POSTPROC_CFLAGS_set=
ac_cv_env_POSTPROC_CFLAGS_value=
ac_cv_env_POSTPROC_LIBS_set=
ac_cv_env_POSTPROC_LIBS_value=
ac_cv_env_SWSCALE_CFLAGS_set=
ac_cv_env_SWSCALE_CFLAGS_value=
ac_cv_env_SWSCALE_LIBS_set=
ac_cv_env_SWSCALE_LIBS_value=
ac_cv_env_VALGRIND_CFLAGS_set=
ac_cv_env_VALGRIND_CFLAGS_value=
ac_cv_env_VALGRIND_LIBS_set=
ac_cv_env_VALGRIND_LIBS_value=
ac_cv_env_build_alias_set=set
ac_cv_env_build_alias_value=i386-linux
ac_cv_env_host_alias_set=set
ac_cv_env_host_alias_value=i486-pc-linux-gnu
ac_cv_env_target_alias_set=
ac_cv_env_target_alias_value=
ac_cv_host=i486-pc-linux-gnu
ac_cv_path_install='/usr/bin/install -c'
ac_cv_path_mkdir=/bin/mkdir
ac_cv_prog_AWK=gawk
ac_cv_prog_CC=i686-pc-linux-gnu-gcc
ac_cv_prog_ac_ct_STRIP=strip
ac_cv_prog_make_make_set=yes

## ----------------- ##
## Output variables. ##
## ----------------- ##

ACLOCAL='${SHELL} /home/pierre/workspace/INX/comp-lib-support/contrib/gst-ffmpeg/gst-ffmpeg-0.10.11/missing --run aclocal-1.11'
ACLOCAL_AMFLAGS=''
AMDEPBACKSLASH='\'
AMDEP_FALSE='#'
AMDEP_TRUE=''
AMTAR='${SHELL} /home/pierre/workspace/INX/comp-lib-support/contrib/gst-ffmpeg/gst-ffmpeg-0.10.11/missing --run tar'
AM_BACKSLASH='\'
AM_DEFAULT_VERBOSITY='0'
AR='i686-pc-linux-gnu-ar'
AS='as'
AUTOCONF='${SHELL} /home/pierre/workspace/INX/comp-lib-support/contrib/gst-ffmpeg/gst-ffmpeg-0.10.11/missing --run autoconf'
AUTOHEADER='${SHELL} /home/pierre/workspace/INX/comp-lib-support/contrib/gst-ffmpeg/gst-ffmpeg-0.10.11/missing --run autoheader'
AUTOMAKE='${SHELL} /home/pierre/workspace/INX/comp-lib-support/contrib/gst-ffmpeg/gst-ffmpeg-0.10.11/missing --run automake-1.11'
AWK='gawk'
CAT_ENTRY_END=''
CAT_ENTRY_START=''
CC='i686-pc-linux-gnu-gcc'
CCDEPMODE=''
CFLAGS=' --sysroot=/home/pierre/workspace/INX/comp-lib-support/inx_build_scripts/../../EHS-build-support/toolchains/x86_64/i686-pc-linux-gnu-4.2.4/sysroot -I/home/pierre/workspace/INX/comp-lib-support/inx_build_scripts/../target_libs/i486-pc-linux-gnu_i686-pc-linux-gnu-4.2.4_i686-pc-linux-gnu-4.2.4_gtk_gst/build/include -I/home/pierre/workspace/INX/comp-lib-support/inx_build_scripts/../../EHS-build-support/support_libs/target_libs/i486-pc-linux-gnu-i686-pc-linux-gnu-4.2.4/build/include/ -I/home/pierre/workspace/INX/comp-lib-support/inx_build_scripts/../../EHS-build-support/kernel-dependencies/linux/2.6.21.7 '
CPP=''
CPPFLAGS=''
CYGPATH_W='echo'
DARWIN_LDFLAGS=''
DEFS=''
DEPDIR='.deps'
DEPRECATED_CFLAGS=''
DLLTOOL='dlltool'
DOCBOOK_ROOT=''
DOC_HTML_FALSE=''
DOC_HTML_TRUE=''
DOC_PDF_FALSE=''
DOC_PDF_TRUE=''
DOC_PS_FALSE=''
DOC_PS_TRUE=''
DSYMUTIL=''
DUMPBIN=''
ECHO_C=''
ECHO_N='-n'
ECHO_T=''
EGREP=''
ENABLE_DOCBOOK_FALSE=''
ENABLE_DOCBOOK_TRUE=''
ENABLE_GTK_DOC_FALSE=''
ENABLE_GTK_DOC_TRUE=''
ENABLE_PLUGIN_DOCS_FALSE=''
ENABLE_PLUGIN_DOCS_TRUE=''
ERROR_CFLAGS=''
EXEEXT=''
FFMPEG_CFLAGS=''
FFMPEG_CO_DIR=''
FFMPEG_EXTERNALS_REVISION=''
FFMPEG_LIBS=''
FFMPEG_REVISION=''
FFMPEG_SUBDIRS=''
FFMPEG_SVN=''
FGREP=''
GREP=''
GSTPB_PLUGINS_DIR=''
GST_ALL_LDFLAGS=''
GST_BASE_CFLAGS=''
GST_BASE_LIBS=''
GST_CFLAGS=''
GST_CHECK_CFLAGS=''
GST_CHECK_LIBS=''
GST_LEVEL_DEFAULT=''
GST_LIBS=''
GST_MAJORMINOR='0.10'
GST_OPTION_CFLAGS=''
GST_PACKAGE_NAME=''
GST_PACKAGE_ORIGIN=''
GST_PLUGINS_BASE_CFLAGS=''
GST_PLUGINS_BASE_LIBS=''
GST_PLUGINS_DIR=''
GST_PLUGIN_LDFLAGS=''
GST_TOOLS_DIR=''
GTKDOC_CHECK=''
GTK_DOC_USE_LIBTOOL_FALSE=''
GTK_DOC_USE_LIBTOOL_TRUE=''
HAVE_BZ2=''
HAVE_BZ2_FALSE=''
HAVE_BZ2_TRUE=''
HAVE_CPU_ALPHA_FALSE=''
HAVE_CPU_ALPHA_TRUE=''
HAVE_CPU_ARM_FALSE=''
HAVE_CPU_ARM_TRUE=''
HAVE_CPU_CRISV32_FALSE=''
HAVE_CPU_CRISV32_TRUE=''
HAVE_CPU_CRIS_FALSE=''
HAVE_CPU_CRIS_TRUE=''
HAVE_CPU_HPPA_FALSE=''
HAVE_CPU_HPPA_TRUE=''
HAVE_CPU_I386_FALSE=''
HAVE_CPU_I386_TRUE=''
HAVE_CPU_IA64_FALSE=''
HAVE_CPU_IA64_TRUE=''
HAVE_CPU_M68K_FALSE=''
HAVE_CPU_M68K_TRUE=''
HAVE_CPU_MIPS_FALSE=''
HAVE_CPU_MIPS_TRUE=''
HAVE_CPU_PPC64_FALSE=''
HAVE_CPU_PPC64_TRUE=''
HAVE_CPU_PPC_FALSE=''
HAVE_CPU_PPC_TRUE=''
HAVE_CPU_S390_FALSE=''
HAVE_CPU_S390_TRUE=''
HAVE_CPU_SPARC_FALSE=''
HAVE_CPU_SPARC_TRUE=''
HAVE_CPU_X86_64_FALSE=''
HAVE_CPU_X86_64_TRUE=''
HAVE_DOCBOOK2HTML=''
HAVE_DOCBOOK2PS=''
HAVE_DVIPS=''
HAVE_EPSTOPDF=''
HAVE_FFMPEG_UNINSTALLED_FALSE=''
HAVE_FFMPEG_UNINSTALLED_TRUE=''
HAVE_FIG2DEV=''
HAVE_GST_CHECK_FALSE=''
HAVE_GST_CHECK_TRUE=''
HAVE_JADETEX=''
HAVE_ORC_FALSE=''
HAVE_ORC_TRUE=''
HAVE_PNGTOPNM=''
HAVE_PNMTOPS=''
HAVE_PS2PDF=''
HAVE_VALGRIND_FALSE=''
HAVE_VALGRIND_TRUE=''
HAVE_XMLLINT=''
HTML_DIR=''
INSTALL_DATA='${INSTALL} -m 644'
INSTALL_PROGRAM='${INSTALL}'
INSTALL_SCRIPT='${INSTALL}'
INSTALL_STRIP_PROGRAM='$(install_sh) -c -s'
LD='i686-pc-linux-gnu-ld'
LDFLAGS=' --sysroot=/home/pierre/workspace/INX/comp-lib-support/inx_build_scripts/../../EHS-build-support/toolchains/x86_64/i686-pc-linux-gnu-4.2.4/sysroot -L/home/pierre/workspace/INX/comp-lib-support/inx_build_scripts/../target_libs/i486-pc-linux-gnu_i686-pc-linux-gnu-4.2.4_i686-pc-linux-gnu-4.2.4_gtk_gst/build/lib  -L/home/pierre/workspace/INX/comp-lib-support/inx_build_scripts/../../EHS-build-support/support_libs/target_libs/i486-pc-linux-gnu-i686-pc-linux-gnu-4.2.4/build/lib -L/home/pierre/workspace/INX/comp-lib-support/inx_build_scripts/../../EHS-build-support/toolchains/x86_64/i686-pc-linux-gnu-4.2.4/sysroot/usr/lib  '
LIBM=''
LIBOBJS=''
LIBS=''
LIBTOOL=''
LIPO=''
LN_S=''
LTLIBOBJS=''
MAINT='#'
MAINTAINER_MODE_FALSE=''
MAINTAINER_MODE_TRUE='#'
MAKEINFO='${SHELL} /home/pierre/workspace/INX/comp-lib-support/contrib/gst-ffmpeg/gst-ffmpeg-0.10.11/missing --run makeinfo'
MKDIR_P='/bin/mkdir -p'
NM='nm'
NMEDIT=''
OBJDUMP='objdump'
OBJEXT=''
ORCC=''
ORC_CFLAGS=''
ORC_LIBS=''
OTOOL64=''
OTOOL=''
PACKAGE='gst-ffmpeg'
PACKAGE_BUGREPORT='http://bugzilla.gnome.org/enter_bug.cgi?product=GStreamer'
PACKAGE_NAME='GStreamer FFMpeg'
PACKAGE_STRING='GStreamer FFMpeg 0.10.11'
PACKAGE_TARNAME='gst-ffmpeg'
PACKAGE_URL=''
PACKAGE_VERSION='0.10.11'
PACKAGE_VERSION_MAJOR='0'
PACKAGE_VERSION_MICRO='11'
PACKAGE_VERSION_MINOR='10'
PACKAGE_VERSION_NANO='0'
PACKAGE_VERSION_RELEASE='1'
PATH_SEPARATOR=':'
PKG_CONFIG=''
PLUGINDIR=''
POSTPROC_CFLAGS=''
POSTPROC_LIBS=''
PROFILE_CFLAGS=''
PYTHON=''
PYTHON_EXEC_PREFIX=''
PYTHON_PLATFORM=''
PYTHON_PREFIX=''
PYTHON_VERSION=''
RANLIB='i686-pc-linux-gnu-ranlib'
SED=''
SET_MAKE=''
SHELL='/bin/bash'
STRIP='strip'
SWSCALE_CFLAGS=''
SWSCALE_LIBS=''
VALGRIND_CFLAGS=''
VALGRIND_LIBS=''
VALGRIND_PATH=''
VERSION='0.10.11'
WARNING_CFLAGS=''
WIN32_LIBS=''
XML_CATALOG=''
XSLTPROC=''
XSLTPROC_FLAGS=''
ac_ct_CC=''
ac_ct_DUMPBIN=''
am__EXEEXT_FALSE=''
am__EXEEXT_TRUE=''
am__fastdepCC_FALSE=''
am__fastdepCC_TRUE=''
am__include='include'
am__isrc=''
am__leading_dot='.'
am__quote=''
am__tar='${AMTAR} chof - "$$tardir"'
am__untar='${AMTAR} xf -'
bindir='${exec_prefix}/bin'
build='i386-pc-linux-gnu'
build_alias='i386-linux'
build_cpu='i386'
build_os='linux-gnu'
build_vendor='pc'
datadir='${datarootdir}'
datarootdir='${prefix}/share'
docdir='${datarootdir}/doc/${PACKAGE_TARNAME}'
dvidir='${docdir}'
exec_prefix='NONE'
host='i486-pc-linux-gnu'
host_alias='i486-pc-linux-gnu'
host_cpu='i486'
host_os='linux-gnu'
host_vendor='pc'
htmldir='${docdir}'
includedir='${prefix}/include'
infodir='${datarootdir}/info'
install_sh='${SHELL} /home/pierre/workspace/INX/comp-lib-support/contrib/gst-ffmpeg/gst-ffmpeg-0.10.11/install-sh'
libdir='${exec_prefix}/lib'
libexecdir='${exec_prefix}/libexec'
localedir='${datarootdir}/locale'
localstatedir='${prefix}/var'
mandir='${datarootdir}/man'
mkdir_p='/bin/mkdir -p'
oldincludedir='/usr/include'
pdfdir='${docdir}'
pkgpyexecdir=''
pkgpythondir=''
plugindir=''
prefix='/home/pierre/workspace/INX/comp-lib-support/inx_build_scripts/../target_libs/i486-pc-linux-gnu_i686-pc-linux-gnu-4.2.4_i686-pc-linux-gnu-4.2.4_gtk_gst/build'
program_transform_name='s,x,x,'
psdir='${docdir}'
pyexecdir=''
pythondir=''
sbindir='${exec_prefix}/sbin'
sharedstatedir='${prefix}/com'
sysconfdir='${prefix}/etc'
target_alias=''

## ----------- ##
## confdefs.h. ##
## ----------- ##

/* confdefs.h */
#define PACKAGE_NAME "GStreamer FFMpeg"
#define PACKAGE_TARNAME "gst-ffmpeg"
#define PACKAGE_VERSION "0.10.11"
#define PACKAGE_STRING "GStreamer FFMpeg 0.10.11"
#define PACKAGE_BUGREPORT "http://bugzilla.gnome.org/enter_bug.cgi?product=GStreamer"
#define PACKAGE_URL ""
#define PACKAGE "gst-ffmpeg"
#define VERSION "0.10.11"

configure: exit 77
