This file contains any messages produced by compilers while
running configure, to aid debugging if configure makes a mistake.

It was created by configure, which was
generated by GNU Autoconf 2.60.  Invocation command line was

  $ ./configure --disable-alsatest --disable-alsamixer --disable-xmlto --prefix=/home/pdrezet/workspace/inxware2.0-full-tree/INX/comp-lib-support/inx_build_scripts/placeholder/placeholder/../../../target_libs/i686-linux-gnu/build

## --------- ##
## Platform. ##
## --------- ##

hostname = pdrezet-HP-Pavilion-dv8-Notebook-PC
uname -m = i686
uname -r = 2.6.35-23-generic-pae
uname -s = Linux
uname -v = #41-Ubuntu SMP Wed Nov 24 10:35:46 UTC 2010

/usr/bin/uname -p = unknown
/bin/uname -X     = unknown

/bin/arch              = unknown
/usr/bin/arch -k       = unknown
/usr/convex/getsysinfo = unknown
/usr/bin/hostinfo      = unknown
/bin/machine           = unknown
/usr/bin/oslevel       = unknown
/bin/universe          = unknown

PATH: /home/pdrezet/workspace/inxware2.0-full-tree/INX/comp-lib-support/inx_build_scripts/placeholder/placeholder/../../../target_libs/i686-linux-gnu/build/bin
PATH: /home/pdrezet/bin
PATH: /usr/local/sbin
PATH: /usr/local/bin
PATH: /usr/sbin
PATH: /usr/bin
PATH: /sbin
PATH: /bin
PATH: /usr/games


## ----------- ##
## Core tests. ##
## ----------- ##

configure:1820: checking for a BSD-compatible install
configure:1876: result: /usr/bin/install -c
configure:1887: checking whether build environment is sane
configure:1930: result: yes
configure:1995: checking for gawk
configure:2011: found /usr/bin/gawk
configure:2022: result: gawk
configure:2033: checking whether make sets $(MAKE)
configure:2054: result: yes
configure:2240: checking whether NLS is requested
configure:2249: result: yes
configure:2287: checking for msgfmt
configure: trying /usr/bin/msgfmt...
0 translated messages.
configure:2319: result: /usr/bin/msgfmt
configure:2328: checking for gmsgfmt
configure:2359: result: /usr/bin/msgfmt
configure:2410: checking for xgettext
configure: trying /usr/bin/xgettext...
/usr/bin/xgettext: warning: file `/dev/null' extension `' is unknown; will try C
configure:2442: result: /usr/bin/xgettext
configure:2488: checking for msgmerge
configure: trying /usr/bin/msgmerge...
configure:2519: result: /usr/bin/msgmerge
configure:2561: checking for style of include used by make
configure:2589: result: GNU
configure:2662: checking for gcc
configure:2678: found /usr/bin/gcc
configure:2689: result: gcc
configure:2927: checking for C compiler version
configure:2934: gcc --version >&5
gcc (Ubuntu/Linaro 4.4.4-14ubuntu5) 4.4.5
Copyright (C) 2010 Free Software Foundation, Inc.
This is free software; see the source for copying conditions.  There is NO
warranty; not even for MERCHANTABILITY or FITNESS FOR A PARTICULAR PURPOSE.

configure:2937: $? = 0
configure:2944: gcc -v >&5
Using built-in specs.
Target: i686-linux-gnu
Configured with: ../src/configure -v --with-pkgversion='Ubuntu/Linaro 4.4.4-14ubuntu5' --with-bugurl=file:///usr/share/doc/gcc-4.4/README.Bugs --enable-languages=c,c++,fortran,objc,obj-c++ --prefix=/usr --program-suffix=-4.4 --enable-shared --enable-multiarch --enable-linker-build-id --with-system-zlib --libexecdir=/usr/lib --without-included-gettext --enable-threads=posix --with-gxx-include-dir=/usr/include/c++/4.4 --libdir=/usr/lib --enable-nls --with-sysroot=/ --enable-clocale=gnu --enable-libstdcxx-debug --enable-objc-gc --enable-targets=all --disable-werror --with-arch-32=i686 --with-tune=generic --enable-checking=release --build=i686-linux-gnu --host=i686-linux-gnu --target=i686-linux-gnu
Thread model: posix
gcc version 4.4.5 (Ubuntu/Linaro 4.4.4-14ubuntu5) 
configure:2947: $? = 0
configure:2954: gcc -V >&5
gcc: '-V' option must have argument
configure:2957: $? = 1
configure:2980: checking for C compiler default output file name
configure:3007: gcc -I/home/pdrezet/workspace/inxware2.0-full-tree/INX/comp-lib-support/inx_build_scripts/placeholder/placeholder/../../../target_libs/i686-linux-gnu/build//include/   -L/home/pdrezet/workspace/inxware2.0-full-tree/INX/comp-lib-support/inx_build_scripts/placeholder/placeholder/../../../target_libs/i686-linux-gnu/build//lib/  conftest.c  >&5
configure:3010: $? = 0
configure:3056: result: a.out
configure:3061: checking whether the C compiler works
configure:3071: ./a.out
configure:3074: $? = 0
configure:3091: result: yes
configure:3098: checking whether we are cross compiling
configure:3100: result: no
configure:3103: checking for suffix of executables
configure:3110: gcc -o conftest -I/home/pdrezet/workspace/inxware2.0-full-tree/INX/comp-lib-support/inx_build_scripts/placeholder/placeholder/../../../target_libs/i686-linux-gnu/build//include/   -L/home/pdrezet/workspace/inxware2.0-full-tree/INX/comp-lib-support/inx_build_scripts/placeholder/placeholder/../../../target_libs/i686-linux-gnu/build//lib/  conftest.c  >&5
configure:3113: $? = 0
configure:3137: result: 
configure:3143: checking for suffix of object files
configure:3169: gcc -c -I/home/pdrezet/workspace/inxware2.0-full-tree/INX/comp-lib-support/inx_build_scripts/placeholder/placeholder/../../../target_libs/i686-linux-gnu/build//include/   conftest.c >&5
configure:3172: $? = 0
configure:3195: result: o
configure:3199: checking whether we are using the GNU C compiler
configure:3228: gcc -c -I/home/pdrezet/workspace/inxware2.0-full-tree/INX/comp-lib-support/inx_build_scripts/placeholder/placeholder/../../../target_libs/i686-linux-gnu/build//include/   conftest.c >&5
configure:3234: $? = 0
configure:3241: test -z "$ac_c_werror_flag" || test ! -s conftest.err
configure:3244: $? = 0
configure:3251: test -s conftest.o
configure:3254: $? = 0
configure:3268: result: yes
configure:3273: checking whether gcc accepts -g
configure:3303: gcc -c -g  conftest.c >&5
configure:3309: $? = 0
configure:3316: test -z "$ac_c_werror_flag" || test ! -s conftest.err
configure:3319: $? = 0
configure:3326: test -s conftest.o
configure:3329: $? = 0
configure:3459: result: yes
configure:3476: checking for gcc option to accept ISO C89
configure:3550: gcc  -c -I/home/pdrezet/workspace/inxware2.0-full-tree/INX/comp-lib-support/inx_build_scripts/placeholder/placeholder/../../../target_libs/i686-linux-gnu/build//include/   conftest.c >&5
configure:3556: $? = 0
configure:3563: test -z "$ac_c_werror_flag" || test ! -s conftest.err
configure:3566: $? = 0
configure:3573: test -s conftest.o
configure:3576: $? = 0
configure:3596: result: none needed
configure:3616: checking dependency style of gcc
configure:3706: result: gcc3
configure:3729: checking build system type
configure:3747: result: i686-pc-linux-gnu
configure:3769: checking host system type
configure:3784: result: i686-pc-linux-gnu
configure:3830: checking for ld used by GCC
configure:3894: result: /usr/bin/ld
configure:3903: checking if the linker (/usr/bin/ld) is GNU ld
configure:3916: result: yes
configure:3923: checking for shared library run path origin
configure:3936: result: done
configure:4373: checking for CFPreferencesCopyAppValue
configure:4401: gcc -o conftest -I/home/pdrezet/workspace/inxware2.0-full-tree/INX/comp-lib-support/inx_build_scripts/placeholder/placeholder/../../../target_libs/i686-linux-gnu/build//include/   -L/home/pdrezet/workspace/inxware2.0-full-tree/INX/comp-lib-support/inx_build_scripts/placeholder/placeholder/../../../target_libs/i686-linux-gnu/build//lib/  conftest.c  -Wl,-framework -Wl,CoreFoundation >&5
conftest.c:10: fatal error: CoreFoundation/CFPreferences.h: No such file or directory
compilation terminated.
configure:4407: $? = 1
configure: failed program was:
| /* confdefs.h.  */
| #define PACKAGE_NAME ""
| #define PACKAGE_TARNAME ""
| #define PACKAGE_VERSION ""
| #define PACKAGE_STRING ""
| #define PACKAGE_BUGREPORT ""
| #define PACKAGE "alsa-utils"
| #define VERSION "1.0.23"
| /* end confdefs.h.  */
| #include <CoreFoundation/CFPreferences.h>
| int
| main ()
| {
| CFPreferencesCopyAppValue(NULL, NULL)
|   ;
|   return 0;
| }
configure:4441: result: no
configure:4450: checking for CFLocaleCopyCurrent
configure:4478: gcc -o conftest -I/home/pdrezet/workspace/inxware2.0-full-tree/INX/comp-lib-support/inx_build_scripts/placeholder/placeholder/../../../target_libs/i686-linux-gnu/build//include/   -L/home/pdrezet/workspace/inxware2.0-full-tree/INX/comp-lib-support/inx_build_scripts/placeholder/placeholder/../../../target_libs/i686-linux-gnu/build//lib/  conftest.c  -Wl,-framework -Wl,CoreFoundation >&5
conftest.c:10: fatal error: CoreFoundation/CFLocale.h: No such file or directory
compilation terminated.
configure:4484: $? = 1
configure: failed program was:
| /* confdefs.h.  */
| #define PACKAGE_NAME ""
| #define PACKAGE_TARNAME ""
| #define PACKAGE_VERSION ""
| #define PACKAGE_STRING ""
| #define PACKAGE_BUGREPORT ""
| #define PACKAGE "alsa-utils"
| #define VERSION "1.0.23"
| /* end confdefs.h.  */
| #include <CoreFoundation/CFLocale.h>
| int
| main ()
| {
| CFLocaleCopyCurrent();
|   ;
|   return 0;
| }
configure:4518: result: no
configure:4549: checking for GNU gettext in libc
configure:4578: gcc -o conftest -I/home/pdrezet/workspace/inxware2.0-full-tree/INX/comp-lib-support/inx_build_scripts/placeholder/placeholder/../../../target_libs/i686-linux-gnu/build//include/   -L/home/pdrezet/workspace/inxware2.0-full-tree/INX/comp-lib-support/inx_build_scripts/placeholder/placeholder/../../../target_libs/i686-linux-gnu/build//lib/  conftest.c  >&5
configure:4584: $? = 0
configure:4591: test -z "$ac_c_werror_flag" || test ! -s conftest.err
configure:4594: $? = 0
configure:4601: test -s conftest
configure:4604: $? = 0
configure:4617: result: yes
configure:5380: checking whether to use NLS
configure:5382: result: yes
configure:5385: checking where the gettext function comes from
configure:5396: result: libc
configure:5462: checking for cross-compiler
configure:5471: result: gcc
configure:5523: checking for gcc
configure:5550: result: gcc
configure:5788: checking for C compiler version
configure:5795: gcc --version >&5
gcc (Ubuntu/Linaro 4.4.4-14ubuntu5) 4.4.5
Copyright (C) 2010 Free Software Foundation, Inc.
This is free software; see the source for copying conditions.  There is NO
warranty; not even for MERCHANTABILITY or FITNESS FOR A PARTICULAR PURPOSE.

configure:5798: $? = 0
configure:5805: gcc -v >&5
Using built-in specs.
Target: i686-linux-gnu
Configured with: ../src/configure -v --with-pkgversion='Ubuntu/Linaro 4.4.4-14ubuntu5' --with-bugurl=file:///usr/share/doc/gcc-4.4/README.Bugs --enable-languages=c,c++,fortran,objc,obj-c++ --prefix=/usr --program-suffix=-4.4 --enable-shared --enable-multiarch --enable-linker-build-id --with-system-zlib --libexecdir=/usr/lib --without-included-gettext --enable-threads=posix --with-gxx-include-dir=/usr/include/c++/4.4 --libdir=/usr/lib --enable-nls --with-sysroot=/ --enable-clocale=gnu --enable-libstdcxx-debug --enable-objc-gc --enable-targets=all --disable-werror --with-arch-32=i686 --with-tune=generic --enable-checking=release --build=i686-linux-gnu --host=i686-linux-gnu --target=i686-linux-gnu
Thread model: posix
gcc version 4.4.5 (Ubuntu/Linaro 4.4.4-14ubuntu5) 
configure:5808: $? = 0
configure:5815: gcc -V >&5
gcc: '-V' option must have argument
configure:5818: $? = 1
configure:5821: checking whether we are using the GNU C compiler
configure:5890: result: yes
configure:5895: checking whether gcc accepts -g
configure:6081: result: yes
configure:6098: checking for gcc option to accept ISO C89
configure:6218: result: none needed
configure:6238: checking dependency style of gcc
configure:6328: result: gcc3
configure:6358: checking for a BSD-compatible install
configure:6414: result: /usr/bin/install -c
configure:6425: checking whether ln -s works
configure:6429: result: yes
configure:6467: checking for ALSA CFLAGS
configure:6473: result: 
configure:6476: checking for ALSA LDFLAGS
configure:6485: result:  -lasound -lm -ldl -lpthread
configure:6489: checking for libasound headers version >= 1.0.16
configure:6561: gcc -c -I/home/pdrezet/workspace/inxware2.0-full-tree/INX/comp-lib-support/inx_build_scripts/placeholder/placeholder/../../../target_libs/i686-linux-gnu/build//include/   conftest.c >&5
conftest.c:14: fatal error: alsa/asoundlib.h: No such file or directory
compilation terminated.
configure:6567: $? = 1
configure: failed program was:
| /* confdefs.h.  */
| #define PACKAGE_NAME ""
| #define PACKAGE_TARNAME ""
| #define PACKAGE_VERSION ""
| #define PACKAGE_STRING ""
| #define PACKAGE_BUGREPORT ""
| #define PACKAGE "alsa-utils"
| #define VERSION "1.0.23"
| #define ENABLE_NLS 1
| #define HAVE_GETTEXT 1
| #define HAVE_DCGETTEXT 1
| /* end confdefs.h.  */
| 
| #include <alsa/asoundlib.h>
| 
| int
| main ()
| {
| 
| /* ensure backward compatibility */
| #if !defined(SND_LIB_MAJOR) && defined(SOUNDLIB_VERSION_MAJOR)
| #define SND_LIB_MAJOR SOUNDLIB_VERSION_MAJOR
| #endif
| #if !defined(SND_LIB_MINOR) && defined(SOUNDLIB_VERSION_MINOR)
| #define SND_LIB_MINOR SOUNDLIB_VERSION_MINOR
| #endif
| #if !defined(SND_LIB_SUBMINOR) && defined(SOUNDLIB_VERSION_SUBMINOR)
| #define SND_LIB_SUBMINOR SOUNDLIB_VERSION_SUBMINOR
| #endif
| 
| #  if(SND_LIB_MAJOR > 1)
|   exit(0);
| #  else
| #    if(SND_LIB_MAJOR < 1)
| #       error not present
| #    endif
| 
| #   if(SND_LIB_MINOR > 0)
|   exit(0);
| #   else
| #     if(SND_LIB_MINOR < 0)
| #          error not present
| #      endif
| 
| #      if(SND_LIB_SUBMINOR < 16)
| #        error not present
| #      endif
| #    endif
| #  endif
| exit(0);
| 
|   ;
|   return 0;
| }
configure:6595: result: not present.
configure:6597: error: Sufficiently new version of libasound not found.

## ---------------- ##
## Cache variables. ##
## ---------------- ##

ac_cv_build=i686-pc-linux-gnu
ac_cv_c_compiler_gnu=yes
ac_cv_env_CC_set=
ac_cv_env_CC_value=
ac_cv_env_CFLAGS_set=set
ac_cv_env_CFLAGS_value='-I/home/pdrezet/workspace/inxware2.0-full-tree/INX/comp-lib-support/inx_build_scripts/placeholder/placeholder/../../../target_libs/i686-linux-gnu/build//include/ '
ac_cv_env_CPPFLAGS_set=
ac_cv_env_CPPFLAGS_value=
ac_cv_env_CPP_set=
ac_cv_env_CPP_value=
ac_cv_env_LDFLAGS_set=set
ac_cv_env_LDFLAGS_value='-L/home/pdrezet/workspace/inxware2.0-full-tree/INX/comp-lib-support/inx_build_scripts/placeholder/placeholder/../../../target_libs/i686-linux-gnu/build//lib/ '
ac_cv_env_build_alias_set=
ac_cv_env_build_alias_value=
ac_cv_env_host_alias_set=
ac_cv_env_host_alias_value=
ac_cv_env_target_alias_set=
ac_cv_env_target_alias_value=
ac_cv_host=i686-pc-linux-gnu
ac_cv_objext=o
ac_cv_path_GMSGFMT=/usr/bin/msgfmt
ac_cv_path_MSGFMT=/usr/bin/msgfmt
ac_cv_path_MSGMERGE=/usr/bin/msgmerge
ac_cv_path_XGETTEXT=/usr/bin/xgettext
ac_cv_path_install='/usr/bin/install -c'
ac_cv_prog_AWK=gawk
ac_cv_prog_ac_ct_CC=gcc
ac_cv_prog_cc_c89=
ac_cv_prog_cc_g=yes
ac_cv_prog_make_make_set=yes
acl_cv_hardcode_direct=no
acl_cv_hardcode_libdir_flag_spec='${wl}-rpath ${wl}$libdir'
acl_cv_hardcode_libdir_separator=
acl_cv_hardcode_minus_L=no
acl_cv_libext=a
acl_cv_path_LD=/usr/bin/ld
acl_cv_prog_gnu_ld=yes
acl_cv_rpath=done
acl_cv_shlibext=so
acl_cv_wl=-Wl,
am_cv_CC_dependencies_compiler_type=gcc3
gt_cv_func_CFLocaleCopyCurrent=no
gt_cv_func_CFPreferencesCopyAppValue=no
gt_cv_func_gnugettext1_libc=yes

## ----------------- ##
## Output variables. ##
## ----------------- ##

ACLOCAL='${SHELL} /home/pdrezet/workspace/inxware2.0-full-tree/INX/comp-lib-support/contrib/alsa-utils/alsa-utils-1.0.23/missing --run aclocal-1.9'
ALSACONF_FALSE=''
ALSACONF_TRUE=''
ALSAMIXER_FALSE=''
ALSAMIXER_TRUE=''
ALSA_CFLAGS=''
ALSA_LIBS=' -lasound -lm -ldl -lpthread'
AMDEPBACKSLASH='\'
AMDEP_FALSE='#'
AMDEP_TRUE=''
AMTAR='${SHELL} /home/pdrezet/workspace/inxware2.0-full-tree/INX/comp-lib-support/contrib/alsa-utils/alsa-utils-1.0.23/missing --run tar'
AUTOCONF='${SHELL} /home/pdrezet/workspace/inxware2.0-full-tree/INX/comp-lib-support/contrib/alsa-utils/alsa-utils-1.0.23/missing --run autoconf'
AUTOHEADER='${SHELL} /home/pdrezet/workspace/inxware2.0-full-tree/INX/comp-lib-support/contrib/alsa-utils/alsa-utils-1.0.23/missing --run autoheader'
AUTOMAKE='${SHELL} /home/pdrezet/workspace/inxware2.0-full-tree/INX/comp-lib-support/contrib/alsa-utils/alsa-utils-1.0.23/missing --run automake-1.9'
AWK='gawk'
CC='gcc'
CCDEPMODE='depmode=gcc3'
CFLAGS='-I/home/pdrezet/workspace/inxware2.0-full-tree/INX/comp-lib-support/inx_build_scripts/placeholder/placeholder/../../../target_libs/i686-linux-gnu/build//include/ '
CPP=''
CPPFLAGS=''
CURSESINC=''
CURSESLIB=''
CURSES_CFLAGS=''
CYGPATH_W='echo'
DEFS=''
DEPDIR='.deps'
ECHO_C=''
ECHO_N='-n'
ECHO_T=''
EGREP=''
EXEEXT=''
GMSGFMT='/usr/bin/msgfmt'
GMSGFMT_015='/usr/bin/msgfmt'
GREP=''
HAVE_MIXER_FALSE=''
HAVE_MIXER_TRUE=''
HAVE_PCM_FALSE=''
HAVE_PCM_TRUE=''
HAVE_RAWMIDI_FALSE=''
HAVE_RAWMIDI_TRUE=''
HAVE_SEQ_FALSE=''
HAVE_SEQ_TRUE=''
INSTALL_DATA='${INSTALL} -m 644'
INSTALL_PROGRAM='${INSTALL}'
INSTALL_SCRIPT='${INSTALL}'
INSTALL_STRIP_PROGRAM='${SHELL} $(install_sh) -c -s'
INTLLIBS=''
INTL_MACOSX_LIBS=''
LDFLAGS='-L/home/pdrezet/workspace/inxware2.0-full-tree/INX/comp-lib-support/inx_build_scripts/placeholder/placeholder/../../../target_libs/i686-linux-gnu/build//lib/ '
LIBICONV='-liconv'
LIBINTL=''
LIBOBJS=''
LIBRT=''
LIBS=' -lasound -lm -ldl -lpthread '
LN_S='ln -s'
LTLIBICONV='-liconv'
LTLIBINTL=''
LTLIBOBJS=''
MAKEINFO='${SHELL} /home/pdrezet/workspace/inxware2.0-full-tree/INX/comp-lib-support/contrib/alsa-utils/alsa-utils-1.0.23/missing --run makeinfo'
MSGFMT='/usr/bin/msgfmt'
MSGFMT_015='/usr/bin/msgfmt'
MSGMERGE='/usr/bin/msgmerge'
OBJEXT='o'
PACKAGE='alsa-utils'
PACKAGE_BUGREPORT=''
PACKAGE_NAME=''
PACKAGE_STRING=''
PACKAGE_TARNAME=''
PACKAGE_VERSION=''
PATH_SEPARATOR=':'
POSUB='po'
SET_MAKE=''
SHELL='/bin/sh'
SND_UTIL_MAJOR=''
SND_UTIL_MINOR=''
SND_UTIL_SUBMINOR=''
SND_UTIL_VERSION=''
STRIP=''
TESTSOUND=''
USE_NLS='yes'
USE_XMLTO_FALSE=''
USE_XMLTO_TRUE=''
VERSION='1.0.23'
XGETTEXT='/usr/bin/xgettext'
XGETTEXT_015='/usr/bin/xgettext'
ac_ct_CC='gcc'
am__fastdepCC_FALSE='#'
am__fastdepCC_TRUE=''
am__include='include'
am__leading_dot='.'
am__quote=''
am__tar='${AMTAR} chof - "$$tardir"'
am__untar='${AMTAR} xf -'
bindir='${exec_prefix}/bin'
build='i686-pc-linux-gnu'
build_alias=''
build_cpu='i686'
build_os='linux-gnu'
build_vendor='pc'
datadir='${datarootdir}'
datarootdir='${prefix}/share'
docdir='${datarootdir}/doc/${PACKAGE}'
dvidir='${docdir}'
exec_prefix='NONE'
host='i686-pc-linux-gnu'
host_alias=''
host_cpu='i686'
host_os='linux-gnu'
host_vendor='pc'
htmldir='${docdir}'
includedir='${prefix}/include'
infodir='${datarootdir}/info'
install_sh='/home/pdrezet/workspace/inxware2.0-full-tree/INX/comp-lib-support/contrib/alsa-utils/alsa-utils-1.0.23/install-sh'
libdir='${exec_prefix}/lib'
libexecdir='${exec_prefix}/libexec'
localedir='${datarootdir}/locale'
localstatedir='${prefix}/var'
mandir='${datarootdir}/man'
mkdir_p='mkdir -p --'
ncurses5_config=''
ncursesw5_config=''
oldincludedir='/usr/include'
pdfdir='${docdir}'
prefix='/home/pdrezet/workspace/inxware2.0-full-tree/INX/comp-lib-support/inx_build_scripts/placeholder/placeholder/../../../target_libs/i686-linux-gnu/build'
program_transform_name='s,x,x,'
psdir='${docdir}'
sbindir='${exec_prefix}/sbin'
sharedstatedir='${prefix}/com'
sysconfdir='${prefix}/etc'
target_alias=''
xmlto=''

## ----------- ##
## confdefs.h. ##
## ----------- ##

#define PACKAGE_NAME ""
#define PACKAGE_TARNAME ""
#define PACKAGE_VERSION ""
#define PACKAGE_STRING ""
#define PACKAGE_BUGREPORT ""
#define PACKAGE "alsa-utils"
#define VERSION "1.0.23"
#define ENABLE_NLS 1
#define HAVE_GETTEXT 1
#define HAVE_DCGETTEXT 1

configure: exit 1
