This file contains any messages produced by compilers while
running configure, to aid debugging if configure makes a mistake.

It was created by libXrender configure 0.9.0, which was
generated by GNU Autoconf 2.59.  Invocation command line was

  $ ./configure 

## --------- ##
## Platform. ##
## --------- ##

hostname = inx-laptop1-linux
uname -m = i686
uname -r = 2.6.24-27-generic
uname -s = Linux
uname -v = #1 SMP Fri Mar 12 01:10:31 UTC 2010

/usr/bin/uname -p = unknown
/bin/uname -X     = unknown

/bin/arch              = unknown
/usr/bin/arch -k       = unknown
/usr/convex/getsysinfo = unknown
hostinfo               = unknown
/bin/machine           = unknown
/usr/bin/oslevel       = unknown
/bin/universe          = unknown

PATH: /usr/local/sbin
PATH: /usr/local/bin
PATH: /usr/sbin
PATH: /usr/bin
PATH: /sbin
PATH: /bin
PATH: /usr/games
PATH: /opt/real/RealPlayer


## ----------- ##
## Core tests. ##
## ----------- ##

configure:1557: checking for a BSD-compatible install
configure:1612: result: /usr/bin/install -c
configure:1623: checking whether build environment is sane
configure:1666: result: yes
configure:1690: WARNING: `missing' script is too old or missing
configure:1723: checking for gawk
configure:1739: found /usr/bin/gawk
configure:1749: result: gawk
configure:1759: checking whether make sets $(MAKE)
configure:1779: result: yes
configure:1943: checking whether to enable maintainer-specific portions of Makefiles
configure:1952: result: no
configure:2018: checking for gcc
configure:2034: found /usr/bin/gcc
configure:2044: result: gcc
configure:2288: checking for C compiler version
configure:2291: gcc --version </dev/null >&5
gcc (GCC) 4.2.4 (Ubuntu 4.2.4-1ubuntu4)
Copyright (C) 2007 Free Software Foundation, Inc.
This is free software; see the source for copying conditions.  There is NO
warranty; not even for MERCHANTABILITY or FITNESS FOR A PARTICULAR PURPOSE.

configure:2294: $? = 0
configure:2296: gcc -v </dev/null >&5
Using built-in specs.
Target: i486-linux-gnu
Configured with: ../src/configure -v --enable-languages=c,c++,fortran,objc,obj-c++,treelang --prefix=/usr --enable-shared --with-system-zlib --libexecdir=/usr/lib --without-included-gettext --enable-threads=posix --enable-nls --with-gxx-include-dir=/usr/include/c++/4.2 --program-suffix=-4.2 --enable-clocale=gnu --enable-libstdcxx-debug --enable-objc-gc --enable-mpfr --enable-targets=all --enable-checking=release --build=i486-linux-gnu --host=i486-linux-gnu --target=i486-linux-gnu
Thread model: posix
gcc version 4.2.4 (Ubuntu 4.2.4-1ubuntu4)
configure:2299: $? = 0
configure:2301: gcc -V </dev/null >&5
gcc: '-V' option must have argument
configure:2304: $? = 1
configure:2327: checking for C compiler default output file name
configure:2330: gcc    conftest.c  >&5
configure:2333: $? = 0
configure:2379: result: a.out
configure:2384: checking whether the C compiler works
configure:2390: ./a.out
configure:2393: $? = 0
configure:2410: result: yes
configure:2417: checking whether we are cross compiling
configure:2419: result: no
configure:2422: checking for suffix of executables
configure:2424: gcc -o conftest    conftest.c  >&5
configure:2427: $? = 0
configure:2452: result: 
configure:2458: checking for suffix of object files
configure:2479: gcc -c   conftest.c >&5
configure:2482: $? = 0
configure:2504: result: o
configure:2508: checking whether we are using the GNU C compiler
configure:2532: gcc -c   conftest.c >&5
configure:2538: $? = 0
configure:2541: test -z 			 || test ! -s conftest.err
configure:2544: $? = 0
configure:2547: test -s conftest.o
configure:2550: $? = 0
configure:2563: result: yes
configure:2569: checking whether gcc accepts -g
configure:2590: gcc -c -g  conftest.c >&5
configure:2596: $? = 0
configure:2599: test -z 			 || test ! -s conftest.err
configure:2602: $? = 0
configure:2605: test -s conftest.o
configure:2608: $? = 0
configure:2619: result: yes
configure:2636: checking for gcc option to accept ANSI C
configure:2706: gcc  -c -g -O2  conftest.c >&5
configure:2712: $? = 0
configure:2715: test -z 			 || test ! -s conftest.err
configure:2718: $? = 0
configure:2721: test -s conftest.o
configure:2724: $? = 0
configure:2742: result: none needed
configure:2760: gcc -c -g -O2  conftest.c >&5
conftest.c:2: error: expected '=', ',', ';', 'asm' or '__attribute__' before 'me'
configure:2766: $? = 1
configure: failed program was:
| #ifndef __cplusplus
|   choke me
| #endif
configure:2907: checking for style of include used by make
configure:2935: result: GNU
configure:2963: checking dependency style of gcc
configure:3053: result: gcc3
configure:3148: checking build system type
configure:3166: result: i686-pc-linux-gnu
configure:3174: checking host system type
configure:3188: result: i686-pc-linux-gnu
configure:3196: checking for a sed that does not truncate output
configure:3250: result: /bin/sed
configure:3253: checking for egrep
configure:3263: result: grep -E
configure:3279: checking for ld used by gcc
configure:3346: result: /usr/bin/ld
configure:3355: checking if the linker (/usr/bin/ld) is GNU ld
configure:3370: result: yes
configure:3375: checking for /usr/bin/ld option to reload object files
configure:3382: result: -r
configure:3391: checking for BSD-compatible nm
configure:3433: result: /usr/bin/nm -B
configure:3437: checking whether ln -s works
configure:3441: result: yes
configure:3448: checking how to recognise dependent libraries
configure:3622: result: pass_all
configure:3835: checking how to run the C preprocessor
configure:3870: gcc -E  conftest.c
configure:3876: $? = 0
configure:3908: gcc -E  conftest.c
conftest.c:11:28: error: ac_nonexistent.h: No such file or directory
configure:3914: $? = 1
configure: failed program was:
| /* confdefs.h.  */
| 
| #define PACKAGE_NAME "libXrender"
| #define PACKAGE_TARNAME "libXrender"
| #define PACKAGE_VERSION "0.9.0"
| #define PACKAGE_STRING "libXrender 0.9.0"
| #define PACKAGE_BUGREPORT "keithp@keithp.com"
| #define PACKAGE "libXrender"
| #define VERSION "0.9.0"
| /* end confdefs.h.  */
| #include <ac_nonexistent.h>
configure:3953: result: gcc -E
configure:3977: gcc -E  conftest.c
configure:3983: $? = 0
configure:4015: gcc -E  conftest.c
conftest.c:11:28: error: ac_nonexistent.h: No such file or directory
configure:4021: $? = 1
configure: failed program was:
| /* confdefs.h.  */
| 
| #define PACKAGE_NAME "libXrender"
| #define PACKAGE_TARNAME "libXrender"
| #define PACKAGE_VERSION "0.9.0"
| #define PACKAGE_STRING "libXrender 0.9.0"
| #define PACKAGE_BUGREPORT "keithp@keithp.com"
| #define PACKAGE "libXrender"
| #define VERSION "0.9.0"
| /* end confdefs.h.  */
| #include <ac_nonexistent.h>
configure:4065: checking for ANSI C header files
configure:4090: gcc -c -g -O2  conftest.c >&5
configure:4096: $? = 0
configure:4099: test -z 			 || test ! -s conftest.err
configure:4102: $? = 0
configure:4105: test -s conftest.o
configure:4108: $? = 0
configure:4197: gcc -o conftest -g -O2   conftest.c  >&5
conftest.c: In function 'main':
conftest.c:28: warning: incompatible implicit declaration of built-in function 'exit'
configure:4200: $? = 0
configure:4202: ./conftest
configure:4205: $? = 0
configure:4220: result: yes
configure:4244: checking for sys/types.h
configure:4260: gcc -c -g -O2  conftest.c >&5
configure:4266: $? = 0
configure:4269: test -z 			 || test ! -s conftest.err
configure:4272: $? = 0
configure:4275: test -s conftest.o
configure:4278: $? = 0
configure:4289: result: yes
configure:4244: checking for sys/stat.h
configure:4260: gcc -c -g -O2  conftest.c >&5
configure:4266: $? = 0
configure:4269: test -z 			 || test ! -s conftest.err
configure:4272: $? = 0
configure:4275: test -s conftest.o
configure:4278: $? = 0
configure:4289: result: yes
configure:4244: checking for stdlib.h
configure:4260: gcc -c -g -O2  conftest.c >&5
configure:4266: $? = 0
configure:4269: test -z 			 || test ! -s conftest.err
configure:4272: $? = 0
configure:4275: test -s conftest.o
configure:4278: $? = 0
configure:4289: result: yes
configure:4244: checking for string.h
configure:4260: gcc -c -g -O2  conftest.c >&5
configure:4266: $? = 0
configure:4269: test -z 			 || test ! -s conftest.err
configure:4272: $? = 0
configure:4275: test -s conftest.o
configure:4278: $? = 0
configure:4289: result: yes
configure:4244: checking for memory.h
configure:4260: gcc -c -g -O2  conftest.c >&5
configure:4266: $? = 0
configure:4269: test -z 			 || test ! -s conftest.err
configure:4272: $? = 0
configure:4275: test -s conftest.o
configure:4278: $? = 0
configure:4289: result: yes
configure:4244: checking for strings.h
configure:4260: gcc -c -g -O2  conftest.c >&5
configure:4266: $? = 0
configure:4269: test -z 			 || test ! -s conftest.err
configure:4272: $? = 0
configure:4275: test -s conftest.o
configure:4278: $? = 0
configure:4289: result: yes
configure:4244: checking for inttypes.h
configure:4260: gcc -c -g -O2  conftest.c >&5
configure:4266: $? = 0
configure:4269: test -z 			 || test ! -s conftest.err
configure:4272: $? = 0
configure:4275: test -s conftest.o
configure:4278: $? = 0
configure:4289: result: yes
configure:4244: checking for stdint.h
configure:4260: gcc -c -g -O2  conftest.c >&5
configure:4266: $? = 0
configure:4269: test -z 			 || test ! -s conftest.err
configure:4272: $? = 0
configure:4275: test -s conftest.o
configure:4278: $? = 0
configure:4289: result: yes
configure:4244: checking for unistd.h
configure:4260: gcc -c -g -O2  conftest.c >&5
configure:4266: $? = 0
configure:4269: test -z 			 || test ! -s conftest.err
configure:4272: $? = 0
configure:4275: test -s conftest.o
configure:4278: $? = 0
configure:4289: result: yes
configure:4315: checking dlfcn.h usability
configure:4327: gcc -c -g -O2  conftest.c >&5
configure:4333: $? = 0
configure:4336: test -z 			 || test ! -s conftest.err
configure:4339: $? = 0
configure:4342: test -s conftest.o
configure:4345: $? = 0
configure:4355: result: yes
configure:4359: checking dlfcn.h presence
configure:4369: gcc -E  conftest.c
configure:4375: $? = 0
configure:4395: result: yes
configure:4430: checking for dlfcn.h
configure:4437: result: yes
configure:4502: checking for g++
configure:4518: found /usr/bin/g++
configure:4528: result: g++
configure:4544: checking for C++ compiler version
configure:4547: g++ --version </dev/null >&5
g++ (GCC) 4.2.4 (Ubuntu 4.2.4-1ubuntu4)
Copyright (C) 2007 Free Software Foundation, Inc.
This is free software; see the source for copying conditions.  There is NO
warranty; not even for MERCHANTABILITY or FITNESS FOR A PARTICULAR PURPOSE.

configure:4550: $? = 0
configure:4552: g++ -v </dev/null >&5
Using built-in specs.
Target: i486-linux-gnu
Configured with: ../src/configure -v --enable-languages=c,c++,fortran,objc,obj-c++,treelang --prefix=/usr --enable-shared --with-system-zlib --libexecdir=/usr/lib --without-included-gettext --enable-threads=posix --enable-nls --with-gxx-include-dir=/usr/include/c++/4.2 --program-suffix=-4.2 --enable-clocale=gnu --enable-libstdcxx-debug --enable-objc-gc --enable-mpfr --enable-targets=all --enable-checking=release --build=i486-linux-gnu --host=i486-linux-gnu --target=i486-linux-gnu
Thread model: posix
gcc version 4.2.4 (Ubuntu 4.2.4-1ubuntu4)
configure:4555: $? = 0
configure:4557: g++ -V </dev/null >&5
g++: '-V' option must have argument
configure:4560: $? = 1
configure:4563: checking whether we are using the GNU C++ compiler
configure:4587: g++ -c   conftest.cc >&5
configure:4593: $? = 0
configure:4596: test -z 			 || test ! -s conftest.err
configure:4599: $? = 0
configure:4602: test -s conftest.o
configure:4605: $? = 0
configure:4618: result: yes
configure:4624: checking whether g++ accepts -g
configure:4645: g++ -c -g  conftest.cc >&5
configure:4651: $? = 0
configure:4654: test -z 			 || test ! -s conftest.err
configure:4657: $? = 0
configure:4660: test -s conftest.o
configure:4663: $? = 0
configure:4674: result: yes
configure:4716: g++ -c -g -O2  conftest.cc >&5
configure:4722: $? = 0
configure:4725: test -z 			 || test ! -s conftest.err
configure:4728: $? = 0
configure:4731: test -s conftest.o
configure:4734: $? = 0
configure:4760: g++ -c -g -O2  conftest.cc >&5
conftest.cc: In function 'int main()':
conftest.cc:26: error: 'exit' was not declared in this scope
configure:4766: $? = 1
configure: failed program was:
| /* confdefs.h.  */
| 
| #define PACKAGE_NAME "libXrender"
| #define PACKAGE_TARNAME "libXrender"
| #define PACKAGE_VERSION "0.9.0"
| #define PACKAGE_STRING "libXrender 0.9.0"
| #define PACKAGE_BUGREPORT "keithp@keithp.com"
| #define PACKAGE "libXrender"
| #define VERSION "0.9.0"
| #define STDC_HEADERS 1
| #define HAVE_SYS_TYPES_H 1
| #define HAVE_SYS_STAT_H 1
| #define HAVE_STDLIB_H 1
| #define HAVE_STRING_H 1
| #define HAVE_MEMORY_H 1
| #define HAVE_STRINGS_H 1
| #define HAVE_INTTYPES_H 1
| #define HAVE_STDINT_H 1
| #define HAVE_UNISTD_H 1
| #define HAVE_DLFCN_H 1
| /* end confdefs.h.  */
| 
| int
| main ()
| {
| exit (42);
|   ;
|   return 0;
| }
configure:4716: g++ -c -g -O2  conftest.cc >&5
conftest.cc:22: error: 'void std::exit(int)' should have been declared inside 'std'
configure:4722: $? = 1
configure: failed program was:
| /* confdefs.h.  */
| 
| #define PACKAGE_NAME "libXrender"
| #define PACKAGE_TARNAME "libXrender"
| #define PACKAGE_VERSION "0.9.0"
| #define PACKAGE_STRING "libXrender 0.9.0"
| #define PACKAGE_BUGREPORT "keithp@keithp.com"
| #define PACKAGE "libXrender"
| #define VERSION "0.9.0"
| #define STDC_HEADERS 1
| #define HAVE_SYS_TYPES_H 1
| #define HAVE_SYS_STAT_H 1
| #define HAVE_STDLIB_H 1
| #define HAVE_STRING_H 1
| #define HAVE_MEMORY_H 1
| #define HAVE_STRINGS_H 1
| #define HAVE_INTTYPES_H 1
| #define HAVE_STDINT_H 1
| #define HAVE_UNISTD_H 1
| #define HAVE_DLFCN_H 1
| /* end confdefs.h.  */
| extern "C" void std::exit (int) throw (); using std::exit;
| #include <stdlib.h>
| int
| main ()
| {
| exit (42);
|   ;
|   return 0;
| }
configure:4716: g++ -c -g -O2  conftest.cc >&5
conftest.cc:22: error: 'void std::exit(int)' should have been declared inside 'std'
In file included from conftest.cc:23:
/usr/include/stdlib.h:531: error: declaration of 'void std::exit(int) throw ()' throws different exceptions
conftest.cc:22: error: from previous declaration 'void std::exit(int)'
configure:4722: $? = 1
configure: failed program was:
| /* confdefs.h.  */
| 
| #define PACKAGE_NAME "libXrender"
| #define PACKAGE_TARNAME "libXrender"
| #define PACKAGE_VERSION "0.9.0"
| #define PACKAGE_STRING "libXrender 0.9.0"
| #define PACKAGE_BUGREPORT "keithp@keithp.com"
| #define PACKAGE "libXrender"
| #define VERSION "0.9.0"
| #define STDC_HEADERS 1
| #define HAVE_SYS_TYPES_H 1
| #define HAVE_SYS_STAT_H 1
| #define HAVE_STDLIB_H 1
| #define HAVE_STRING_H 1
| #define HAVE_MEMORY_H 1
| #define HAVE_STRINGS_H 1
| #define HAVE_INTTYPES_H 1
| #define HAVE_STDINT_H 1
| #define HAVE_UNISTD_H 1
| #define HAVE_DLFCN_H 1
| /* end confdefs.h.  */
| extern "C" void std::exit (int); using std::exit;
| #include <stdlib.h>
| int
| main ()
| {
| exit (42);
|   ;
|   return 0;
| }
configure:4716: g++ -c -g -O2  conftest.cc >&5
configure:4722: $? = 0
configure:4725: test -z 			 || test ! -s conftest.err
configure:4728: $? = 0
configure:4731: test -s conftest.o
configure:4734: $? = 0
configure:4760: g++ -c -g -O2  conftest.cc >&5
configure:4766: $? = 0
configure:4769: test -z 			 || test ! -s conftest.err
configure:4772: $? = 0
configure:4775: test -s conftest.o
configure:4778: $? = 0
configure:4803: checking dependency style of g++
configure:4893: result: gcc3
configure:4915: checking how to run the C++ preprocessor
configure:4946: g++ -E  conftest.cc
configure:4952: $? = 0
configure:4984: g++ -E  conftest.cc
conftest.cc:25:28: error: ac_nonexistent.h: No such file or directory
configure:4990: $? = 1
configure: failed program was:
| /* confdefs.h.  */
| 
| #define PACKAGE_NAME "libXrender"
| #define PACKAGE_TARNAME "libXrender"
| #define PACKAGE_VERSION "0.9.0"
| #define PACKAGE_STRING "libXrender 0.9.0"
| #define PACKAGE_BUGREPORT "keithp@keithp.com"
| #define PACKAGE "libXrender"
| #define VERSION "0.9.0"
| #define STDC_HEADERS 1
| #define HAVE_SYS_TYPES_H 1
| #define HAVE_SYS_STAT_H 1
| #define HAVE_STDLIB_H 1
| #define HAVE_STRING_H 1
| #define HAVE_MEMORY_H 1
| #define HAVE_STRINGS_H 1
| #define HAVE_INTTYPES_H 1
| #define HAVE_STDINT_H 1
| #define HAVE_UNISTD_H 1
| #define HAVE_DLFCN_H 1
| #ifdef __cplusplus
| extern "C" void exit (int) throw ();
| #endif
| /* end confdefs.h.  */
| #include <ac_nonexistent.h>
configure:5029: result: g++ -E
configure:5053: g++ -E  conftest.cc
configure:5059: $? = 0
configure:5091: g++ -E  conftest.cc
conftest.cc:25:28: error: ac_nonexistent.h: No such file or directory
configure:5097: $? = 1
configure: failed program was:
| /* confdefs.h.  */
| 
| #define PACKAGE_NAME "libXrender"
| #define PACKAGE_TARNAME "libXrender"
| #define PACKAGE_VERSION "0.9.0"
| #define PACKAGE_STRING "libXrender 0.9.0"
| #define PACKAGE_BUGREPORT "keithp@keithp.com"
| #define PACKAGE "libXrender"
| #define VERSION "0.9.0"
| #define STDC_HEADERS 1
| #define HAVE_SYS_TYPES_H 1
| #define HAVE_SYS_STAT_H 1
| #define HAVE_STDLIB_H 1
| #define HAVE_STRING_H 1
| #define HAVE_MEMORY_H 1
| #define HAVE_STRINGS_H 1
| #define HAVE_INTTYPES_H 1
| #define HAVE_STDINT_H 1
| #define HAVE_UNISTD_H 1
| #define HAVE_DLFCN_H 1
| #ifdef __cplusplus
| extern "C" void exit (int) throw ();
| #endif
| /* end confdefs.h.  */
| #include <ac_nonexistent.h>
configure:5192: checking for g77
configure:5221: result: no
configure:5192: checking for f77
configure:5221: result: no
configure:5192: checking for xlf
configure:5221: result: no
configure:5192: checking for frt
configure:5221: result: no
configure:5192: checking for pgf77
configure:5221: result: no
configure:5192: checking for fort77
configure:5221: result: no
configure:5192: checking for fl32
configure:5221: result: no
configure:5192: checking for af77
configure:5221: result: no
configure:5192: checking for f90
configure:5221: result: no
configure:5192: checking for xlf90
configure:5221: result: no
configure:5192: checking for pgf90
configure:5221: result: no
configure:5192: checking for epcf90
configure:5221: result: no
configure:5192: checking for f95
configure:5221: result: no
configure:5192: checking for fort
configure:5221: result: no
configure:5192: checking for xlf95
configure:5221: result: no
configure:5192: checking for ifc
configure:5221: result: no
configure:5192: checking for efc
configure:5221: result: no
configure:5192: checking for pgf95
configure:5221: result: no
configure:5192: checking for lf95
configure:5221: result: no
configure:5192: checking for gfortran
configure:5221: result: no
configure:5233: checking for Fortran 77 compiler version
configure:5236:  --version </dev/null >&5
./configure: line 5237: --version: command not found
configure:5239: $? = 127
configure:5241:  -v </dev/null >&5
./configure: line 5242: -v: command not found
configure:5244: $? = 127
configure:5246:  -V </dev/null >&5
./configure: line 5247: -V: command not found
configure:5249: $? = 127
configure:5257: checking whether we are using the GNU Fortran 77 compiler
configure:5271:  -c  conftest.F >&5
./configure: line 5272: -c: command not found
configure:5277: $? = 127
configure: failed program was:
|       program main
| #ifndef __GNUC__
|        choke me
| #endif
| 
|       end
configure:5302: result: no
configure:5308: checking whether  accepts -g
configure:5320:  -c -g conftest.f >&5
./configure: line 5321: -c: command not found
configure:5326: $? = 127
configure: failed program was:
|       program main
| 
|       end
configure:5350: result: no
configure:5380: checking the maximum length of command line arguments
configure:5445: result: 32768
configure:5456: checking command to parse /usr/bin/nm -B output from gcc object
configure:5545: gcc -c -g -O2  conftest.c >&5
configure:5548: $? = 0
configure:5552: /usr/bin/nm -B conftest.o \| sed -n -e 's/^.*[ 	]\([ABCDGIRSTW][ABCDGIRSTW]*\)[ 	][ 	]*\(\)\([_A-Za-z][_A-Za-z0-9]*\)$/\1 \2\3 \3/p' \> conftest.nm
configure:5555: $? = 0
configure:5607: gcc -o conftest -g -O2   conftest.c conftstm.o >&5
configure:5610: $? = 0
configure:5648: result: ok
configure:5652: checking for objdir
configure:5667: result: .libs
configure:5757: checking for ar
configure:5773: found /usr/bin/ar
configure:5784: result: ar
configure:5837: checking for ranlib
configure:5853: found /usr/bin/ranlib
configure:5864: result: ranlib
configure:5917: checking for strip
configure:5933: found /usr/bin/strip
configure:5944: result: strip
configure:6206: checking if gcc static flag  works
configure:6229: result: yes
configure:6247: checking if gcc supports -fno-rtti -fno-exceptions
configure:6265: gcc -c -g -O2  -fno-rtti -fno-exceptions conftest.c >&5
cc1: warning: command line option "-fno-rtti" is valid for C++/ObjC++ but not for C
configure:6269: $? = 0
configure:6280: result: no
configure:6295: checking for gcc option to produce PIC
configure:6472: result: -fPIC
configure:6480: checking if gcc PIC flag -fPIC works
configure:6498: gcc -c -g -O2  -fPIC -DPIC conftest.c >&5
configure:6502: $? = 0
configure:6513: result: yes
configure:6537: checking if gcc supports -c -o file.o
configure:6558: gcc -c -g -O2  -o out/conftest2.o conftest.c >&5
configure:6562: $? = 0
configure:6582: result: yes
configure:6608: checking whether the gcc linker (/usr/bin/ld) supports shared libraries
configure:7455: result: yes
configure:7481: checking whether -lc should be explicitly linked in
configure:7486: gcc -c -g -O2  conftest.c >&5
configure:7489: $? = 0
configure:7503: gcc -shared conftest.o  -v -Wl,-soname -Wl,conftest -o conftest 2\>\&1 \| grep  -lc  \>/dev/null 2\>\&1
configure:7506: $? = 0
configure:7518: result: no
configure:7526: checking dynamic linker characteristics
configure:8078: result: GNU/Linux ld.so
configure:8082: checking how to hardcode library paths into programs
configure:8107: result: immediate
configure:8121: checking whether stripping libraries is possible
configure:8126: result: yes
configure:8949: checking if libtool supports shared libraries
configure:8951: result: yes
configure:8954: checking whether to build shared libraries
configure:9012: result: yes
configure:9015: checking whether to build static libraries
configure:9019: result: yes
configure:9111: creating libtool
configure:9658: checking for ld used by g++
configure:9725: result: /usr/bin/ld
configure:9734: checking if the linker (/usr/bin/ld) is GNU ld
configure:9749: result: yes
configure:9800: checking whether the g++ linker (/usr/bin/ld) supports shared libraries
configure:10626: result: yes
configure:10644: g++ -c -g -O2  conftest.cc >&5
configure:10647: $? = 0
configure:10743: checking for g++ option to produce PIC
configure:10995: result: -fPIC
configure:11003: checking if g++ PIC flag -fPIC works
configure:11021: g++ -c -g -O2  -fPIC -DPIC conftest.cc >&5
configure:11025: $? = 0
configure:11036: result: yes
configure:11060: checking if g++ supports -c -o file.o
configure:11081: g++ -c -g -O2  -o out/conftest2.o conftest.cc >&5
configure:11085: $? = 0
configure:11105: result: yes
configure:11131: checking whether the g++ linker (/usr/bin/ld) supports shared libraries
configure:11159: result: yes
configure:11230: checking dynamic linker characteristics
configure:11782: result: GNU/Linux ld.so
configure:11786: checking how to hardcode library paths into programs
configure:11811: result: immediate
configure:11825: checking whether stripping libraries is possible
configure:11830: result: yes
configure:19081: checking for pkg-config
configure:19099: found /usr/bin/pkg-config
configure:19112: result: /usr/bin/pkg-config
configure:19129: checking for x11
configure:19133: result: yes
configure:19137: checking X_CFLAGS
configure:19140: result:  
configure:19143: checking X_LIBS
configure:19146: result: -lX11  
configure:20701: checking for render >= 0.9
configure:20740: error: Library requirements (render >= 0.9) not met; consider adjusting the PKG_CONFIG_PATH environment variable if your libraries are in a nonstandard prefix so pkg-config can find them.

## ---------------- ##
## Cache variables. ##
## ---------------- ##

ac_cv_build=i686-pc-linux-gnu
ac_cv_build_alias=i686-pc-linux-gnu
ac_cv_c_compiler_gnu=yes
ac_cv_cxx_compiler_gnu=yes
ac_cv_env_CC_set=
ac_cv_env_CC_value=
ac_cv_env_CFLAGS_set=
ac_cv_env_CFLAGS_value=
ac_cv_env_CPPFLAGS_set=
ac_cv_env_CPPFLAGS_value=
ac_cv_env_CPP_set=
ac_cv_env_CPP_value=
ac_cv_env_CXXCPP_set=
ac_cv_env_CXXCPP_value=
ac_cv_env_CXXFLAGS_set=
ac_cv_env_CXXFLAGS_value=
ac_cv_env_CXX_set=
ac_cv_env_CXX_value=
ac_cv_env_F77_set=
ac_cv_env_F77_value=
ac_cv_env_FFLAGS_set=
ac_cv_env_FFLAGS_value=
ac_cv_env_LDFLAGS_set=
ac_cv_env_LDFLAGS_value=
ac_cv_env_build_alias_set=
ac_cv_env_build_alias_value=
ac_cv_env_host_alias_set=
ac_cv_env_host_alias_value=
ac_cv_env_target_alias_set=
ac_cv_env_target_alias_value=
ac_cv_exeext=
ac_cv_f77_compiler_gnu=no
ac_cv_header_dlfcn_h=yes
ac_cv_header_inttypes_h=yes
ac_cv_header_memory_h=yes
ac_cv_header_stdc=yes
ac_cv_header_stdint_h=yes
ac_cv_header_stdlib_h=yes
ac_cv_header_string_h=yes
ac_cv_header_strings_h=yes
ac_cv_header_sys_stat_h=yes
ac_cv_header_sys_types_h=yes
ac_cv_header_unistd_h=yes
ac_cv_host=i686-pc-linux-gnu
ac_cv_host_alias=i686-pc-linux-gnu
ac_cv_objext=o
ac_cv_path_PKG_CONFIG=/usr/bin/pkg-config
ac_cv_path_install='/usr/bin/install -c'
ac_cv_prog_AWK=gawk
ac_cv_prog_CPP='gcc -E'
ac_cv_prog_CXXCPP='g++ -E'
ac_cv_prog_ac_ct_AR=ar
ac_cv_prog_ac_ct_CC=gcc
ac_cv_prog_ac_ct_CXX=g++
ac_cv_prog_ac_ct_RANLIB=ranlib
ac_cv_prog_ac_ct_STRIP=strip
ac_cv_prog_cc_g=yes
ac_cv_prog_cc_stdc=
ac_cv_prog_cxx_g=yes
ac_cv_prog_egrep='grep -E'
ac_cv_prog_f77_g=no
ac_cv_prog_make_make_set=yes
am_cv_CC_dependencies_compiler_type=gcc3
am_cv_CXX_dependencies_compiler_type=gcc3
lt_cv_deplibs_check_method=pass_all
lt_cv_file_magic_cmd='$MAGIC_CMD'
lt_cv_file_magic_test_file=
lt_cv_ld_reload_flag=-r
lt_cv_objdir=.libs
lt_cv_path_LD=/usr/bin/ld
lt_cv_path_LDCXX=/usr/bin/ld
lt_cv_path_NM='/usr/bin/nm -B'
lt_cv_path_SED=/bin/sed
lt_cv_prog_compiler_c_o=yes
lt_cv_prog_compiler_c_o_CXX=yes
lt_cv_prog_compiler_rtti_exceptions=no
lt_cv_prog_gnu_ld=yes
lt_cv_prog_gnu_ldcxx=yes
lt_cv_sys_global_symbol_pipe='sed -n -e '\''s/^.*[ 	]\([ABCDGIRSTW][ABCDGIRSTW]*\)[ 	][ 	]*\(\)\([_A-Za-z][_A-Za-z0-9]*\)$/\1 \2\3 \3/p'\'''
lt_cv_sys_global_symbol_to_c_name_address='sed -n -e '\''s/^: \([^ ]*\) $/  {\"\1\", (lt_ptr) 0},/p'\'' -e '\''s/^[BCDEGRST] \([^ ]*\) \([^ ]*\)$/  {"\2", (lt_ptr) \&\2},/p'\'''
lt_cv_sys_global_symbol_to_cdecl='sed -n -e '\''s/^. .* \(.*\)$/extern int \1;/p'\'''
lt_cv_sys_max_cmd_len=32768
lt_lt_cv_prog_compiler_c_o='"yes"'
lt_lt_cv_prog_compiler_c_o_CXX='"yes"'
lt_lt_cv_sys_global_symbol_pipe='"sed -n -e '\''s/^.*[ 	]\\([ABCDGIRSTW][ABCDGIRSTW]*\\)[ 	][ 	]*\\(\\)\\([_A-Za-z][_A-Za-z0-9]*\\)\$/\\1 \\2\\3 \\3/p'\''"'
lt_lt_cv_sys_global_symbol_to_c_name_address='"sed -n -e '\''s/^: \\([^ ]*\\) \$/  {\\\"\\1\\\", (lt_ptr) 0},/p'\'' -e '\''s/^[BCDEGRST] \\([^ ]*\\) \\([^ ]*\\)\$/  {\"\\2\", (lt_ptr) \\&\\2},/p'\''"'
lt_lt_cv_sys_global_symbol_to_cdecl='"sed -n -e '\''s/^. .* \\(.*\\)\$/extern int \\1;/p'\''"'

## ----------------- ##
## Output variables. ##
## ----------------- ##

ACLOCAL='aclocal-1.8'
AMDEPBACKSLASH='\'
AMDEP_FALSE='#'
AMDEP_TRUE=''
AMTAR='tar'
AR='ar'
AUTOCONF='autoconf'
AUTOHEADER='autoheader'
AUTOMAKE='automake-1.8'
AWK='gawk'
CC='gcc'
CCDEPMODE='depmode=gcc3'
CFLAGS='-g -O2'
CPP='gcc -E'
CPPFLAGS=''
CXX='g++'
CXXCPP='g++ -E'
CXXDEPMODE='depmode=gcc3'
CXXFLAGS='-g -O2'
CYGPATH_W='echo'
DEFS=''
DEPDIR='.deps'
ECHO='echo'
ECHO_C=''
ECHO_N='-n'
ECHO_T=''
EGREP='grep -E'
EXEEXT=''
F77=''
FFLAGS=''
INSTALL_DATA='${INSTALL} -m 644'
INSTALL_PROGRAM='${INSTALL}'
INSTALL_SCRIPT='${INSTALL}'
INSTALL_STRIP_PROGRAM='${SHELL} $(install_sh) -c -s'
LDFLAGS=''
LIBOBJS=''
LIBS=''
LIBTOOL='$(SHELL) $(top_builddir)/libtool'
LN_S='ln -s'
LTLIBOBJS=''
MAINT='#'
MAINTAINER_MODE_FALSE=''
MAINTAINER_MODE_TRUE='#'
MAKEINFO='makeinfo'
OBJEXT='o'
PACKAGE='libXrender'
PACKAGE_BUGREPORT='keithp@keithp.com'
PACKAGE_NAME='libXrender'
PACKAGE_STRING='libXrender 0.9.0'
PACKAGE_TARNAME='libXrender'
PACKAGE_VERSION='0.9.0'
PATH_SEPARATOR=':'
PKG_CONFIG='/usr/bin/pkg-config'
RANLIB='ranlib'
RENDER_CFLAGS=''
RENDER_LIBS=''
SET_MAKE=''
SHELL='/bin/sh'
STRIP='strip'
VERSION='0.9.0'
X_CFLAGS=' '
X_EXTRA_LIBS=''
X_LIBS='-lX11  '
X_NON_PKG_CFLAGS=''
X_NON_PKG_LIBS=''
X_PRE_LIBS=''
X_REQUIRES='x11'
ac_ct_AR='ar'
ac_ct_CC='gcc'
ac_ct_CXX='g++'
ac_ct_F77=''
ac_ct_RANLIB='ranlib'
ac_ct_STRIP='strip'
am__fastdepCC_FALSE='#'
am__fastdepCC_TRUE=''
am__fastdepCXX_FALSE='#'
am__fastdepCXX_TRUE=''
am__include='include'
am__leading_dot='.'
am__quote=''
bindir='${exec_prefix}/bin'
build='i686-pc-linux-gnu'
build_alias=''
build_cpu='i686'
build_os='linux-gnu'
build_vendor='pc'
datadir='${prefix}/share'
exec_prefix='NONE'
host='i686-pc-linux-gnu'
host_alias=''
host_cpu='i686'
host_os='linux-gnu'
host_vendor='pc'
includedir='${prefix}/include'
infodir='${prefix}/info'
install_sh='/home/data/pdrezet/workspace/LUCID_MERGE_PATRICKS/INX/comp-lib-support/libXrender/libXrender-0.9.0/install-sh'
libdir='${exec_prefix}/lib'
libexecdir='${exec_prefix}/libexec'
localstatedir='${prefix}/var'
mandir='${prefix}/man'
mkdir_p='mkdir -p -- .'
oldincludedir='/usr/include'
prefix='NONE'
program_transform_name='s,x,x,'
sbindir='${exec_prefix}/sbin'
sharedstatedir='${prefix}/com'
sysconfdir='${prefix}/etc'
target_alias=''

## ----------- ##
## confdefs.h. ##
## ----------- ##

#define HAVE_DLFCN_H 1
#define HAVE_INTTYPES_H 1
#define HAVE_MEMORY_H 1
#define HAVE_STDINT_H 1
#define HAVE_STDLIB_H 1
#define HAVE_STRINGS_H 1
#define HAVE_STRING_H 1
#define HAVE_SYS_STAT_H 1
#define HAVE_SYS_TYPES_H 1
#define HAVE_UNISTD_H 1
#define PACKAGE "libXrender"
#define PACKAGE_BUGREPORT "keithp@keithp.com"
#define PACKAGE_NAME "libXrender"
#define PACKAGE_STRING "libXrender 0.9.0"
#define PACKAGE_TARNAME "libXrender"
#define PACKAGE_VERSION "0.9.0"
#define STDC_HEADERS 1
#define VERSION "0.9.0"
#endif
#ifdef __cplusplus
extern "C" void exit (int) throw ();

configure: exit 1
