This file contains any messages produced by compilers while
running configure, to aid debugging if configure makes a mistake.

It was created by configure, which was
generated by GNU Autoconf 2.59.  Invocation command line was

  $ ./configure 

## --------- ##
## Platform. ##
## --------- ##

hostname = inx-laptop1-linux
uname -m = i686
uname -r = 2.6.24-27-generic
uname -s = Linux
uname -v = #1 SMP Fri Mar 12 01:10:31 UTC 2010

/usr/bin/uname -p = unknown
/bin/uname -X     = unknown

/bin/arch              = unknown
/usr/bin/arch -k       = unknown
/usr/convex/getsysinfo = unknown
hostinfo               = unknown
/bin/machine           = unknown
/usr/bin/oslevel       = unknown
/bin/universe          = unknown

PATH: /usr/local/sbin
PATH: /usr/local/bin
PATH: /usr/sbin
PATH: /usr/bin
PATH: /sbin
PATH: /bin
PATH: /usr/games
PATH: /opt/real/RealPlayer


## ----------- ##
## Core tests. ##
## ----------- ##

configure:1565: checking for a BSD-compatible install
configure:1620: result: /usr/bin/install -c
configure:1631: checking whether build environment is sane
configure:1674: result: yes
configure:1731: checking for gawk
configure:1760: result: no
configure:1731: checking for mawk
configure:1747: found /usr/bin/mawk
configure:1757: result: mawk
configure:1767: checking whether make sets $(MAKE)
configure:1787: result: yes
configure:1942: checking whether to enable maintainer-specific portions of Makefiles
configure:1951: result: no
configure:1973: checking build system type
configure:1991: result: i686-pc-linux-gnu
configure:1999: checking host system type
configure:2013: result: i686-pc-linux-gnu
configure:2105: checking for style of include used by make
configure:2133: result: GNU
configure:2204: checking for gcc
configure:2220: found /usr/bin/gcc
configure:2230: result: gcc
configure:2474: checking for C compiler version
configure:2477: gcc --version </dev/null >&5
gcc (GCC) 4.2.4 (Ubuntu 4.2.4-1ubuntu4)
Copyright (C) 2007 Free Software Foundation, Inc.
This is free software; see the source for copying conditions.  There is NO
warranty; not even for MERCHANTABILITY or FITNESS FOR A PARTICULAR PURPOSE.

configure:2480: $? = 0
configure:2482: gcc -v </dev/null >&5
Using built-in specs.
Target: i486-linux-gnu
Configured with: ../src/configure -v --enable-languages=c,c++,fortran,objc,obj-c++,treelang --prefix=/usr --enable-shared --with-system-zlib --libexecdir=/usr/lib --without-included-gettext --enable-threads=posix --enable-nls --with-gxx-include-dir=/usr/include/c++/4.2 --program-suffix=-4.2 --enable-clocale=gnu --enable-libstdcxx-debug --enable-objc-gc --enable-mpfr --enable-targets=all --enable-checking=release --build=i486-linux-gnu --host=i486-linux-gnu --target=i486-linux-gnu
Thread model: posix
gcc version 4.2.4 (Ubuntu 4.2.4-1ubuntu4)
configure:2485: $? = 0
configure:2487: gcc -V </dev/null >&5
gcc: '-V' option must have argument
configure:2490: $? = 1
configure:2513: checking for C compiler default output file name
configure:2516: gcc    conftest.c  >&5
configure:2519: $? = 0
configure:2565: result: a.out
configure:2570: checking whether the C compiler works
configure:2576: ./a.out
configure:2579: $? = 0
configure:2596: result: yes
configure:2603: checking whether we are cross compiling
configure:2605: result: no
configure:2608: checking for suffix of executables
configure:2610: gcc -o conftest    conftest.c  >&5
configure:2613: $? = 0
configure:2638: result: 
configure:2644: checking for suffix of object files
configure:2665: gcc -c   conftest.c >&5
configure:2668: $? = 0
configure:2690: result: o
configure:2694: checking whether we are using the GNU C compiler
configure:2718: gcc -c   conftest.c >&5
configure:2724: $? = 0
configure:2727: test -z 			 || test ! -s conftest.err
configure:2730: $? = 0
configure:2733: test -s conftest.o
configure:2736: $? = 0
configure:2749: result: yes
configure:2755: checking whether gcc accepts -g
configure:2776: gcc -c -g  conftest.c >&5
configure:2782: $? = 0
configure:2785: test -z 			 || test ! -s conftest.err
configure:2788: $? = 0
configure:2791: test -s conftest.o
configure:2794: $? = 0
configure:2805: result: yes
configure:2822: checking for gcc option to accept ANSI C
configure:2892: gcc  -c -g -O2  conftest.c >&5
configure:2898: $? = 0
configure:2901: test -z 			 || test ! -s conftest.err
configure:2904: $? = 0
configure:2907: test -s conftest.o
configure:2910: $? = 0
configure:2928: result: none needed
configure:2946: gcc -c -g -O2  conftest.c >&5
conftest.c:2: error: expected '=', ',', ';', 'asm' or '__attribute__' before 'me'
configure:2952: $? = 1
configure: failed program was:
| #ifndef __cplusplus
|   choke me
| #endif
configure:3084: checking dependency style of gcc
configure:3174: result: gcc3
configure:3191: checking for a sed that does not truncate output
configure:3245: result: /bin/sed
configure:3248: checking for egrep
configure:3258: result: grep -E
configure:3274: checking for ld used by gcc
configure:3341: result: /usr/bin/ld
configure:3350: checking if the linker (/usr/bin/ld) is GNU ld
configure:3365: result: yes
configure:3370: checking for /usr/bin/ld option to reload object files
configure:3377: result: -r
configure:3386: checking for BSD-compatible nm
configure:3428: result: /usr/bin/nm -B
configure:3432: checking whether ln -s works
configure:3436: result: yes
configure:3443: checking how to recognise dependent libraries
configure:3617: result: pass_all
configure:3830: checking how to run the C preprocessor
configure:3865: gcc -E  conftest.c
configure:3871: $? = 0
configure:3903: gcc -E  conftest.c
conftest.c:9:28: error: ac_nonexistent.h: No such file or directory
configure:3909: $? = 1
configure: failed program was:
| /* confdefs.h.  */
| 
| #define PACKAGE_NAME ""
| #define PACKAGE_TARNAME ""
| #define PACKAGE_VERSION ""
| #define PACKAGE_STRING ""
| #define PACKAGE_BUGREPORT ""
| /* end confdefs.h.  */
| #include <ac_nonexistent.h>
configure:3948: result: gcc -E
configure:3972: gcc -E  conftest.c
configure:3978: $? = 0
configure:4010: gcc -E  conftest.c
conftest.c:9:28: error: ac_nonexistent.h: No such file or directory
configure:4016: $? = 1
configure: failed program was:
| /* confdefs.h.  */
| 
| #define PACKAGE_NAME ""
| #define PACKAGE_TARNAME ""
| #define PACKAGE_VERSION ""
| #define PACKAGE_STRING ""
| #define PACKAGE_BUGREPORT ""
| /* end confdefs.h.  */
| #include <ac_nonexistent.h>
configure:4060: checking for ANSI C header files
configure:4085: gcc -c -g -O2  conftest.c >&5
configure:4091: $? = 0
configure:4094: test -z 			 || test ! -s conftest.err
configure:4097: $? = 0
configure:4100: test -s conftest.o
configure:4103: $? = 0
configure:4192: gcc -o conftest -g -O2   conftest.c  >&5
conftest.c: In function 'main':
conftest.c:26: warning: incompatible implicit declaration of built-in function 'exit'
configure:4195: $? = 0
configure:4197: ./conftest
configure:4200: $? = 0
configure:4215: result: yes
configure:4239: checking for sys/types.h
configure:4255: gcc -c -g -O2  conftest.c >&5
configure:4261: $? = 0
configure:4264: test -z 			 || test ! -s conftest.err
configure:4267: $? = 0
configure:4270: test -s conftest.o
configure:4273: $? = 0
configure:4284: result: yes
configure:4239: checking for sys/stat.h
configure:4255: gcc -c -g -O2  conftest.c >&5
configure:4261: $? = 0
configure:4264: test -z 			 || test ! -s conftest.err
configure:4267: $? = 0
configure:4270: test -s conftest.o
configure:4273: $? = 0
configure:4284: result: yes
configure:4239: checking for stdlib.h
configure:4255: gcc -c -g -O2  conftest.c >&5
configure:4261: $? = 0
configure:4264: test -z 			 || test ! -s conftest.err
configure:4267: $? = 0
configure:4270: test -s conftest.o
configure:4273: $? = 0
configure:4284: result: yes
configure:4239: checking for string.h
configure:4255: gcc -c -g -O2  conftest.c >&5
configure:4261: $? = 0
configure:4264: test -z 			 || test ! -s conftest.err
configure:4267: $? = 0
configure:4270: test -s conftest.o
configure:4273: $? = 0
configure:4284: result: yes
configure:4239: checking for memory.h
configure:4255: gcc -c -g -O2  conftest.c >&5
configure:4261: $? = 0
configure:4264: test -z 			 || test ! -s conftest.err
configure:4267: $? = 0
configure:4270: test -s conftest.o
configure:4273: $? = 0
configure:4284: result: yes
configure:4239: checking for strings.h
configure:4255: gcc -c -g -O2  conftest.c >&5
configure:4261: $? = 0
configure:4264: test -z 			 || test ! -s conftest.err
configure:4267: $? = 0
configure:4270: test -s conftest.o
configure:4273: $? = 0
configure:4284: result: yes
configure:4239: checking for inttypes.h
configure:4255: gcc -c -g -O2  conftest.c >&5
configure:4261: $? = 0
configure:4264: test -z 			 || test ! -s conftest.err
configure:4267: $? = 0
configure:4270: test -s conftest.o
configure:4273: $? = 0
configure:4284: result: yes
configure:4239: checking for stdint.h
configure:4255: gcc -c -g -O2  conftest.c >&5
configure:4261: $? = 0
configure:4264: test -z 			 || test ! -s conftest.err
configure:4267: $? = 0
configure:4270: test -s conftest.o
configure:4273: $? = 0
configure:4284: result: yes
configure:4239: checking for unistd.h
configure:4255: gcc -c -g -O2  conftest.c >&5
configure:4261: $? = 0
configure:4264: test -z 			 || test ! -s conftest.err
configure:4267: $? = 0
configure:4270: test -s conftest.o
configure:4273: $? = 0
configure:4284: result: yes
configure:4310: checking dlfcn.h usability
configure:4322: gcc -c -g -O2  conftest.c >&5
configure:4328: $? = 0
configure:4331: test -z 			 || test ! -s conftest.err
configure:4334: $? = 0
configure:4337: test -s conftest.o
configure:4340: $? = 0
configure:4350: result: yes
configure:4354: checking dlfcn.h presence
configure:4364: gcc -E  conftest.c
configure:4370: $? = 0
configure:4390: result: yes
configure:4425: checking for dlfcn.h
configure:4432: result: yes
configure:4497: checking for g++
configure:4513: found /usr/bin/g++
configure:4523: result: g++
configure:4539: checking for C++ compiler version
configure:4542: g++ --version </dev/null >&5
g++ (GCC) 4.2.4 (Ubuntu 4.2.4-1ubuntu4)
Copyright (C) 2007 Free Software Foundation, Inc.
This is free software; see the source for copying conditions.  There is NO
warranty; not even for MERCHANTABILITY or FITNESS FOR A PARTICULAR PURPOSE.

configure:4545: $? = 0
configure:4547: g++ -v </dev/null >&5
Using built-in specs.
Target: i486-linux-gnu
Configured with: ../src/configure -v --enable-languages=c,c++,fortran,objc,obj-c++,treelang --prefix=/usr --enable-shared --with-system-zlib --libexecdir=/usr/lib --without-included-gettext --enable-threads=posix --enable-nls --with-gxx-include-dir=/usr/include/c++/4.2 --program-suffix=-4.2 --enable-clocale=gnu --enable-libstdcxx-debug --enable-objc-gc --enable-mpfr --enable-targets=all --enable-checking=release --build=i486-linux-gnu --host=i486-linux-gnu --target=i486-linux-gnu
Thread model: posix
gcc version 4.2.4 (Ubuntu 4.2.4-1ubuntu4)
configure:4550: $? = 0
configure:4552: g++ -V </dev/null >&5
g++: '-V' option must have argument
configure:4555: $? = 1
configure:4558: checking whether we are using the GNU C++ compiler
configure:4582: g++ -c   conftest.cc >&5
configure:4588: $? = 0
configure:4591: test -z 			 || test ! -s conftest.err
configure:4594: $? = 0
configure:4597: test -s conftest.o
configure:4600: $? = 0
configure:4613: result: yes
configure:4619: checking whether g++ accepts -g
configure:4640: g++ -c -g  conftest.cc >&5
configure:4646: $? = 0
configure:4649: test -z 			 || test ! -s conftest.err
configure:4652: $? = 0
configure:4655: test -s conftest.o
configure:4658: $? = 0
configure:4669: result: yes
configure:4711: g++ -c -g -O2  conftest.cc >&5
configure:4717: $? = 0
configure:4720: test -z 			 || test ! -s conftest.err
configure:4723: $? = 0
configure:4726: test -s conftest.o
configure:4729: $? = 0
configure:4755: g++ -c -g -O2  conftest.cc >&5
conftest.cc: In function 'int main()':
conftest.cc:24: error: 'exit' was not declared in this scope
configure:4761: $? = 1
configure: failed program was:
| /* confdefs.h.  */
| 
| #define PACKAGE_NAME ""
| #define PACKAGE_TARNAME ""
| #define PACKAGE_VERSION ""
| #define PACKAGE_STRING ""
| #define PACKAGE_BUGREPORT ""
| #define STDC_HEADERS 1
| #define HAVE_SYS_TYPES_H 1
| #define HAVE_SYS_STAT_H 1
| #define HAVE_STDLIB_H 1
| #define HAVE_STRING_H 1
| #define HAVE_MEMORY_H 1
| #define HAVE_STRINGS_H 1
| #define HAVE_INTTYPES_H 1
| #define HAVE_STDINT_H 1
| #define HAVE_UNISTD_H 1
| #define HAVE_DLFCN_H 1
| /* end confdefs.h.  */
| 
| int
| main ()
| {
| exit (42);
|   ;
|   return 0;
| }
configure:4711: g++ -c -g -O2  conftest.cc >&5
conftest.cc:20: error: 'void std::exit(int)' should have been declared inside 'std'
configure:4717: $? = 1
configure: failed program was:
| /* confdefs.h.  */
| 
| #define PACKAGE_NAME ""
| #define PACKAGE_TARNAME ""
| #define PACKAGE_VERSION ""
| #define PACKAGE_STRING ""
| #define PACKAGE_BUGREPORT ""
| #define STDC_HEADERS 1
| #define HAVE_SYS_TYPES_H 1
| #define HAVE_SYS_STAT_H 1
| #define HAVE_STDLIB_H 1
| #define HAVE_STRING_H 1
| #define HAVE_MEMORY_H 1
| #define HAVE_STRINGS_H 1
| #define HAVE_INTTYPES_H 1
| #define HAVE_STDINT_H 1
| #define HAVE_UNISTD_H 1
| #define HAVE_DLFCN_H 1
| /* end confdefs.h.  */
| extern "C" void std::exit (int) throw (); using std::exit;
| #include <stdlib.h>
| int
| main ()
| {
| exit (42);
|   ;
|   return 0;
| }
configure:4711: g++ -c -g -O2  conftest.cc >&5
conftest.cc:20: error: 'void std::exit(int)' should have been declared inside 'std'
In file included from conftest.cc:21:
/usr/include/stdlib.h:531: error: declaration of 'void std::exit(int) throw ()' throws different exceptions
conftest.cc:20: error: from previous declaration 'void std::exit(int)'
configure:4717: $? = 1
configure: failed program was:
| /* confdefs.h.  */
| 
| #define PACKAGE_NAME ""
| #define PACKAGE_TARNAME ""
| #define PACKAGE_VERSION ""
| #define PACKAGE_STRING ""
| #define PACKAGE_BUGREPORT ""
| #define STDC_HEADERS 1
| #define HAVE_SYS_TYPES_H 1
| #define HAVE_SYS_STAT_H 1
| #define HAVE_STDLIB_H 1
| #define HAVE_STRING_H 1
| #define HAVE_MEMORY_H 1
| #define HAVE_STRINGS_H 1
| #define HAVE_INTTYPES_H 1
| #define HAVE_STDINT_H 1
| #define HAVE_UNISTD_H 1
| #define HAVE_DLFCN_H 1
| /* end confdefs.h.  */
| extern "C" void std::exit (int); using std::exit;
| #include <stdlib.h>
| int
| main ()
| {
| exit (42);
|   ;
|   return 0;
| }
configure:4711: g++ -c -g -O2  conftest.cc >&5
configure:4717: $? = 0
configure:4720: test -z 			 || test ! -s conftest.err
configure:4723: $? = 0
configure:4726: test -s conftest.o
configure:4729: $? = 0
configure:4755: g++ -c -g -O2  conftest.cc >&5
configure:4761: $? = 0
configure:4764: test -z 			 || test ! -s conftest.err
configure:4767: $? = 0
configure:4770: test -s conftest.o
configure:4773: $? = 0
configure:4798: checking dependency style of g++
configure:4888: result: gcc3
configure:4910: checking how to run the C++ preprocessor
configure:4941: g++ -E  conftest.cc
configure:4947: $? = 0
configure:4979: g++ -E  conftest.cc
conftest.cc:23:28: error: ac_nonexistent.h: No such file or directory
configure:4985: $? = 1
configure: failed program was:
| /* confdefs.h.  */
| 
| #define PACKAGE_NAME ""
| #define PACKAGE_TARNAME ""
| #define PACKAGE_VERSION ""
| #define PACKAGE_STRING ""
| #define PACKAGE_BUGREPORT ""
| #define STDC_HEADERS 1
| #define HAVE_SYS_TYPES_H 1
| #define HAVE_SYS_STAT_H 1
| #define HAVE_STDLIB_H 1
| #define HAVE_STRING_H 1
| #define HAVE_MEMORY_H 1
| #define HAVE_STRINGS_H 1
| #define HAVE_INTTYPES_H 1
| #define HAVE_STDINT_H 1
| #define HAVE_UNISTD_H 1
| #define HAVE_DLFCN_H 1
| #ifdef __cplusplus
| extern "C" void exit (int) throw ();
| #endif
| /* end confdefs.h.  */
| #include <ac_nonexistent.h>
configure:5024: result: g++ -E
configure:5048: g++ -E  conftest.cc
configure:5054: $? = 0
configure:5086: g++ -E  conftest.cc
conftest.cc:23:28: error: ac_nonexistent.h: No such file or directory
configure:5092: $? = 1
configure: failed program was:
| /* confdefs.h.  */
| 
| #define PACKAGE_NAME ""
| #define PACKAGE_TARNAME ""
| #define PACKAGE_VERSION ""
| #define PACKAGE_STRING ""
| #define PACKAGE_BUGREPORT ""
| #define STDC_HEADERS 1
| #define HAVE_SYS_TYPES_H 1
| #define HAVE_SYS_STAT_H 1
| #define HAVE_STDLIB_H 1
| #define HAVE_STRING_H 1
| #define HAVE_MEMORY_H 1
| #define HAVE_STRINGS_H 1
| #define HAVE_INTTYPES_H 1
| #define HAVE_STDINT_H 1
| #define HAVE_UNISTD_H 1
| #define HAVE_DLFCN_H 1
| #ifdef __cplusplus
| extern "C" void exit (int) throw ();
| #endif
| /* end confdefs.h.  */
| #include <ac_nonexistent.h>
configure:5187: checking for g77
configure:5216: result: no
configure:5187: checking for f77
configure:5216: result: no
configure:5187: checking for xlf
configure:5216: result: no
configure:5187: checking for frt
configure:5216: result: no
configure:5187: checking for pgf77
configure:5216: result: no
configure:5187: checking for fort77
configure:5216: result: no
configure:5187: checking for fl32
configure:5216: result: no
configure:5187: checking for af77
configure:5216: result: no
configure:5187: checking for f90
configure:5216: result: no
configure:5187: checking for xlf90
configure:5216: result: no
configure:5187: checking for pgf90
configure:5216: result: no
configure:5187: checking for epcf90
configure:5216: result: no
configure:5187: checking for f95
configure:5216: result: no
configure:5187: checking for fort
configure:5216: result: no
configure:5187: checking for xlf95
configure:5216: result: no
configure:5187: checking for ifc
configure:5216: result: no
configure:5187: checking for efc
configure:5216: result: no
configure:5187: checking for pgf95
configure:5216: result: no
configure:5187: checking for lf95
configure:5216: result: no
configure:5187: checking for gfortran
configure:5216: result: no
configure:5228: checking for Fortran 77 compiler version
configure:5231:  --version </dev/null >&5
./configure: line 5232: --version: command not found
configure:5234: $? = 127
configure:5236:  -v </dev/null >&5
./configure: line 5237: -v: command not found
configure:5239: $? = 127
configure:5241:  -V </dev/null >&5
./configure: line 5242: -V: command not found
configure:5244: $? = 127
configure:5252: checking whether we are using the GNU Fortran 77 compiler
configure:5266:  -c  conftest.F >&5
./configure: line 5267: -c: command not found
configure:5272: $? = 127
configure: failed program was:
|       program main
| #ifndef __GNUC__
|        choke me
| #endif
| 
|       end
configure:5297: result: no
configure:5303: checking whether  accepts -g
configure:5315:  -c -g conftest.f >&5
./configure: line 5316: -c: command not found
configure:5321: $? = 127
configure: failed program was:
|       program main
| 
|       end
configure:5345: result: no
configure:5375: checking the maximum length of command line arguments
configure:5440: result: 32768
configure:5451: checking command to parse /usr/bin/nm -B output from gcc object
configure:5540: gcc -c -g -O2  conftest.c >&5
configure:5543: $? = 0
configure:5547: /usr/bin/nm -B conftest.o \| sed -n -e 's/^.*[ 	]\([ABCDGIRSTW][ABCDGIRSTW]*\)[ 	][ 	]*\(\)\([_A-Za-z][_A-Za-z0-9]*\)$/\1 \2\3 \3/p' \> conftest.nm
configure:5550: $? = 0
configure:5602: gcc -o conftest -g -O2   conftest.c conftstm.o >&5
configure:5605: $? = 0
configure:5643: result: ok
configure:5647: checking for objdir
configure:5662: result: .libs
configure:5752: checking for ar
configure:5768: found /usr/bin/ar
configure:5779: result: ar
configure:5832: checking for ranlib
configure:5848: found /usr/bin/ranlib
configure:5859: result: ranlib
configure:5912: checking for strip
configure:5928: found /usr/bin/strip
configure:5939: result: strip
configure:6201: checking if gcc static flag  works
configure:6224: result: yes
configure:6242: checking if gcc supports -fno-rtti -fno-exceptions
configure:6260: gcc -c -g -O2  -fno-rtti -fno-exceptions conftest.c >&5
cc1: warning: command line option "-fno-rtti" is valid for C++/ObjC++ but not for C
configure:6264: $? = 0
configure:6275: result: no
configure:6290: checking for gcc option to produce PIC
configure:6467: result: -fPIC
configure:6475: checking if gcc PIC flag -fPIC works
configure:6493: gcc -c -g -O2  -fPIC -DPIC conftest.c >&5
configure:6497: $? = 0
configure:6508: result: yes
configure:6532: checking if gcc supports -c -o file.o
configure:6553: gcc -c -g -O2  -o out/conftest2.o conftest.c >&5
configure:6557: $? = 0
configure:6577: result: yes
configure:6603: checking whether the gcc linker (/usr/bin/ld) supports shared libraries
configure:7450: result: yes
configure:7476: checking whether -lc should be explicitly linked in
configure:7481: gcc -c -g -O2  conftest.c >&5
configure:7484: $? = 0
configure:7498: gcc -shared conftest.o  -v -Wl,-soname -Wl,conftest -o conftest 2\>\&1 \| grep  -lc  \>/dev/null 2\>\&1
configure:7501: $? = 0
configure:7513: result: no
configure:7521: checking dynamic linker characteristics
configure:8073: result: GNU/Linux ld.so
configure:8077: checking how to hardcode library paths into programs
configure:8102: result: immediate
configure:8116: checking whether stripping libraries is possible
configure:8121: result: yes
configure:8944: checking if libtool supports shared libraries
configure:8946: result: yes
configure:8949: checking whether to build shared libraries
configure:9007: result: yes
configure:9010: checking whether to build static libraries
configure:9014: result: yes
configure:9106: creating libtool
configure:9653: checking for ld used by g++
configure:9720: result: /usr/bin/ld
configure:9729: checking if the linker (/usr/bin/ld) is GNU ld
configure:9744: result: yes
configure:9795: checking whether the g++ linker (/usr/bin/ld) supports shared libraries
configure:10621: result: yes
configure:10639: g++ -c -g -O2  conftest.cc >&5
configure:10642: $? = 0
configure:10738: checking for g++ option to produce PIC
configure:10990: result: -fPIC
configure:10998: checking if g++ PIC flag -fPIC works
configure:11016: g++ -c -g -O2  -fPIC -DPIC conftest.cc >&5
configure:11020: $? = 0
configure:11031: result: yes
configure:11055: checking if g++ supports -c -o file.o
configure:11076: g++ -c -g -O2  -o out/conftest2.o conftest.cc >&5
configure:11080: $? = 0
configure:11100: result: yes
configure:11126: checking whether the g++ linker (/usr/bin/ld) supports shared libraries
configure:11154: result: yes
configure:11225: checking dynamic linker characteristics
configure:11777: result: GNU/Linux ld.so
configure:11781: checking how to hardcode library paths into programs
configure:11806: result: immediate
configure:11820: checking whether stripping libraries is possible
configure:11825: result: yes
configure:19069: checking whether byte ordering is bigendian
configure:19096: gcc -c -g -O2  conftest.c >&5
configure:19102: $? = 0
configure:19105: test -z 			 || test ! -s conftest.err
configure:19108: $? = 0
configure:19111: test -s conftest.o
configure:19114: $? = 0
configure:19138: gcc -c -g -O2  conftest.c >&5
conftest.c: In function 'main':
conftest.c:30: error: 'not' undeclared (first use in this function)
conftest.c:30: error: (Each undeclared identifier is reported only once
conftest.c:30: error: for each function it appears in.)
conftest.c:30: error: expected ';' before 'big'
configure:19144: $? = 1
configure: failed program was:
| /* confdefs.h.  */
| 
| #define PACKAGE_NAME ""
| #define PACKAGE_TARNAME ""
| #define PACKAGE_VERSION ""
| #define PACKAGE_STRING ""
| #define PACKAGE_BUGREPORT ""
| #define STDC_HEADERS 1
| #define HAVE_SYS_TYPES_H 1
| #define HAVE_SYS_STAT_H 1
| #define HAVE_STDLIB_H 1
| #define HAVE_STRING_H 1
| #define HAVE_MEMORY_H 1
| #define HAVE_STRINGS_H 1
| #define HAVE_INTTYPES_H 1
| #define HAVE_STDINT_H 1
| #define HAVE_UNISTD_H 1
| #define HAVE_DLFCN_H 1
| #ifdef __cplusplus
| extern "C" void exit (int) throw ();
| #endif
| /* end confdefs.h.  */
| #include <sys/types.h>
| #include <sys/param.h>
| 
| int
| main ()
| {
| #if BYTE_ORDER != BIG_ENDIAN
|  not big endian
| #endif
| 
|   ;
|   return 0;
| }
configure:19277: result: no
configure:19311: checking sys/soundcard.h usability
configure:19323: gcc -c -g -O2  conftest.c >&5
configure:19329: $? = 0
configure:19332: test -z 			 || test ! -s conftest.err
configure:19335: $? = 0
configure:19338: test -s conftest.o
configure:19341: $? = 0
configure:19351: result: yes
configure:19355: checking sys/soundcard.h presence
configure:19365: gcc -E  conftest.c
configure:19371: $? = 0
configure:19391: result: yes
configure:19426: checking for sys/soundcard.h
configure:19433: result: yes
configure:19311: checking sys/audioio.h usability
configure:19323: gcc -c -g -O2  conftest.c >&5
conftest.c:58:25: error: sys/audioio.h: No such file or directory
configure:19329: $? = 1
configure: failed program was:
| /* confdefs.h.  */
| 
| #define PACKAGE_NAME ""
| #define PACKAGE_TARNAME ""
| #define PACKAGE_VERSION ""
| #define PACKAGE_STRING ""
| #define PACKAGE_BUGREPORT ""
| #define STDC_HEADERS 1
| #define HAVE_SYS_TYPES_H 1
| #define HAVE_SYS_STAT_H 1
| #define HAVE_STDLIB_H 1
| #define HAVE_STRING_H 1
| #define HAVE_MEMORY_H 1
| #define HAVE_STRINGS_H 1
| #define HAVE_INTTYPES_H 1
| #define HAVE_STDINT_H 1
| #define HAVE_UNISTD_H 1
| #define HAVE_DLFCN_H 1
| #ifdef __cplusplus
| extern "C" void exit (int) throw ();
| #endif
| #define HAVE_SYS_SOUNDCARD_H 1
| /* end confdefs.h.  */
| #include <stdio.h>
| #if HAVE_SYS_TYPES_H
| # include <sys/types.h>
| #endif
| #if HAVE_SYS_STAT_H
| # include <sys/stat.h>
| #endif
| #if STDC_HEADERS
| # include <stdlib.h>
| # include <stddef.h>
| #else
| # if HAVE_STDLIB_H
| #  include <stdlib.h>
| # endif
| #endif
| #if HAVE_STRING_H
| # if !STDC_HEADERS && HAVE_MEMORY_H
| #  include <memory.h>
| # endif
| # include <string.h>
| #endif
| #if HAVE_STRINGS_H
| # include <strings.h>
| #endif
| #if HAVE_INTTYPES_H
| # include <inttypes.h>
| #else
| # if HAVE_STDINT_H
| #  include <stdint.h>
| # endif
| #endif
| #if HAVE_UNISTD_H
| # include <unistd.h>
| #endif
| #include <sys/audioio.h>
configure:19351: result: no
configure:19355: checking sys/audioio.h presence
configure:19365: gcc -E  conftest.c
conftest.c:24:25: error: sys/audioio.h: No such file or directory
configure:19371: $? = 1
configure: failed program was:
| /* confdefs.h.  */
| 
| #define PACKAGE_NAME ""
| #define PACKAGE_TARNAME ""
| #define PACKAGE_VERSION ""
| #define PACKAGE_STRING ""
| #define PACKAGE_BUGREPORT ""
| #define STDC_HEADERS 1
| #define HAVE_SYS_TYPES_H 1
| #define HAVE_SYS_STAT_H 1
| #define HAVE_STDLIB_H 1
| #define HAVE_STRING_H 1
| #define HAVE_MEMORY_H 1
| #define HAVE_STRINGS_H 1
| #define HAVE_INTTYPES_H 1
| #define HAVE_STDINT_H 1
| #define HAVE_UNISTD_H 1
| #define HAVE_DLFCN_H 1
| #ifdef __cplusplus
| extern "C" void exit (int) throw ();
| #endif
| #define HAVE_SYS_SOUNDCARD_H 1
| /* end confdefs.h.  */
| #include <sys/audioio.h>
configure:19391: result: no
configure:19426: checking for sys/audioio.h
configure:19433: result: no
configure:19465: checking for libogg
tried NONE
tried /usr/lib/ogg/lib
configure:19564: checking for sin in -lm
configure:19594: gcc -o conftest -g -O2   conftest.c -lm   >&5
conftest.c:32: warning: conflicting types for built-in function 'sin'
configure:19600: $? = 0
configure:19603: test -z 			 || test ! -s conftest.err
configure:19606: $? = 0
configure:19609: test -s conftest
configure:19612: $? = 0
configure:19625: result: yes
configure:19637: checking for getopt_long in -lgnugetopt
configure:19667: gcc -o conftest -g -O2   conftest.c -lgnugetopt  -lm  >&5
/usr/bin/ld: cannot find -lgnugetopt
collect2: ld returned 1 exit status
configure:19673: $? = 1
configure: failed program was:
| /* confdefs.h.  */
| 
| #define PACKAGE_NAME ""
| #define PACKAGE_TARNAME ""
| #define PACKAGE_VERSION ""
| #define PACKAGE_STRING ""
| #define PACKAGE_BUGREPORT ""
| #define STDC_HEADERS 1
| #define HAVE_SYS_TYPES_H 1
| #define HAVE_SYS_STAT_H 1
| #define HAVE_STDLIB_H 1
| #define HAVE_STRING_H 1
| #define HAVE_MEMORY_H 1
| #define HAVE_STRINGS_H 1
| #define HAVE_INTTYPES_H 1
| #define HAVE_STDINT_H 1
| #define HAVE_UNISTD_H 1
| #define HAVE_DLFCN_H 1
| #ifdef __cplusplus
| extern "C" void exit (int) throw ();
| #endif
| #define HAVE_SYS_SOUNDCARD_H 1
| #define HAVE_LIBOGG 1
| #define HAVE_LIBM 1
| /* end confdefs.h.  */
| 
| /* Override any gcc2 internal prototype to avoid an error.  */
| #ifdef __cplusplus
| extern "C"
| #endif
| /* We use char because int might match the return type of a gcc2
|    builtin and then its argument prototype would still apply.  */
| char getopt_long ();
| int
| main ()
| {
| getopt_long ();
|   ;
|   return 0;
| }
configure:19698: result: no
configure:19897: creating ./config.status

## ---------------------- ##
## Running config.status. ##
## ---------------------- ##

This file was extended by config.status, which was
generated by GNU Autoconf 2.59.  Invocation command line was

  CONFIG_FILES    = 
  CONFIG_HEADERS  = 
  CONFIG_LINKS    = 
  CONFIG_COMMANDS = 
  $ ./config.status 

on inx-laptop1-linux

config.status:765: creating Makefile
config.status:765: creating libspeex/Makefile
config.status:765: creating src/Makefile
config.status:765: creating doc/Makefile
config.status:765: creating Speex.spec
config.status:765: creating include/Makefile
config.status:765: creating include/speex/Makefile
config.status:765: creating speex.pc
config.status:765: creating win32/Makefile
config.status:765: creating win32/libspeex/Makefile
config.status:765: creating win32/speexenc/Makefile
config.status:765: creating win32/speexdec/Makefile
config.status:910: executing depfiles commands

## ---------------- ##
## Cache variables. ##
## ---------------- ##

ac_cv_build=i686-pc-linux-gnu
ac_cv_build_alias=i686-pc-linux-gnu
ac_cv_c_bigendian=no
ac_cv_c_compiler_gnu=yes
ac_cv_cxx_compiler_gnu=yes
ac_cv_env_CC_set=
ac_cv_env_CC_value=
ac_cv_env_CFLAGS_set=
ac_cv_env_CFLAGS_value=
ac_cv_env_CPPFLAGS_set=
ac_cv_env_CPPFLAGS_value=
ac_cv_env_CPP_set=
ac_cv_env_CPP_value=
ac_cv_env_CXXCPP_set=
ac_cv_env_CXXCPP_value=
ac_cv_env_CXXFLAGS_set=
ac_cv_env_CXXFLAGS_value=
ac_cv_env_CXX_set=
ac_cv_env_CXX_value=
ac_cv_env_F77_set=
ac_cv_env_F77_value=
ac_cv_env_FFLAGS_set=
ac_cv_env_FFLAGS_value=
ac_cv_env_LDFLAGS_set=
ac_cv_env_LDFLAGS_value=
ac_cv_env_build_alias_set=
ac_cv_env_build_alias_value=
ac_cv_env_host_alias_set=
ac_cv_env_host_alias_value=
ac_cv_env_target_alias_set=
ac_cv_env_target_alias_value=
ac_cv_exeext=
ac_cv_f77_compiler_gnu=no
ac_cv_header_dlfcn_h=yes
ac_cv_header_inttypes_h=yes
ac_cv_header_memory_h=yes
ac_cv_header_stdc=yes
ac_cv_header_stdint_h=yes
ac_cv_header_stdlib_h=yes
ac_cv_header_string_h=yes
ac_cv_header_strings_h=yes
ac_cv_header_sys_audioio_h=no
ac_cv_header_sys_soundcard_h=yes
ac_cv_header_sys_stat_h=yes
ac_cv_header_sys_types_h=yes
ac_cv_header_unistd_h=yes
ac_cv_host=i686-pc-linux-gnu
ac_cv_host_alias=i686-pc-linux-gnu
ac_cv_lib_gnugetopt_getopt_long=no
ac_cv_lib_m_sin=yes
ac_cv_objext=o
ac_cv_path_install='/usr/bin/install -c'
ac_cv_prog_AWK=mawk
ac_cv_prog_CPP='gcc -E'
ac_cv_prog_CXXCPP='g++ -E'
ac_cv_prog_ac_ct_AR=ar
ac_cv_prog_ac_ct_CC=gcc
ac_cv_prog_ac_ct_CXX=g++
ac_cv_prog_ac_ct_RANLIB=ranlib
ac_cv_prog_ac_ct_STRIP=strip
ac_cv_prog_cc_g=yes
ac_cv_prog_cc_stdc=
ac_cv_prog_cxx_g=yes
ac_cv_prog_egrep='grep -E'
ac_cv_prog_f77_g=no
ac_cv_prog_make_make_set=yes
am_cv_CC_dependencies_compiler_type=gcc3
am_cv_CXX_dependencies_compiler_type=gcc3
lt_cv_deplibs_check_method=pass_all
lt_cv_file_magic_cmd='$MAGIC_CMD'
lt_cv_file_magic_test_file=
lt_cv_ld_reload_flag=-r
lt_cv_objdir=.libs
lt_cv_path_LD=/usr/bin/ld
lt_cv_path_LDCXX=/usr/bin/ld
lt_cv_path_NM='/usr/bin/nm -B'
lt_cv_path_SED=/bin/sed
lt_cv_prog_compiler_c_o=yes
lt_cv_prog_compiler_c_o_CXX=yes
lt_cv_prog_compiler_rtti_exceptions=no
lt_cv_prog_gnu_ld=yes
lt_cv_prog_gnu_ldcxx=yes
lt_cv_sys_global_symbol_pipe='sed -n -e '\''s/^.*[ 	]\([ABCDGIRSTW][ABCDGIRSTW]*\)[ 	][ 	]*\(\)\([_A-Za-z][_A-Za-z0-9]*\)$/\1 \2\3 \3/p'\'''
lt_cv_sys_global_symbol_to_c_name_address='sed -n -e '\''s/^: \([^ ]*\) $/  {\"\1\", (lt_ptr) 0},/p'\'' -e '\''s/^[BCDEGRST] \([^ ]*\) \([^ ]*\)$/  {"\2", (lt_ptr) \&\2},/p'\'''
lt_cv_sys_global_symbol_to_cdecl='sed -n -e '\''s/^. .* \(.*\)$/extern int \1;/p'\'''
lt_cv_sys_max_cmd_len=32768
lt_lt_cv_prog_compiler_c_o='"yes"'
lt_lt_cv_prog_compiler_c_o_CXX='"yes"'
lt_lt_cv_sys_global_symbol_pipe='"sed -n -e '\''s/^.*[ 	]\\([ABCDGIRSTW][ABCDGIRSTW]*\\)[ 	][ 	]*\\(\\)\\([_A-Za-z][_A-Za-z0-9]*\\)\$/\\1 \\2\\3 \\3/p'\''"'
lt_lt_cv_sys_global_symbol_to_c_name_address='"sed -n -e '\''s/^: \\([^ ]*\\) \$/  {\\\"\\1\\\", (lt_ptr) 0},/p'\'' -e '\''s/^[BCDEGRST] \\([^ ]*\\) \\([^ ]*\\)\$/  {\"\\2\", (lt_ptr) \\&\\2},/p'\''"'
lt_lt_cv_sys_global_symbol_to_cdecl='"sed -n -e '\''s/^. .* \\(.*\\)\$/extern int \\1;/p'\''"'

## ----------------- ##
## Output variables. ##
## ----------------- ##

ACLOCAL='${SHELL} /home/data/pdrezet/workspace/VLC/trunk/Dependencies/speex-1.0.5/missing --run aclocal-1.8'
AMDEPBACKSLASH='\'
AMDEP_FALSE='#'
AMDEP_TRUE=''
AMTAR='${SHELL} /home/data/pdrezet/workspace/VLC/trunk/Dependencies/speex-1.0.5/missing --run tar'
AR='ar'
AUTOCONF='${SHELL} /home/data/pdrezet/workspace/VLC/trunk/Dependencies/speex-1.0.5/missing --run autoconf'
AUTOHEADER='${SHELL} /home/data/pdrezet/workspace/VLC/trunk/Dependencies/speex-1.0.5/missing --run autoheader'
AUTOMAKE='${SHELL} /home/data/pdrezet/workspace/VLC/trunk/Dependencies/speex-1.0.5/missing --run automake-1.8'
AWK='mawk'
CC='gcc'
CCDEPMODE='depmode=gcc3'
CFLAGS='-g -O2'
CPP='gcc -E'
CPPFLAGS=''
CXX='g++'
CXXCPP='g++ -E'
CXXDEPMODE='depmode=gcc3'
CXXFLAGS='-g -O2'
CYGPATH_W='echo'
DEFS='-DPACKAGE_NAME=\"\" -DPACKAGE_TARNAME=\"\" -DPACKAGE_VERSION=\"\" -DPACKAGE_STRING=\"\" -DPACKAGE_BUGREPORT=\"\" -DSTDC_HEADERS=1 -DHAVE_SYS_TYPES_H=1 -DHAVE_SYS_STAT_H=1 -DHAVE_STDLIB_H=1 -DHAVE_STRING_H=1 -DHAVE_MEMORY_H=1 -DHAVE_STRINGS_H=1 -DHAVE_INTTYPES_H=1 -DHAVE_STDINT_H=1 -DHAVE_UNISTD_H=1 -DHAVE_DLFCN_H=1 -DHAVE_SYS_SOUNDCARD_H=1 -DHAVE_LIBOGG=1 -DHAVE_LIBM=1 -DSPEEX_VERSION=\"1.0.5\" -DSPEEX_MAJOR_VERSION=1 -DSPEEX_MINOR_VERSION=0 -DSPEEX_MICRO_VERSION=5 -DSPEEX_EXTRA_VERSION=\"\" '
DEPDIR='.deps'
ECHO='echo'
ECHO_C=''
ECHO_N='-n'
ECHO_T=''
EGREP='grep -E'
EXEEXT=''
F77=''
FFLAGS=''
INSTALL_DATA='${INSTALL} -m 644'
INSTALL_PROGRAM='${INSTALL}'
INSTALL_SCRIPT='${INSTALL}'
INSTALL_STRIP_PROGRAM='${SHELL} $(install_sh) -c -s'
LDFLAGS=''
LIBOBJS=''
LIBS='-lm '
LIBTOOL='$(SHELL) $(top_builddir)/libtool'
LN_S='ln -s'
LTLIBOBJS=''
MAINT='#'
MAINTAINER_MODE_FALSE=''
MAINTAINER_MODE_TRUE='#'
MAKEINFO='${SHELL} /home/data/pdrezet/workspace/VLC/trunk/Dependencies/speex-1.0.5/missing --run makeinfo'
OBJEXT='o'
OGG_INCLUDES='-I/usr/include'
OGG_LDFLAGS='-L/usr/lib'
OGG_LIBS='-logg'
PACKAGE='speex'
PACKAGE_BUGREPORT=''
PACKAGE_NAME=''
PACKAGE_STRING=''
PACKAGE_TARNAME=''
PACKAGE_VERSION=''
PATH_SEPARATOR=':'
RANLIB='ranlib'
SET_MAKE=''
SHELL='/bin/sh'
SPEEX_LT_AGE='3'
SPEEX_LT_CURRENT='4'
SPEEX_LT_REVISION='0'
SPEEX_VERSION='1.0.5'
STRIP='strip'
VERSION='1.0.5'
ac_ct_AR='ar'
ac_ct_CC='gcc'
ac_ct_CXX='g++'
ac_ct_F77=''
ac_ct_RANLIB='ranlib'
ac_ct_STRIP='strip'
am__fastdepCC_FALSE='#'
am__fastdepCC_TRUE=''
am__fastdepCXX_FALSE='#'
am__fastdepCXX_TRUE=''
am__include='include'
am__leading_dot='.'
am__quote=''
bindir='${exec_prefix}/bin'
build='i686-pc-linux-gnu'
build_alias=''
build_cpu='i686'
build_os='linux-gnu'
build_vendor='pc'
datadir='${prefix}/share'
exec_prefix='${prefix}'
host='i686-pc-linux-gnu'
host_alias=''
host_cpu='i686'
host_os='linux-gnu'
host_vendor='pc'
includedir='${prefix}/include'
infodir='${prefix}/info'
install_sh='/home/data/pdrezet/workspace/VLC/trunk/Dependencies/speex-1.0.5/install-sh'
libdir='${exec_prefix}/lib'
libexecdir='${exec_prefix}/libexec'
localstatedir='${prefix}/var'
mandir='${prefix}/man'
mkdir_p='mkdir -p -- .'
oldincludedir='/usr/include'
prefix='/usr/local'
program_transform_name='s,x,x,'
sbindir='${exec_prefix}/sbin'
sharedstatedir='${prefix}/com'
src='src'
sysconfdir='${prefix}/etc'
target_alias=''

## ----------- ##
## confdefs.h. ##
## ----------- ##

#define HAVE_DLFCN_H 1
#define HAVE_INTTYPES_H 1
#define HAVE_LIBM 1
#define HAVE_LIBOGG 1
#define HAVE_MEMORY_H 1
#define HAVE_STDINT_H 1
#define HAVE_STDLIB_H 1
#define HAVE_STRINGS_H 1
#define HAVE_STRING_H 1
#define HAVE_SYS_SOUNDCARD_H 1
#define HAVE_SYS_STAT_H 1
#define HAVE_SYS_TYPES_H 1
#define HAVE_UNISTD_H 1
#define PACKAGE_BUGREPORT ""
#define PACKAGE_NAME ""
#define PACKAGE_STRING ""
#define PACKAGE_TARNAME ""
#define PACKAGE_VERSION ""
#define SPEEX_EXTRA_VERSION ""
#define SPEEX_MAJOR_VERSION 1
#define SPEEX_MICRO_VERSION 5
#define SPEEX_MINOR_VERSION 0
#define SPEEX_VERSION "1.0.5"
#define STDC_HEADERS 1
#endif
#ifdef __cplusplus
extern "C" void exit (int) throw ();

configure: exit 0
